\BOOKMARK [0][-]{appendix.A}{\376\377\000P\000r\000o\000m\000p\000t\000\040\000S\000y\000n\000t\000a\000x\000\040\000R\000e\000f\000e\000r\000e\000n\000c\000e}{}% 1
\BOOKMARK [1][-]{section.A.1}{\376\377\000B\000a\000s\000i\000c\000\040\000S\000t\000r\000u\000c\000t\000u\000r\000e}{appendix.A}% 2
\BOOKMARK [2][-]{subsection.A.1.1}{\376\377\000E\000s\000s\000e\000n\000t\000i\000a\000l\000\040\000C\000o\000m\000p\000o\000n\000e\000n\000t\000s}{section.A.1}% 3
\BOOKMARK [1][-]{section.A.2}{\376\377\000S\000u\000b\000j\000e\000c\000t\000\040\000D\000e\000s\000c\000r\000i\000p\000t\000o\000r\000s}{appendix.A}% 4
\BOOKMARK [2][-]{subsection.A.2.1}{\376\377\000C\000h\000a\000r\000a\000c\000t\000e\000r\000\040\000T\000y\000p\000e\000s}{section.A.2}% 5
\BOOKMARK [2][-]{subsection.A.2.2}{\376\377\000O\000b\000j\000e\000c\000t\000s\000\040\000a\000n\000d\000\040\000E\000l\000e\000m\000e\000n\000t\000s}{section.A.2}% 6
\BOOKMARK [1][-]{section.A.3}{\376\377\000A\000c\000t\000i\000o\000n\000\040\000V\000e\000r\000b\000s}{appendix.A}% 7
\BOOKMARK [2][-]{subsection.A.3.1}{\376\377\000M\000o\000v\000e\000m\000e\000n\000t\000\040\000T\000y\000p\000e\000s}{section.A.3}% 8
\BOOKMARK [2][-]{subsection.A.3.2}{\376\377\000T\000e\000m\000p\000o\000r\000a\000l\000\040\000M\000o\000d\000i\000f\000i\000e\000r\000s}{section.A.3}% 9
\BOOKMARK [1][-]{section.A.4}{\376\377\000S\000e\000t\000t\000i\000n\000g\000\040\000a\000n\000d\000\040\000E\000n\000v\000i\000r\000o\000n\000m\000e\000n\000t}{appendix.A}% 10
\BOOKMARK [2][-]{subsection.A.4.1}{\376\377\000L\000o\000c\000a\000t\000i\000o\000n\000s}{section.A.4}% 11
\BOOKMARK [2][-]{subsection.A.4.2}{\376\377\000A\000t\000m\000o\000s\000p\000h\000e\000r\000i\000c\000\040\000C\000o\000n\000d\000i\000t\000i\000o\000n\000s}{section.A.4}% 12
\BOOKMARK [1][-]{section.A.5}{\376\377\000V\000i\000s\000u\000a\000l\000\040\000S\000t\000y\000l\000e\000\040\000K\000e\000y\000w\000o\000r\000d\000s}{appendix.A}% 13
\BOOKMARK [2][-]{subsection.A.5.1}{\376\377\000C\000i\000n\000e\000m\000a\000t\000i\000c\000\040\000S\000t\000y\000l\000e\000s}{section.A.5}% 14
\BOOKMARK [2][-]{subsection.A.5.2}{\376\377\000C\000o\000l\000o\000r\000\040\000P\000a\000l\000e\000t\000t\000e\000s}{section.A.5}% 15
\BOOKMARK [1][-]{section.A.6}{\376\377\000C\000a\000m\000e\000r\000a\000\040\000M\000o\000v\000e\000m\000e\000n\000t\000s}{appendix.A}% 16
\BOOKMARK [2][-]{subsection.A.6.1}{\376\377\000B\000a\000s\000i\000c\000\040\000M\000o\000v\000e\000m\000e\000n\000t\000s}{section.A.6}% 17
\BOOKMARK [2][-]{subsection.A.6.2}{\376\377\000A\000d\000v\000a\000n\000c\000e\000d\000\040\000M\000o\000v\000e\000m\000e\000n\000t\000s}{section.A.6}% 18
\BOOKMARK [1][-]{section.A.7}{\376\377\000L\000i\000g\000h\000t\000i\000n\000g\000\040\000C\000o\000n\000d\000i\000t\000i\000o\000n\000s}{appendix.A}% 19
\BOOKMARK [2][-]{subsection.A.7.1}{\376\377\000N\000a\000t\000u\000r\000a\000l\000\040\000L\000i\000g\000h\000t\000i\000n\000g}{section.A.7}% 20
\BOOKMARK [2][-]{subsection.A.7.2}{\376\377\000A\000r\000t\000i\000f\000i\000c\000i\000a\000l\000\040\000L\000i\000g\000h\000t\000i\000n\000g}{section.A.7}% 21
\BOOKMARK [1][-]{section.A.8}{\376\377\000T\000e\000c\000h\000n\000i\000c\000a\000l\000\040\000P\000a\000r\000a\000m\000e\000t\000e\000r\000s}{appendix.A}% 22
\BOOKMARK [2][-]{subsection.A.8.1}{\376\377\000D\000u\000r\000a\000t\000i\000o\000n\000\040\000C\000o\000n\000t\000r\000o\000l}{section.A.8}% 23
\BOOKMARK [2][-]{subsection.A.8.2}{\376\377\000Q\000u\000a\000l\000i\000t\000y\000\040\000S\000e\000t\000t\000i\000n\000g\000s}{section.A.8}% 24
