\BOOKMARK [0][-]{chapter.2}{\376\377\000H\000o\000w\000\040\000t\000o\000\040\000A\000c\000c\000e\000s\000s\000\040\000S\000o\000r\000a\000\040\0002\000\040\000a\000n\000d\000\040\000V\000e\000o\000\040\0003}{}% 1
\BOOKMARK [1][-]{section.2.1}{\376\377\000W\000h\000a\000t\000\040\000i\000s\000\040\000S\000o\000r\000a\000\040\0002\000:\000\040\000A\000\040\000G\000e\000n\000e\000r\000a\000t\000i\000v\000e\000\040\000R\000e\000v\000o\000l\000u\000t\000i\000o\000n\000\040\000f\000r\000o\000m\000\040\000T\000e\000x\000t\000\040\000t\000o\000\040\000D\000y\000n\000a\000m\000i\000c\000\040\000I\000m\000a\000g\000e\000r\000y}{chapter.2}% 2
\BOOKMARK [2][-]{subsection.2.1.1}{\376\377\000R\000e\000d\000e\000f\000i\000n\000i\000n\000g\000\040\000`\000`\000C\000r\000e\000a\000t\000i\000o\000n\000'\000'}{section.2.1}% 3
\BOOKMARK [2][-]{subsection.2.1.2}{\376\377\000D\000i\000f\000f\000e\000r\000e\000n\000c\000e\000s\000\040\000f\000r\000o\000m\000\040\000S\000o\000r\000a\000\040\0001}{section.2.1}% 4
\BOOKMARK [1][-]{section.2.2}{\376\377\000O\000f\000f\000i\000c\000i\000a\000l\000\040\000A\000c\000c\000e\000s\000s\000\040\000P\000o\000i\000n\000t\000s\000\040\000a\000n\000d\000\040\000P\000l\000a\000t\000f\000o\000r\000m\000\040\000C\000h\000a\000n\000n\000e\000l\000s}{chapter.2}% 5
\BOOKMARK [2][-]{subsection.2.2.1}{\376\377\000D\000e\000t\000a\000i\000l\000e\000d\000\040\000W\000e\000b\000\040\000A\000c\000c\000e\000s\000s\000\040\000P\000r\000o\000c\000e\000s\000s}{section.2.2}% 6
\BOOKMARK [2][-]{subsection.2.2.2}{\376\377\000i\000O\000S\000\040\000V\000e\000r\000s\000i\000o\000n\000\040\000I\000n\000s\000t\000a\000l\000l\000a\000t\000i\000o\000n\000\040\000a\000n\000d\000\040\000U\000s\000a\000g\000e}{section.2.2}% 7
\BOOKMARK [2][-]{subsection.2.2.3}{\376\377\000A\000n\000d\000r\000o\000i\000d\000\040\000V\000e\000r\000s\000i\000o\000n}{section.2.2}% 8
\BOOKMARK [1][-]{section.2.3}{\376\377\000R\000e\000g\000i\000o\000n\000a\000l\000\040\000D\000i\000f\000f\000e\000r\000e\000n\000c\000e\000s\000\040\000a\000n\000d\000\040\000A\000c\000c\000e\000s\000s\000\040\000P\000e\000r\000m\000i\000s\000s\000i\000o\000n\000s}{chapter.2}% 9
\BOOKMARK [1][-]{section.2.4}{\376\377\000R\000e\000g\000i\000s\000t\000r\000a\000t\000i\000o\000n\000\040\000a\000n\000d\000\040\000L\000o\000g\000i\000n\000:\000\040\000F\000r\000o\000m\000\040\000A\000c\000c\000o\000u\000n\000t\000\040\000S\000y\000s\000t\000e\000m\000\040\000t\000o\000\040\000S\000e\000c\000u\000r\000i\000t\000y\000\040\000M\000e\000c\000h\000a\000n\000i\000s\000m\000s}{chapter.2}% 10
\BOOKMARK [2][-]{subsection.2.4.1}{\376\377\000O\000p\000e\000n\000A\000I\000'\000s\000\040\000U\000n\000i\000f\000i\000e\000d\000\040\000A\000c\000c\000o\000u\000n\000t\000\040\000S\000y\000s\000t\000e\000m}{section.2.4}% 11
\BOOKMARK [2][-]{subsection.2.4.2}{\376\377\000I\000n\000v\000i\000t\000a\000t\000i\000o\000n\000\040\000S\000y\000s\000t\000e\000m\000\040\000a\000n\000d\000\040\000Q\000u\000a\000l\000i\000f\000i\000c\000a\000t\000i\000o\000n\000\040\000M\000e\000c\000h\000a\000n\000i\000s\000m}{section.2.4}% 12
\BOOKMARK [2][-]{subsection.2.4.3}{\376\377\000L\000o\000g\000i\000n\000\040\000S\000e\000c\000u\000r\000i\000t\000y\000\040\000a\000n\000d\000\040\000P\000r\000i\000v\000a\000c\000y\000\040\000P\000r\000o\000t\000e\000c\000t\000i\000o\000n}{section.2.4}% 13
\BOOKMARK [1][-]{section.2.5}{\376\377\000I\000n\000i\000t\000i\000a\000l\000\040\000I\000n\000t\000e\000r\000f\000a\000c\000e\000\040\000E\000x\000p\000l\000a\000n\000a\000t\000i\000o\000n\000\040\000a\000n\000d\000\040\000U\000s\000a\000g\000e\000\040\000T\000i\000p\000s}{chapter.2}% 14
\BOOKMARK [2][-]{subsection.2.5.1}{\376\377\000M\000a\000i\000n\000\040\000F\000e\000e\000d\000\040\000I\000n\000t\000e\000r\000f\000a\000c\000e}{section.2.5}% 15
\BOOKMARK [2][-]{subsection.2.5.2}{\376\377\000V\000i\000d\000e\000o\000\040\000C\000r\000e\000a\000t\000i\000o\000n\000\040\000I\000n\000t\000e\000r\000f\000a\000c\000e}{section.2.5}% 16
\BOOKMARK [2][-]{subsection.2.5.3}{\376\377\000A\000c\000t\000i\000v\000i\000t\000y\000\040\000a\000n\000d\000\040\000N\000o\000t\000i\000f\000i\000c\000a\000t\000i\000o\000n\000s\000\040\000P\000a\000n\000e\000l}{section.2.5}% 17
\BOOKMARK [2][-]{subsection.2.5.4}{\376\377\000U\000s\000e\000r\000\040\000P\000r\000o\000f\000i\000l\000e\000\040\000a\000n\000d\000\040\000M\000a\000n\000a\000g\000e\000m\000e\000n\000t}{section.2.5}% 18
\BOOKMARK [2][-]{subsection.2.5.5}{\376\377\000K\000e\000y\000\040\000I\000n\000t\000e\000r\000f\000a\000c\000e\000\040\000D\000e\000s\000i\000g\000n\000\040\000P\000r\000i\000n\000c\000i\000p\000l\000e\000s}{section.2.5}% 19
\BOOKMARK [2][-]{subsection.2.5.6}{\376\377\000P\000r\000a\000c\000t\000i\000c\000a\000l\000\040\000U\000s\000a\000g\000e\000\040\000T\000i\000p\000s}{section.2.5}% 20
\BOOKMARK [1][-]{section.2.6}{\376\377\000N\000e\000t\000w\000o\000r\000k\000\040\000a\000n\000d\000\040\000A\000c\000c\000e\000s\000s\000\040\000O\000p\000t\000i\000m\000i\000z\000a\000t\000i\000o\000n\000\040\000S\000t\000r\000a\000t\000e\000g\000i\000e\000s}{chapter.2}% 21
\BOOKMARK [1][-]{section.2.7}{\376\377\000C\000o\000m\000m\000o\000n\000\040\000I\000s\000s\000u\000e\000s\000\040\000a\000n\000d\000\040\000I\000n\000-\000D\000e\000p\000t\000h\000\040\000S\000o\000l\000u\000t\000i\000o\000n\000s}{chapter.2}% 22
\BOOKMARK [1][-]{section.2.8}{\376\377\000E\000c\000o\000s\000y\000s\000t\000e\000m\000\040\000E\000x\000t\000e\000n\000s\000i\000o\000n\000:\000\040\000F\000r\000o\000m\000\040\000S\000o\000r\000a\000\040\000t\000o\000\040\000t\000h\000e\000\040\000C\000r\000e\000a\000t\000i\000v\000e\000\040\000U\000n\000i\000v\000e\000r\000s\000e}{chapter.2}% 23
\BOOKMARK [1][-]{section.2.9}{\376\377\000C\000o\000n\000c\000l\000u\000s\000i\000o\000n\000:\000\040\000Y\000o\000u\000r\000\040\000S\000t\000a\000r\000t\000i\000n\000g\000\040\000P\000o\000i\000n\000t\000\040\000w\000i\000t\000h\000\040\000S\000o\000r\000a\000\040\0002}{chapter.2}% 24
\BOOKMARK [1][-]{section.2.10}{\376\377\000H\000o\000w\000\040\000t\000o\000\040\000A\000c\000c\000e\000s\000s\000\040\000G\000o\000o\000g\000l\000e\000\040\000V\000e\000o\000\040\0003}{chapter.2}% 25
\BOOKMARK [2][-]{subsection.2.10.1}{\376\377\000M\000e\000t\000h\000o\000d\000\040\0001\000:\000\040\000D\000i\000r\000e\000c\000t\000\040\000A\000c\000c\000e\000s\000s\000\040\000v\000i\000a\000\040\000G\000o\000o\000g\000l\000e\000\040\000G\000e\000m\000i\000n\000i}{section.2.10}% 26
\BOOKMARK [2][-]{subsection.2.10.2}{\376\377\000M\000e\000t\000h\000o\000d\000\040\0002\000:\000\040\000P\000r\000o\000f\000e\000s\000s\000i\000o\000n\000a\000l\000\040\000A\000c\000c\000e\000s\000s\000\040\000v\000i\000a\000\040\000G\000o\000o\000g\000l\000e\000\040\000F\000l\000o\000w}{section.2.10}% 27
\BOOKMARK [2][-]{subsection.2.10.3}{\376\377\000V\000e\000o\000\040\0003\000\040\000v\000s\000\040\000S\000o\000r\000a\000\040\0002\000:\000\040\000W\000h\000e\000n\000\040\000t\000o\000\040\000U\000s\000e\000\040\000W\000h\000i\000c\000h}{section.2.10}% 28
\BOOKMARK [1][-]{section.2.11}{\376\377\000H\000o\000w\000\040\000t\000o\000\040\000A\000c\000c\000e\000s\000s\000\040\000N\000a\000n\000o\000B\000a\000n\000a\000n\000a\000\040\000P\000r\000o}{chapter.2}% 29
\BOOKMARK [2][-]{subsection.2.11.1}{\376\377\000P\000r\000i\000m\000a\000r\000y\000\040\000A\000c\000c\000e\000s\000s\000:\000\040\000G\000o\000o\000g\000l\000e\000\040\000G\000e\000m\000i\000n\000i\000\040\000A\000d\000v\000a\000n\000c\000e\000d}{section.2.11}% 30
\BOOKMARK [2][-]{subsection.2.11.2}{\376\377\000K\000e\000y\000\040\000C\000a\000p\000a\000b\000i\000l\000i\000t\000i\000e\000s}{section.2.11}% 31
