\BOOKMARK [0][-]{chapter.5}{\376\377\000T\000i\000m\000e\000\040\000T\000r\000a\000v\000e\000l\000\040\000S\000e\000l\000f\000i\000e\000:\000\040\000I\000n\000s\000e\000r\000t\000i\000n\000g\000\040\000Y\000o\000u\000r\000s\000e\000l\000f\000\040\000i\000n\000t\000o\000\040\000C\000i\000n\000e\000m\000a\000t\000i\000c\000\040\000W\000o\000r\000l\000d\000s}{}% 1
\BOOKMARK [1][-]{section.5.1}{\376\377\000U\000n\000d\000e\000r\000s\000t\000a\000n\000d\000i\000n\000g\000\040\000t\000h\000e\000\040\000T\000i\000m\000e\000\040\000T\000r\000a\000v\000e\000l\000\040\000S\000e\000l\000f\000i\000e\000\040\000W\000o\000r\000k\000f\000l\000o\000w}{chapter.5}% 2
\BOOKMARK [1][-]{section.5.2}{\376\377\000S\000t\000a\000g\000e\000\040\0001\000:\000\040\000C\000r\000e\000a\000t\000i\000n\000g\000\040\000Y\000o\000u\000r\000\040\000S\000c\000e\000n\000e\000\040\000I\000m\000a\000g\000e\000s\000\040\000w\000i\000t\000h\000\040\000N\000a\000n\000o\000B\000a\000n\000a\000n\000a\000\040\000P\000r\000o}{chapter.5}% 3
\BOOKMARK [2][-]{subsection.5.2.1}{\376\377\000T\000h\000e\000\040\000M\000a\000s\000t\000e\000r\000\040\000P\000r\000o\000m\000p\000t\000\040\000F\000o\000r\000m\000u\000l\000a}{section.5.2}% 4
\BOOKMARK [2][-]{subsection.5.2.2}{\376\377\000P\000r\000e\000p\000a\000r\000i\000n\000g\000\040\000Y\000o\000u\000r\000\040\000R\000e\000f\000e\000r\000e\000n\000c\000e\000\040\000I\000m\000a\000g\000e\000s}{section.5.2}% 5
\BOOKMARK [2][-]{subsection.5.2.3}{\376\377\000S\000c\000e\000n\000e\000\040\000S\000e\000l\000e\000c\000t\000i\000o\000n\000\040\000S\000t\000r\000a\000t\000e\000g\000y}{section.5.2}% 6
\BOOKMARK [1][-]{section.5.3}{\376\377\000S\000t\000a\000g\000e\000\040\0002\000:\000\040\000V\000i\000d\000e\000o\000\040\000S\000y\000n\000t\000h\000e\000s\000i\000s\000\040\000w\000i\000t\000h\000\040\000G\000o\000o\000g\000l\000e\000\040\000F\000l\000o\000w}{chapter.5}% 7
\BOOKMARK [2][-]{subsection.5.3.1}{\376\377\000A\000c\000c\000e\000s\000s\000i\000n\000g\000\040\000G\000o\000o\000g\000l\000e\000\040\000F\000l\000o\000w}{section.5.3}% 8
\BOOKMARK [2][-]{subsection.5.3.2}{\376\377\000U\000p\000l\000o\000a\000d\000\040\000a\000n\000d\000\040\000C\000o\000n\000f\000i\000g\000u\000r\000a\000t\000i\000o\000n}{section.5.3}% 9
\BOOKMARK [2][-]{subsection.5.3.3}{\376\377\000T\000h\000e\000\040\000T\000r\000a\000n\000s\000i\000t\000i\000o\000n\000\040\000P\000r\000o\000m\000p\000t}{section.5.3}% 10
\BOOKMARK [1][-]{section.5.4}{\376\377\000A\000d\000v\000a\000n\000c\000e\000d\000\040\000T\000e\000c\000h\000n\000i\000q\000u\000e\000s\000:\000\040\000M\000u\000l\000t\000i\000-\000S\000c\000e\000n\000e\000\040\000J\000o\000u\000r\000n\000e\000y\000s}{chapter.5}% 11
\BOOKMARK [2][-]{subsection.5.4.1}{\376\377\000P\000l\000a\000n\000n\000i\000n\000g\000\040\000Y\000o\000u\000r\000\040\000J\000o\000u\000r\000n\000e\000y}{section.5.4}% 12
\BOOKMARK [2][-]{subsection.5.4.2}{\376\377\000G\000e\000n\000e\000r\000a\000t\000i\000n\000g\000\040\000I\000n\000t\000e\000r\000m\000e\000d\000i\000a\000t\000e\000\040\000F\000r\000a\000m\000e\000s}{section.5.4}% 13
\BOOKMARK [1][-]{section.5.5}{\376\377\000C\000r\000e\000a\000t\000i\000v\000e\000\040\000A\000p\000p\000l\000i\000c\000a\000t\000i\000o\000n\000s}{chapter.5}% 14
\BOOKMARK [2][-]{subsection.5.5.1}{\376\377\000P\000e\000r\000s\000o\000n\000a\000l\000\040\000S\000t\000o\000r\000y\000t\000e\000l\000l\000i\000n\000g}{section.5.5}% 15
\BOOKMARK [2][-]{subsection.5.5.2}{\376\377\000E\000d\000u\000c\000a\000t\000i\000o\000n\000a\000l\000\040\000C\000o\000n\000t\000e\000n\000t}{section.5.5}% 16
\BOOKMARK [2][-]{subsection.5.5.3}{\376\377\000S\000o\000c\000i\000a\000l\000\040\000M\000e\000d\000i\000a\000\040\000C\000o\000n\000t\000e\000n\000t}{section.5.5}% 17
\BOOKMARK [1][-]{section.5.6}{\376\377\000T\000e\000c\000h\000n\000i\000c\000a\000l\000\040\000T\000i\000p\000s\000\040\000a\000n\000d\000\040\000T\000r\000o\000u\000b\000l\000e\000s\000h\000o\000o\000t\000i\000n\000g}{chapter.5}% 18
\BOOKMARK [2][-]{subsection.5.6.1}{\376\377\000C\000o\000m\000m\000o\000n\000\040\000I\000s\000s\000u\000e\000s\000\040\000a\000n\000d\000\040\000S\000o\000l\000u\000t\000i\000o\000n\000s}{section.5.6}% 19
\BOOKMARK [2][-]{subsection.5.6.2}{\376\377\000O\000p\000t\000i\000m\000i\000z\000a\000t\000i\000o\000n\000\040\000W\000o\000r\000k\000f\000l\000o\000w}{section.5.6}% 20
\BOOKMARK [1][-]{section.5.7}{\376\377\000E\000t\000h\000i\000c\000a\000l\000\040\000C\000o\000n\000s\000i\000d\000e\000r\000a\000t\000i\000o\000n\000s}{chapter.5}% 21
\BOOKMARK [1][-]{section.5.8}{\376\377\000S\000u\000m\000m\000a\000r\000y\000:\000\040\000Y\000o\000u\000r\000\040\000P\000a\000s\000s\000p\000o\000r\000t\000\040\000t\000o\000\040\000C\000i\000n\000e\000m\000a\000\040\000H\000i\000s\000t\000o\000r\000y}{chapter.5}% 22
