\BOOKMARK [0][-]{chapter.10}{\376\377\000P\000u\000b\000l\000i\000s\000h\000i\000n\000g\000,\000\040\000E\000t\000h\000i\000c\000s\000,\000\040\000a\000n\000d\000\040\000t\000h\000e\000\040\000F\000u\000t\000u\000r\000e\000\040\000o\000f\000\040\000A\000I\000\040\000F\000i\000l\000m\000m\000a\000k\000i\000n\000g}{}% 1
\BOOKMARK [1][-]{section.10.1}{\376\377\000E\000x\000p\000o\000r\000t\000\040\000a\000n\000d\000\040\000T\000e\000c\000h\000n\000i\000c\000a\000l\000\040\000P\000r\000e\000p\000a\000r\000a\000t\000i\000o\000n\000:\000\040\000T\000h\000e\000\040\000L\000a\000s\000t\000\040\000M\000i\000l\000e\000\040\000o\000f\000\040\000D\000e\000l\000i\000v\000e\000r\000y}{chapter.10}% 2
\BOOKMARK [2][-]{subsection.10.1.1}{\376\377\000F\000o\000r\000m\000a\000t\000\040\000a\000n\000d\000\040\000I\000m\000a\000g\000e\000\040\000Q\000u\000a\000l\000i\000t\000y}{section.10.1}% 3
\BOOKMARK [2][-]{subsection.10.1.2}{\376\377\000A\000u\000d\000i\000o\000\040\000a\000n\000d\000\040\000C\000o\000l\000o\000r\000\040\000C\000o\000r\000r\000e\000c\000t\000i\000o\000n}{section.10.1}% 4
\BOOKMARK [2][-]{subsection.10.1.3}{\376\377\000M\000e\000t\000a\000d\000a\000t\000a\000\040\000a\000n\000d\000\040\000D\000i\000g\000i\000t\000a\000l\000\040\000F\000i\000n\000g\000e\000r\000p\000r\000i\000n\000t\000i\000n\000g}{section.10.1}% 5
\BOOKMARK [1][-]{section.10.2}{\376\377\000P\000l\000a\000t\000f\000o\000r\000m\000\040\000S\000t\000r\000a\000t\000e\000g\000y\000:\000\040\000A\000r\000t\000i\000s\000t\000i\000c\000\040\000N\000a\000v\000i\000g\000a\000t\000i\000o\000n\000\040\000i\000n\000\040\000t\000h\000e\000\040\000A\000l\000g\000o\000r\000i\000t\000h\000m\000i\000c\000\040\000W\000o\000r\000l\000d}{chapter.10}% 6
\BOOKMARK [2][-]{subsection.10.2.1}{\376\377\000T\000i\000k\000T\000o\000k\000/\000D\000o\000u\000y\000i\000n}{section.10.2}% 7
\BOOKMARK [2][-]{subsection.10.2.2}{\376\377\000Y\000o\000u\000T\000u\000b\000e\000\040\000S\000h\000o\000r\000t\000s\000\040\000a\000n\000d\000\040\000I\000n\000s\000t\000a\000g\000r\000a\000m\000\040\000R\000e\000e\000l\000s}{section.10.2}% 8
\BOOKMARK [2][-]{subsection.10.2.3}{\376\377\000V\000i\000m\000e\000o\000\040\000a\000n\000d\000\040\000L\000i\000n\000k\000e\000d\000I\000n}{section.10.2}% 9
\BOOKMARK [2][-]{subsection.10.2.4}{\376\377\000C\000h\000i\000n\000e\000s\000e\000\040\000E\000c\000o\000s\000y\000s\000t\000e\000m\000\040\000\050\000B\000i\000l\000i\000b\000i\000l\000i\000,\000\040\000X\000i\000a\000o\000h\000o\000n\000g\000s\000h\000u\000,\000\040\000W\000e\000i\000b\000o\000\051}{section.10.2}% 10
\BOOKMARK [2][-]{subsection.10.2.5}{\376\377\000C\000r\000o\000s\000s\000-\000P\000l\000a\000t\000f\000o\000r\000m\000\040\000S\000t\000r\000a\000t\000e\000g\000y\000\040\000R\000e\000c\000o\000m\000m\000e\000n\000d\000a\000t\000i\000o\000n\000s}{section.10.2}% 11
\BOOKMARK [1][-]{section.10.3}{\376\377\000A\000t\000t\000r\000i\000b\000u\000t\000i\000o\000n\000\040\000a\000n\000d\000\040\000T\000r\000a\000n\000s\000p\000a\000r\000e\000n\000c\000y\000:\000\040\000A\000r\000t\000i\000s\000t\000i\000c\000\040\000I\000n\000t\000e\000g\000r\000i\000t\000y\000\040\000i\000n\000\040\000t\000h\000e\000\040\000A\000I\000\040\000E\000r\000a}{chapter.10}% 12
\BOOKMARK [2][-]{subsection.10.3.1}{\376\377\000S\000t\000a\000n\000d\000a\000r\000d\000i\000z\000e\000d\000\040\000D\000i\000s\000c\000l\000o\000s\000u\000r\000e\000\040\000P\000r\000a\000c\000t\000i\000c\000e\000s}{section.10.3}% 13
\BOOKMARK [2][-]{subsection.10.3.2}{\376\377\000L\000e\000g\000a\000l\000\040\000U\000s\000e\000\040\000o\000f\000\040\000O\000t\000h\000e\000r\000s\000'\000\040\000M\000a\000t\000e\000r\000i\000a\000l\000s}{section.10.3}% 14
\BOOKMARK [2][-]{subsection.10.3.3}{\376\377\000C\000r\000e\000a\000t\000i\000o\000n\000\040\000L\000o\000g\000\040\000S\000y\000s\000t\000e\000m}{section.10.3}% 15
\BOOKMARK [1][-]{section.10.4}{\376\377\000A\000I\000\040\000V\000i\000d\000e\000o\000\040\000G\000e\000n\000e\000r\000a\000t\000i\000o\000n\000\040\000S\000y\000s\000t\000e\000m\000s\000\040\000C\000o\000m\000p\000a\000r\000i\000s\000o\000n}{chapter.10}% 16
\BOOKMARK [1][-]{section.10.5}{\376\377\000A\000I\000\040\000E\000t\000h\000i\000c\000s\000:\000\040\000B\000a\000l\000a\000n\000c\000i\000n\000g\000\040\000`\000`\000I\000n\000n\000o\000v\000a\000t\000i\000o\000n\000'\000'\000\040\000a\000n\000d\000\040\000`\000`\000R\000e\000s\000p\000o\000n\000s\000i\000b\000i\000l\000i\000t\000y\000'\000'}{chapter.10}% 17
\BOOKMARK [2][-]{subsection.10.5.1}{\376\377\000B\000i\000a\000s\000\040\000R\000e\000c\000o\000g\000n\000i\000t\000i\000o\000n}{section.10.5}% 18
\BOOKMARK [2][-]{subsection.10.5.2}{\376\377\000C\000o\000n\000t\000e\000n\000t\000\040\000A\000u\000t\000h\000e\000n\000t\000i\000c\000i\000t\000y}{section.10.5}% 19
\BOOKMARK [2][-]{subsection.10.5.3}{\376\377\000E\000t\000h\000i\000c\000a\000l\000\040\000R\000e\000v\000i\000e\000w\000\040\000M\000e\000c\000h\000a\000n\000i\000s\000m\000s}{section.10.5}% 20
\BOOKMARK [2][-]{subsection.10.5.4}{\376\377\000P\000s\000y\000c\000h\000o\000l\000o\000g\000i\000c\000a\000l\000\040\000I\000m\000p\000a\000c\000t\000\040\000a\000n\000d\000\040\000S\000o\000c\000i\000a\000l\000\040\000R\000e\000s\000p\000o\000n\000s\000i\000b\000i\000l\000i\000t\000y}{section.10.5}% 21
\BOOKMARK [1][-]{section.10.6}{\376\377\000B\000u\000i\000l\000d\000i\000n\000g\000\040\000A\000u\000d\000i\000e\000n\000c\000e\000\040\000a\000n\000d\000\040\000C\000o\000m\000m\000u\000n\000i\000t\000y\000\040\000I\000n\000f\000l\000u\000e\000n\000c\000e}{chapter.10}% 22
\BOOKMARK [2][-]{subsection.10.6.1}{\376\377\000B\000r\000a\000n\000d\000\040\000C\000o\000n\000s\000t\000r\000u\000c\000t\000i\000o\000n}{section.10.6}% 23
\BOOKMARK [2][-]{subsection.10.6.2}{\376\377\000C\000o\000m\000m\000u\000n\000i\000t\000y\000\040\000I\000n\000t\000e\000r\000a\000c\000t\000i\000o\000n}{section.10.6}% 24
\BOOKMARK [2][-]{subsection.10.6.3}{\376\377\000F\000e\000e\000d\000b\000a\000c\000k\000\040\000M\000e\000c\000h\000a\000n\000i\000s\000m\000s}{section.10.6}% 25
\BOOKMARK [1][-]{section.10.7}{\376\377\000C\000o\000m\000m\000e\000r\000c\000i\000a\000l\000i\000z\000a\000t\000i\000o\000n\000\040\000a\000n\000d\000\040\000P\000r\000o\000f\000e\000s\000s\000i\000o\000n\000a\000l\000\040\000T\000r\000a\000n\000s\000i\000t\000i\000o\000n\000:\000\040\000M\000a\000k\000i\000n\000g\000\040\000A\000I\000\040\000A\000r\000t\000\040\000S\000u\000s\000t\000a\000i\000n\000a\000b\000l\000e}{chapter.10}% 26
\BOOKMARK [2][-]{subsection.10.7.1}{\376\377\000R\000e\000v\000e\000n\000u\000e\000\040\000M\000o\000d\000e\000l\000s}{section.10.7}% 27
\BOOKMARK [2][-]{subsection.10.7.2}{\376\377\000P\000r\000i\000c\000i\000n\000g\000\040\000S\000t\000r\000a\000t\000e\000g\000y}{section.10.7}% 28
\BOOKMARK [2][-]{subsection.10.7.3}{\376\377\000C\000o\000p\000y\000r\000i\000g\000h\000t\000\040\000a\000n\000d\000\040\000C\000o\000n\000t\000r\000a\000c\000t\000\040\000A\000w\000a\000r\000e\000n\000e\000s\000s}{section.10.7}% 29
\BOOKMARK [1][-]{section.10.8}{\376\377\000A\000I\000\040\000P\000r\000o\000m\000p\000t\000\040\000D\000i\000r\000e\000c\000t\000o\000r\000:\000\040\000C\000o\000r\000e\000\040\000P\000r\000o\000f\000e\000s\000s\000i\000o\000n\000\040\000o\000f\000\040\000H\000u\000m\000a\000n\000-\000M\000a\000c\000h\000i\000n\000e\000\040\000I\000n\000t\000e\000r\000a\000c\000t\000i\000o\000n}{chapter.10}% 30
\BOOKMARK [2][-]{subsection.10.8.1}{\376\377\000P\000r\000o\000f\000e\000s\000s\000i\000o\000n\000a\000l\000\040\000S\000k\000i\000l\000l\000s}{section.10.8}% 31
\BOOKMARK [2][-]{subsection.10.8.2}{\376\377\000P\000r\000o\000f\000e\000s\000s\000i\000o\000n\000a\000l\000\040\000E\000c\000o\000s\000y\000s\000t\000e\000m}{section.10.8}% 32
\BOOKMARK [1][-]{section.10.9}{\376\377\000A\000I\000\040\000a\000n\000d\000\040\000T\000r\000a\000d\000i\000t\000i\000o\000n\000a\000l\000\040\000C\000i\000n\000e\000m\000a\000'\000s\000\040\000I\000n\000t\000e\000g\000r\000a\000t\000e\000d\000\040\000P\000r\000o\000g\000r\000e\000s\000s}{chapter.10}% 33
\BOOKMARK [2][-]{subsection.10.9.1}{\376\377\000H\000y\000b\000r\000i\000d\000\040\000P\000r\000o\000d\000u\000c\000t\000i\000o\000n\000\040\000W\000o\000r\000k\000f\000l\000o\000w\000\040\000E\000x\000a\000m\000p\000l\000e}{section.10.9}% 34
\BOOKMARK [1][-]{section.10.10}{\376\377\000S\000c\000r\000e\000e\000n\000i\000n\000g\000\040\000a\000n\000d\000\040\000A\000w\000a\000r\000d\000s\000:\000\040\000T\000h\000e\000\040\000G\000l\000o\000b\000a\000l\000\040\000S\000t\000a\000g\000e\000\040\000o\000f\000\040\000A\000I\000\040\000I\000m\000a\000g\000e\000r\000y}{chapter.10}% 35
\BOOKMARK [1][-]{section.10.11}{\376\377\000C\000u\000l\000t\000u\000r\000e\000\040\000a\000n\000d\000\040\000S\000o\000c\000i\000a\000l\000\040\000R\000e\000s\000p\000o\000n\000s\000i\000b\000i\000l\000i\000t\000y\000:\000\040\000M\000a\000k\000i\000n\000g\000\040\000T\000e\000c\000h\000n\000o\000l\000o\000g\000y\000\040\000S\000e\000r\000v\000e\000\040\000t\000h\000e\000\040\000H\000u\000m\000a\000n\000i\000t\000i\000e\000s}{chapter.10}% 36
\BOOKMARK [2][-]{subsection.10.11.1}{\376\377\000C\000u\000l\000t\000u\000r\000a\000l\000\040\000P\000r\000e\000s\000e\000r\000v\000a\000t\000i\000o\000n}{section.10.11}% 37
\BOOKMARK [2][-]{subsection.10.11.2}{\376\377\000S\000o\000c\000i\000a\000l\000\040\000I\000n\000s\000p\000i\000r\000a\000t\000i\000o\000n}{section.10.11}% 38
\BOOKMARK [2][-]{subsection.10.11.3}{\376\377\000P\000u\000b\000l\000i\000c\000\040\000E\000d\000u\000c\000a\000t\000i\000o\000n}{section.10.11}% 39
\BOOKMARK [1][-]{section.10.12}{\376\377\000T\000e\000c\000h\000n\000o\000l\000o\000g\000y\000\040\000T\000r\000e\000n\000d\000s\000\040\000a\000n\000d\000\040\000F\000u\000t\000u\000r\000e\000\040\000V\000i\000s\000i\000o\000n}{chapter.10}% 40
\BOOKMARK [2][-]{subsection.10.12.1}{\376\377\000T\000h\000e\000\040\000M\000a\000t\000h\000e\000m\000a\000t\000i\000c\000a\000l\000\040\000F\000o\000u\000n\000d\000a\000t\000i\000o\000n\000\040\000o\000f\000\040\000A\000I\000\040\000A\000g\000e\000n\000t\000s\000:\000\040\000F\000r\000o\000m\000\040\000A\000l\000c\000h\000e\000m\000y\000\040\000t\000o\000\040\000E\000n\000g\000i\000n\000e\000e\000r\000i\000n\000g}{section.10.12}% 41
\BOOKMARK [1][-]{section.10.13}{\376\377\000C\000o\000n\000c\000l\000u\000s\000i\000o\000n\000:\000\040\000F\000r\000o\000m\000\040\000L\000a\000n\000g\000u\000a\000g\000e\000\040\000t\000o\000\040\000L\000e\000g\000a\000c\000y}{chapter.10}% 42
