\BOOKMARK [0][-]{chapter*.1}{\376\377\000P\000r\000e\000f\000a\000c\000e}{}% 1
\BOOKMARK [0][-]{chapter*.2}{\376\377\000A\000c\000k\000n\000o\000w\000l\000e\000d\000g\000m\000e\000n\000t\000s}{}% 2
\BOOKMARK [0][-]{chapter*.3}{\376\377\000A\000b\000o\000u\000t\000\040\000t\000h\000e\000\040\000A\000u\000t\000h\000o\000r}{}% 3
\BOOKMARK [0][-]{chapter.1}{\376\377\000E\000n\000t\000e\000r\000i\000n\000g\000\040\000A\000I\000\040\000V\000i\000d\000e\000o\000\040\000G\000e\000n\000e\000r\000a\000t\000i\000o\000n\000:\000\040\000T\000h\000e\000\040\000A\000r\000t\000\040\000o\000f\000\040\000T\000u\000r\000n\000i\000n\000g\000\040\000L\000a\000n\000g\000u\000a\000g\000e\000\040\000i\000n\000t\000o\000\040\000L\000i\000g\000h\000t}{}% 4
\BOOKMARK [1][-]{section.1.1}{\376\377\000P\000r\000o\000l\000o\000g\000u\000e\000:\000\040\000W\000h\000e\000n\000\040\000W\000o\000r\000d\000s\000\040\000B\000e\000g\000i\000n\000\040\000t\000o\000\040\000M\000o\000v\000e}{chapter.1}% 5
\BOOKMARK [1][-]{section.1.2}{\376\377\000A\000w\000a\000k\000e\000n\000i\000n\000g\000\040\000o\000f\000\040\000a\000\040\000N\000e\000w\000\040\000M\000e\000d\000i\000u\000m\000:\000\040\000F\000r\000o\000m\000\040\000D\000e\000s\000c\000r\000i\000p\000t\000i\000o\000n\000\040\000t\000o\000\040\000D\000i\000r\000e\000c\000t\000i\000o\000n}{chapter.1}% 6
\BOOKMARK [1][-]{section.1.3}{\376\377\000S\000o\000r\000a\000\040\0002\000'\000s\000\040\000W\000a\000y\000\040\000o\000f\000\040\000T\000h\000i\000n\000k\000i\000n\000g\000:\000\040\000L\000i\000g\000h\000t\000\040\000a\000n\000d\000\040\000R\000h\000y\000t\000h\000m\000\040\000i\000n\000\040\000S\000e\000m\000a\000n\000t\000i\000c\000s}{chapter.1}% 7
\BOOKMARK [1][-]{section.1.4}{\376\377\000T\000h\000e\000\040\000`\000`\000S\000o\000r\000a\000'\000'\000\040\000C\000o\000n\000c\000e\000p\000t\000:\000\040\000A\000c\000c\000e\000s\000s\000i\000b\000i\000l\000i\000t\000y\000\040\000a\000n\000d\000\040\000C\000r\000e\000a\000t\000i\000v\000e\000\040\000F\000r\000e\000e\000d\000o\000m}{chapter.1}% 8
\BOOKMARK [1][-]{section.1.5}{\376\377\000P\000r\000o\000m\000p\000t\000\040\000L\000i\000t\000e\000r\000a\000c\000y\000:\000\040\000C\000u\000l\000t\000i\000v\000a\000t\000i\000n\000g\000\040\000t\000h\000e\000\040\000A\000r\000t\000\040\000f\000r\000o\000m\000\040\000T\000e\000x\000t\000\040\000t\000o\000\040\000S\000h\000o\000t}{chapter.1}% 9
\BOOKMARK [1][-]{section.1.6}{\376\377\000L\000e\000a\000r\000n\000i\000n\000g\000\040\000P\000r\000o\000g\000r\000e\000s\000s\000i\000o\000n\000:\000\040\000F\000r\000o\000m\000\040\000I\000n\000i\000t\000i\000a\000l\000\040\000U\000s\000e\000\040\000t\000o\000\040\000T\000e\000c\000h\000n\000i\000c\000a\000l\000\040\000M\000a\000s\000t\000e\000r\000y}{chapter.1}% 10
\BOOKMARK [1][-]{section.1.7}{\376\377\000T\000e\000m\000p\000o\000r\000a\000l\000\040\000S\000t\000r\000u\000c\000t\000u\000r\000e\000:\000\040\000M\000o\000m\000e\000n\000t\000-\000B\000a\000s\000e\000d\000\040\000N\000a\000r\000r\000a\000t\000i\000v\000e\000\040\000C\000o\000n\000s\000t\000r\000u\000c\000t\000i\000o\000n}{chapter.1}% 11
\BOOKMARK [1][-]{section.1.8}{\376\377\000T\000e\000c\000h\000n\000i\000c\000a\000l\000\040\000F\000o\000u\000n\000d\000a\000t\000i\000o\000n\000:\000\040\000U\000n\000d\000e\000r\000s\000t\000a\000n\000d\000i\000n\000g\000\040\000A\000I\000'\000s\000\040\000C\000r\000e\000a\000t\000i\000v\000e\000\040\000C\000a\000p\000a\000b\000i\000l\000i\000t\000i\000e\000s}{chapter.1}% 12
\BOOKMARK [1][-]{section.1.9}{\376\377\000I\000m\000p\000l\000e\000m\000e\000n\000t\000a\000t\000i\000o\000n\000\040\000F\000r\000a\000m\000e\000w\000o\000r\000k\000:\000\040\000C\000o\000l\000l\000a\000b\000o\000r\000a\000t\000i\000v\000e\000\040\000C\000r\000e\000a\000t\000i\000o\000n\000\040\000w\000i\000t\000h\000\040\000S\000o\000r\000a\000\040\0002}{chapter.1}% 13
\BOOKMARK [0][-]{chapter.2}{\376\377\000H\000o\000w\000\040\000t\000o\000\040\000A\000c\000c\000e\000s\000s\000\040\000S\000o\000r\000a\000\040\0002\000\040\000a\000n\000d\000\040\000V\000e\000o\000\040\0003}{}% 14
\BOOKMARK [1][-]{section.2.1}{\376\377\000W\000h\000a\000t\000\040\000i\000s\000\040\000S\000o\000r\000a\000\040\0002\000:\000\040\000A\000\040\000G\000e\000n\000e\000r\000a\000t\000i\000v\000e\000\040\000R\000e\000v\000o\000l\000u\000t\000i\000o\000n\000\040\000f\000r\000o\000m\000\040\000T\000e\000x\000t\000\040\000t\000o\000\040\000D\000y\000n\000a\000m\000i\000c\000\040\000I\000m\000a\000g\000e\000r\000y}{chapter.2}% 15
\BOOKMARK [2][-]{subsection.2.1.1}{\376\377\000R\000e\000d\000e\000f\000i\000n\000i\000n\000g\000\040\000`\000`\000C\000r\000e\000a\000t\000i\000o\000n\000'\000'}{section.2.1}% 16
\BOOKMARK [2][-]{subsection.2.1.2}{\376\377\000D\000i\000f\000f\000e\000r\000e\000n\000c\000e\000s\000\040\000f\000r\000o\000m\000\040\000S\000o\000r\000a\000\040\0001}{section.2.1}% 17
\BOOKMARK [1][-]{section.2.2}{\376\377\000O\000f\000f\000i\000c\000i\000a\000l\000\040\000A\000c\000c\000e\000s\000s\000\040\000P\000o\000i\000n\000t\000s\000\040\000a\000n\000d\000\040\000P\000l\000a\000t\000f\000o\000r\000m\000\040\000C\000h\000a\000n\000n\000e\000l\000s}{chapter.2}% 18
\BOOKMARK [2][-]{subsection.2.2.1}{\376\377\000D\000e\000t\000a\000i\000l\000e\000d\000\040\000W\000e\000b\000\040\000A\000c\000c\000e\000s\000s\000\040\000P\000r\000o\000c\000e\000s\000s}{section.2.2}% 19
\BOOKMARK [2][-]{subsection.2.2.2}{\376\377\000i\000O\000S\000\040\000V\000e\000r\000s\000i\000o\000n\000\040\000I\000n\000s\000t\000a\000l\000l\000a\000t\000i\000o\000n\000\040\000a\000n\000d\000\040\000U\000s\000a\000g\000e}{section.2.2}% 20
\BOOKMARK [2][-]{subsection.2.2.3}{\376\377\000A\000n\000d\000r\000o\000i\000d\000\040\000V\000e\000r\000s\000i\000o\000n}{section.2.2}% 21
\BOOKMARK [1][-]{section.2.3}{\376\377\000R\000e\000g\000i\000o\000n\000a\000l\000\040\000D\000i\000f\000f\000e\000r\000e\000n\000c\000e\000s\000\040\000a\000n\000d\000\040\000A\000c\000c\000e\000s\000s\000\040\000P\000e\000r\000m\000i\000s\000s\000i\000o\000n\000s}{chapter.2}% 22
\BOOKMARK [1][-]{section.2.4}{\376\377\000R\000e\000g\000i\000s\000t\000r\000a\000t\000i\000o\000n\000\040\000a\000n\000d\000\040\000L\000o\000g\000i\000n\000:\000\040\000F\000r\000o\000m\000\040\000A\000c\000c\000o\000u\000n\000t\000\040\000S\000y\000s\000t\000e\000m\000\040\000t\000o\000\040\000S\000e\000c\000u\000r\000i\000t\000y\000\040\000M\000e\000c\000h\000a\000n\000i\000s\000m\000s}{chapter.2}% 23
\BOOKMARK [2][-]{subsection.2.4.1}{\376\377\000O\000p\000e\000n\000A\000I\000'\000s\000\040\000U\000n\000i\000f\000i\000e\000d\000\040\000A\000c\000c\000o\000u\000n\000t\000\040\000S\000y\000s\000t\000e\000m}{section.2.4}% 24
\BOOKMARK [2][-]{subsection.2.4.2}{\376\377\000I\000n\000v\000i\000t\000a\000t\000i\000o\000n\000\040\000S\000y\000s\000t\000e\000m\000\040\000a\000n\000d\000\040\000Q\000u\000a\000l\000i\000f\000i\000c\000a\000t\000i\000o\000n\000\040\000M\000e\000c\000h\000a\000n\000i\000s\000m}{section.2.4}% 25
\BOOKMARK [2][-]{subsection.2.4.3}{\376\377\000L\000o\000g\000i\000n\000\040\000S\000e\000c\000u\000r\000i\000t\000y\000\040\000a\000n\000d\000\040\000P\000r\000i\000v\000a\000c\000y\000\040\000P\000r\000o\000t\000e\000c\000t\000i\000o\000n}{section.2.4}% 26
\BOOKMARK [1][-]{section.2.5}{\376\377\000I\000n\000i\000t\000i\000a\000l\000\040\000I\000n\000t\000e\000r\000f\000a\000c\000e\000\040\000E\000x\000p\000l\000a\000n\000a\000t\000i\000o\000n\000\040\000a\000n\000d\000\040\000U\000s\000a\000g\000e\000\040\000T\000i\000p\000s}{chapter.2}% 27
\BOOKMARK [2][-]{subsection.2.5.1}{\376\377\000M\000a\000i\000n\000\040\000F\000e\000e\000d\000\040\000I\000n\000t\000e\000r\000f\000a\000c\000e}{section.2.5}% 28
\BOOKMARK [2][-]{subsection.2.5.2}{\376\377\000V\000i\000d\000e\000o\000\040\000C\000r\000e\000a\000t\000i\000o\000n\000\040\000I\000n\000t\000e\000r\000f\000a\000c\000e}{section.2.5}% 29
\BOOKMARK [2][-]{subsection.2.5.3}{\376\377\000A\000c\000t\000i\000v\000i\000t\000y\000\040\000a\000n\000d\000\040\000N\000o\000t\000i\000f\000i\000c\000a\000t\000i\000o\000n\000s\000\040\000P\000a\000n\000e\000l}{section.2.5}% 30
\BOOKMARK [2][-]{subsection.2.5.4}{\376\377\000U\000s\000e\000r\000\040\000P\000r\000o\000f\000i\000l\000e\000\040\000a\000n\000d\000\040\000M\000a\000n\000a\000g\000e\000m\000e\000n\000t}{section.2.5}% 31
\BOOKMARK [2][-]{subsection.2.5.5}{\376\377\000K\000e\000y\000\040\000I\000n\000t\000e\000r\000f\000a\000c\000e\000\040\000D\000e\000s\000i\000g\000n\000\040\000P\000r\000i\000n\000c\000i\000p\000l\000e\000s}{section.2.5}% 32
\BOOKMARK [2][-]{subsection.2.5.6}{\376\377\000P\000r\000a\000c\000t\000i\000c\000a\000l\000\040\000U\000s\000a\000g\000e\000\040\000T\000i\000p\000s}{section.2.5}% 33
\BOOKMARK [1][-]{section.2.6}{\376\377\000N\000e\000t\000w\000o\000r\000k\000\040\000a\000n\000d\000\040\000A\000c\000c\000e\000s\000s\000\040\000O\000p\000t\000i\000m\000i\000z\000a\000t\000i\000o\000n\000\040\000S\000t\000r\000a\000t\000e\000g\000i\000e\000s}{chapter.2}% 34
\BOOKMARK [1][-]{section.2.7}{\376\377\000C\000o\000m\000m\000o\000n\000\040\000I\000s\000s\000u\000e\000s\000\040\000a\000n\000d\000\040\000I\000n\000-\000D\000e\000p\000t\000h\000\040\000S\000o\000l\000u\000t\000i\000o\000n\000s}{chapter.2}% 35
\BOOKMARK [1][-]{section.2.8}{\376\377\000E\000c\000o\000s\000y\000s\000t\000e\000m\000\040\000E\000x\000t\000e\000n\000s\000i\000o\000n\000:\000\040\000F\000r\000o\000m\000\040\000S\000o\000r\000a\000\040\000t\000o\000\040\000t\000h\000e\000\040\000C\000r\000e\000a\000t\000i\000v\000e\000\040\000U\000n\000i\000v\000e\000r\000s\000e}{chapter.2}% 36
\BOOKMARK [1][-]{section.2.9}{\376\377\000C\000o\000n\000c\000l\000u\000s\000i\000o\000n\000:\000\040\000Y\000o\000u\000r\000\040\000S\000t\000a\000r\000t\000i\000n\000g\000\040\000P\000o\000i\000n\000t\000\040\000w\000i\000t\000h\000\040\000S\000o\000r\000a\000\040\0002}{chapter.2}% 37
\BOOKMARK [1][-]{section.2.10}{\376\377\000H\000o\000w\000\040\000t\000o\000\040\000A\000c\000c\000e\000s\000s\000\040\000G\000o\000o\000g\000l\000e\000\040\000V\000e\000o\000\040\0003}{chapter.2}% 38
\BOOKMARK [2][-]{subsection.2.10.1}{\376\377\000M\000e\000t\000h\000o\000d\000\040\0001\000:\000\040\000D\000i\000r\000e\000c\000t\000\040\000A\000c\000c\000e\000s\000s\000\040\000v\000i\000a\000\040\000G\000o\000o\000g\000l\000e\000\040\000G\000e\000m\000i\000n\000i}{section.2.10}% 39
\BOOKMARK [2][-]{subsection.2.10.2}{\376\377\000M\000e\000t\000h\000o\000d\000\040\0002\000:\000\040\000P\000r\000o\000f\000e\000s\000s\000i\000o\000n\000a\000l\000\040\000A\000c\000c\000e\000s\000s\000\040\000v\000i\000a\000\040\000G\000o\000o\000g\000l\000e\000\040\000F\000l\000o\000w}{section.2.10}% 40
\BOOKMARK [2][-]{subsection.2.10.3}{\376\377\000V\000e\000o\000\040\0003\000\040\000v\000s\000\040\000S\000o\000r\000a\000\040\0002\000:\000\040\000W\000h\000e\000n\000\040\000t\000o\000\040\000U\000s\000e\000\040\000W\000h\000i\000c\000h}{section.2.10}% 41
\BOOKMARK [1][-]{section.2.11}{\376\377\000H\000o\000w\000\040\000t\000o\000\040\000A\000c\000c\000e\000s\000s\000\040\000N\000a\000n\000o\000B\000a\000n\000a\000n\000a\000\040\000P\000r\000o}{chapter.2}% 42
\BOOKMARK [2][-]{subsection.2.11.1}{\376\377\000P\000r\000i\000m\000a\000r\000y\000\040\000A\000c\000c\000e\000s\000s\000:\000\040\000G\000o\000o\000g\000l\000e\000\040\000G\000e\000m\000i\000n\000i\000\040\000A\000d\000v\000a\000n\000c\000e\000d}{section.2.11}% 43
\BOOKMARK [2][-]{subsection.2.11.2}{\376\377\000K\000e\000y\000\040\000C\000a\000p\000a\000b\000i\000l\000i\000t\000i\000e\000s}{section.2.11}% 44
\BOOKMARK [0][-]{chapter.3}{\376\377\000W\000r\000i\000t\000i\000n\000g\000\040\000Y\000o\000u\000r\000\040\000F\000i\000r\000s\000t\000\040\000P\000r\000o\000m\000p\000t\000:\000\040\000F\000r\000o\000m\000\040\000T\000e\000x\000t\000\040\000t\000o\000\040\000V\000i\000d\000e\000o}{}% 45
\BOOKMARK [1][-]{section.3.1}{\376\377\000T\000h\000e\000\040\000T\000r\000u\000e\000\040\000M\000e\000a\000n\000i\000n\000g\000\040\000o\000f\000\040\000P\000r\000o\000m\000p\000t\000s\000:\000\040\000F\000r\000o\000m\000\040\000L\000a\000n\000g\000u\000a\000g\000e\000\040\000t\000o\000\040\000S\000h\000o\000t\000s}{chapter.3}% 46
\BOOKMARK [1][-]{section.3.2}{\376\377\000B\000a\000s\000i\000c\000\040\000S\000t\000r\000u\000c\000t\000u\000r\000e\000\040\000o\000f\000\040\000P\000r\000o\000m\000p\000t\000s\000:\000\040\000T\000h\000e\000\040\000F\000o\000u\000r\000-\000S\000t\000e\000p\000\040\000M\000e\000t\000h\000o\000d}{chapter.3}% 47
\BOOKMARK [1][-]{section.3.3}{\376\377\000S\000e\000n\000t\000e\000n\000c\000e\000\040\000P\000a\000t\000t\000e\000r\000n\000s\000\040\000a\000n\000d\000\040\000R\000h\000y\000t\000h\000m\000:\000\040\000E\000d\000i\000t\000i\000n\000g\000\040\000F\000i\000l\000m\000\040\000w\000i\000t\000h\000\040\000T\000e\000x\000t}{chapter.3}% 48
\BOOKMARK [1][-]{section.3.4}{\376\377\000L\000i\000g\000h\000t\000\040\000a\000n\000d\000\040\000C\000o\000l\000o\000r\000:\000\040\000E\000m\000o\000t\000i\000o\000n\000a\000l\000\040\000C\000o\000d\000e\000s\000\040\000o\000f\000\040\000V\000i\000s\000u\000a\000l\000\040\000N\000a\000r\000r\000a\000t\000i\000v\000e}{chapter.3}% 49
\BOOKMARK [1][-]{section.3.5}{\376\377\000C\000i\000n\000e\000m\000a\000t\000o\000g\000r\000a\000p\000h\000i\000c\000\040\000L\000a\000n\000g\000u\000a\000g\000e\000:\000\040\000G\000i\000v\000i\000n\000g\000\040\000I\000m\000a\000g\000e\000s\000\040\000D\000i\000r\000e\000c\000t\000o\000r\000i\000a\000l\000\040\000P\000r\000e\000s\000e\000n\000c\000e}{chapter.3}% 50
\BOOKMARK [1][-]{section.3.6}{\376\377\000W\000r\000i\000t\000i\000n\000g\000\040\000E\000m\000o\000t\000i\000o\000n\000:\000\040\000M\000a\000k\000i\000n\000g\000\040\000I\000m\000a\000g\000e\000s\000\040\000B\000r\000e\000a\000t\000h\000e}{chapter.3}% 51
\BOOKMARK [1][-]{section.3.7}{\376\377\000I\000t\000e\000r\000a\000t\000i\000o\000n\000\040\000a\000n\000d\000\040\000D\000i\000r\000e\000c\000t\000i\000o\000n\000:\000\040\000B\000a\000l\000a\000n\000c\000i\000n\000g\000\040\000R\000e\000f\000i\000n\000e\000m\000e\000n\000t\000\040\000a\000n\000d\000\040\000R\000h\000y\000t\000h\000m}{chapter.3}% 52
\BOOKMARK [1][-]{section.3.8}{\376\377\000F\000r\000o\000m\000\040\000S\000i\000n\000g\000l\000e\000\040\000S\000h\000o\000t\000\040\000t\000o\000\040\000S\000e\000q\000u\000e\000n\000c\000e\000:\000\040\000M\000a\000k\000i\000n\000g\000\040\000T\000e\000x\000t\000\040\000T\000e\000l\000l\000\040\000S\000t\000o\000r\000i\000e\000s}{chapter.3}% 53
\BOOKMARK [1][-]{section.3.9}{\376\377\000P\000r\000a\000c\000t\000i\000c\000e\000:\000\040\000Y\000o\000u\000r\000\040\000F\000i\000r\000s\000t\000\040\000S\000o\000r\000a\000\040\0002\000\040\000P\000r\000o\000m\000p\000t}{chapter.3}% 54
\BOOKMARK [1][-]{section.3.10}{\376\377\000S\000u\000m\000m\000a\000r\000y\000:\000\040\000T\000h\000e\000\040\000C\000i\000n\000e\000m\000a\000t\000i\000c\000\040\000N\000a\000t\000u\000r\000e\000\040\000o\000f\000\040\000T\000e\000x\000t}{chapter.3}% 55
\BOOKMARK [0][-]{chapter.4}{\376\377\000T\000h\000e\000\040\000P\000o\000w\000e\000r\000\040\000o\000f\000\040\000C\000a\000m\000e\000o\000s}{}% 56
\BOOKMARK [1][-]{section.4.1}{\376\377\000W\000h\000a\000t\000\040\000i\000s\000\040\000a\000\040\000`\000`\000C\000a\000m\000e\000o\000'\000'\000:\000\040\000C\000h\000a\000r\000a\000c\000t\000e\000r\000\040\000I\000n\000t\000e\000g\000r\000a\000t\000i\000o\000n\000\040\000a\000n\000d\000\040\000N\000a\000r\000r\000a\000t\000i\000v\000e\000\040\000S\000t\000r\000u\000c\000t\000u\000r\000e}{chapter.4}% 57
\BOOKMARK [1][-]{section.4.2}{\376\377\000T\000h\000e\000\040\000C\000r\000e\000a\000t\000o\000r\000\040\000a\000s\000\040\000S\000u\000b\000j\000e\000c\000t\000:\000\040\000S\000t\000e\000p\000p\000i\000n\000g\000\040\000i\000n\000t\000o\000\040\000Y\000o\000u\000r\000\040\000O\000w\000n\000\040\000F\000i\000l\000m}{chapter.4}% 58
\BOOKMARK [1][-]{section.4.3}{\376\377\000S\000e\000t\000t\000i\000n\000g\000\040\000U\000p\000\040\000Y\000o\000u\000r\000\040\000C\000a\000m\000e\000o\000:\000\040\000A\000\040\000S\000t\000e\000p\000-\000b\000y\000-\000S\000t\000e\000p\000\040\000G\000u\000i\000d\000e}{chapter.4}% 59
\BOOKMARK [2][-]{subsection.4.3.1}{\376\377\000I\000n\000i\000t\000i\000a\000l\000\040\000A\000c\000c\000o\000u\000n\000t\000\040\000S\000e\000t\000u\000p\000\040\000a\000n\000d\000\040\000C\000a\000m\000e\000o\000\040\000C\000r\000e\000a\000t\000i\000o\000n}{section.4.3}% 60
\BOOKMARK [2][-]{subsection.4.3.2}{\376\377\000R\000e\000c\000o\000r\000d\000i\000n\000g\000\040\000R\000e\000q\000u\000i\000r\000e\000m\000e\000n\000t\000s\000\040\000a\000n\000d\000\040\000T\000e\000c\000h\000n\000i\000c\000a\000l\000\040\000S\000p\000e\000c\000i\000f\000i\000c\000a\000t\000i\000o\000n\000s}{section.4.3}% 61
\BOOKMARK [2][-]{subsection.4.3.3}{\376\377\000M\000o\000v\000e\000m\000e\000n\000t\000\040\000P\000a\000t\000t\000e\000r\000n\000s\000\040\000a\000n\000d\000\040\000F\000a\000c\000i\000a\000l\000\040\000E\000x\000p\000r\000e\000s\000s\000i\000o\000n\000\040\000G\000u\000i\000d\000e\000l\000i\000n\000e\000s}{section.4.3}% 62
\BOOKMARK [2][-]{subsection.4.3.4}{\376\377\000V\000o\000i\000c\000e\000\040\000R\000e\000c\000o\000r\000d\000i\000n\000g\000\040\000a\000n\000d\000\040\000A\000u\000d\000i\000o\000\040\000C\000a\000l\000i\000b\000r\000a\000t\000i\000o\000n}{section.4.3}% 63
\BOOKMARK [2][-]{subsection.4.3.5}{\376\377\000Q\000u\000a\000l\000i\000t\000y\000\040\000O\000p\000t\000i\000m\000i\000z\000a\000t\000i\000o\000n\000\040\000a\000n\000d\000\040\000B\000e\000s\000t\000\040\000P\000r\000a\000c\000t\000i\000c\000e\000s}{section.4.3}% 64
\BOOKMARK [1][-]{section.4.4}{\376\377\000M\000a\000n\000a\000g\000i\000n\000g\000\040\000C\000a\000m\000e\000o\000\040\000S\000e\000t\000t\000i\000n\000g\000s\000\040\000a\000n\000d\000\040\000P\000r\000i\000v\000a\000c\000y\000\040\000C\000o\000n\000t\000r\000o\000l\000s}{chapter.4}% 65
\BOOKMARK [2][-]{subsection.4.4.1}{\376\377\000A\000c\000c\000e\000s\000s\000i\000n\000g\000\040\000C\000a\000m\000e\000o\000\040\000S\000e\000t\000t\000i\000n\000g\000s}{section.4.4}% 66
\BOOKMARK [2][-]{subsection.4.4.2}{\376\377\000P\000r\000i\000v\000a\000c\000y\000\040\000a\000n\000d\000\040\000A\000c\000c\000e\000s\000s\000\040\000C\000o\000n\000t\000r\000o\000l\000\040\000O\000p\000t\000i\000o\000n\000s}{section.4.4}% 67
\BOOKMARK [2][-]{subsection.4.4.3}{\376\377\000A\000p\000p\000e\000a\000r\000a\000n\000c\000e\000\040\000a\000n\000d\000\040\000P\000r\000e\000s\000e\000n\000t\000a\000t\000i\000o\000n\000\040\000C\000o\000n\000t\000r\000o\000l\000s}{section.4.4}% 68
\BOOKMARK [2][-]{subsection.4.4.4}{\376\377\000C\000o\000n\000t\000e\000n\000t\000\040\000R\000e\000v\000i\000e\000w\000\040\000a\000n\000d\000\040\000M\000o\000d\000e\000r\000a\000t\000i\000o\000n}{section.4.4}% 69
\BOOKMARK [2][-]{subsection.4.4.5}{\376\377\000U\000p\000d\000a\000t\000i\000n\000g\000\040\000a\000n\000d\000\040\000R\000e\000t\000a\000k\000i\000n\000g\000\040\000Y\000o\000u\000r\000\040\000C\000a\000m\000e\000o}{section.4.4}% 70
\BOOKMARK [2][-]{subsection.4.4.6}{\376\377\000T\000e\000c\000h\000n\000i\000c\000a\000l\000\040\000L\000i\000m\000i\000t\000a\000t\000i\000o\000n\000s\000\040\000a\000n\000d\000\040\000C\000o\000n\000s\000i\000d\000e\000r\000a\000t\000i\000o\000n\000s}{section.4.4}% 71
\BOOKMARK [1][-]{section.4.5}{\376\377\000T\000h\000e\000\040\000E\000t\000h\000i\000c\000s\000\040\000o\000f\000\040\000R\000e\000s\000e\000m\000b\000l\000a\000n\000c\000e\000:\000\040\000W\000h\000e\000n\000\040\000A\000I\000\040\000S\000c\000u\000l\000p\000t\000s\000\040\000F\000a\000c\000e\000s}{chapter.4}% 72
\BOOKMARK [1][-]{section.4.6}{\376\377\000D\000i\000r\000e\000c\000t\000i\000n\000g\000\040\000P\000e\000r\000f\000o\000r\000m\000a\000n\000c\000e\000\040\000w\000i\000t\000h\000\040\000W\000o\000r\000d\000s\000:\000\040\000T\000h\000e\000\040\000D\000i\000r\000e\000c\000t\000o\000r\000'\000s\000\040\000L\000i\000n\000g\000u\000i\000s\000t\000i\000c\000\040\000A\000l\000c\000h\000e\000m\000y}{chapter.4}% 73
\BOOKMARK [1][-]{section.4.7}{\376\377\000S\000p\000a\000t\000i\000a\000l\000\040\000D\000r\000a\000m\000a\000:\000\040\000W\000h\000e\000n\000\040\000R\000e\000l\000a\000t\000i\000o\000n\000s\000h\000i\000p\000s\000\040\000B\000e\000c\000o\000m\000e\000\040\000G\000e\000o\000m\000e\000t\000r\000y}{chapter.4}% 74
\BOOKMARK [1][-]{section.4.8}{\376\377\000A\000v\000a\000t\000a\000r\000\040\000a\000n\000d\000\040\000S\000y\000m\000b\000o\000l\000:\000\040\000M\000e\000t\000a\000p\000h\000o\000r\000i\000c\000a\000l\000\040\000C\000h\000a\000r\000a\000c\000t\000e\000r\000\040\000D\000e\000s\000i\000g\000n}{chapter.4}% 75
\BOOKMARK [1][-]{section.4.9}{\376\377\000B\000r\000a\000n\000d\000\040\000C\000a\000m\000e\000o\000s\000:\000\040\000T\000h\000e\000\040\000M\000a\000t\000e\000r\000i\000a\000l\000i\000z\000a\000t\000i\000o\000n\000\040\000o\000f\000\040\000T\000r\000u\000s\000t}{chapter.4}% 76
\BOOKMARK [1][-]{section.4.10}{\376\377\000C\000h\000a\000r\000a\000c\000t\000e\000r\000\040\000C\000o\000n\000t\000i\000n\000u\000i\000t\000y\000:\000\040\000M\000a\000i\000n\000t\000a\000i\000n\000i\000n\000g\000\040\000C\000o\000n\000s\000i\000s\000t\000e\000n\000c\000y\000\040\000A\000c\000r\000o\000s\000s\000\040\000S\000h\000o\000t\000s}{chapter.4}% 77
\BOOKMARK [1][-]{section.4.11}{\376\377\000E\000m\000o\000t\000i\000o\000n\000a\000l\000\040\000E\000c\000h\000o\000e\000s\000:\000\040\000W\000h\000e\000n\000\040\000C\000h\000a\000r\000a\000c\000t\000e\000r\000s\000\040\000R\000e\000a\000p\000p\000e\000a\000r}{chapter.4}% 78
\BOOKMARK [1][-]{section.4.12}{\376\377\000C\000o\000n\000c\000l\000u\000s\000i\000o\000n\000:\000\040\000C\000h\000a\000r\000a\000c\000t\000e\000r\000\040\000I\000n\000t\000e\000g\000r\000a\000t\000i\000o\000n\000\040\000a\000s\000\040\000N\000a\000r\000r\000a\000t\000i\000v\000e\000\040\000F\000o\000u\000n\000d\000a\000t\000i\000o\000n}{chapter.4}% 79
\BOOKMARK [1][-]{section.4.13}{\376\377\000P\000r\000a\000c\000t\000i\000c\000a\000l\000\040\000G\000u\000i\000d\000e\000:\000\040\000H\000o\000w\000\040\000t\000o\000\040\000D\000i\000r\000e\000c\000t\000\040\000C\000a\000m\000e\000o\000s\000\040\000i\000n\000\040\000S\000o\000r\000a\000\040\0002}{chapter.4}% 80
\BOOKMARK [2][-]{subsection.4.13.1}{\376\377\000S\000t\000e\000p\000-\000b\000y\000-\000S\000t\000e\000p\000\040\000C\000a\000m\000e\000o\000\040\000I\000m\000p\000l\000e\000m\000e\000n\000t\000a\000t\000i\000o\000n}{section.4.13}% 81
\BOOKMARK [0][-]{chapter.5}{\376\377\000T\000i\000m\000e\000\040\000T\000r\000a\000v\000e\000l\000\040\000S\000e\000l\000f\000i\000e}{}% 82
\BOOKMARK [1][-]{section.5.1}{\376\377\000T\000h\000e\000\040\000D\000i\000s\000c\000o\000v\000e\000r\000y\000:\000\040\000D\000e\000c\000o\000d\000i\000n\000g\000\040\000a\000\040\000V\000i\000r\000a\000l\000\040\000M\000y\000s\000t\000e\000r\000y}{chapter.5}% 83
\BOOKMARK [2][-]{subsection.5.1.1}{\376\377\000O\000b\000s\000e\000r\000v\000a\000t\000i\000o\000n\000:\000\040\000A\000\040\000V\000i\000r\000a\000l\000\040\000M\000y\000s\000t\000e\000r\000y}{section.5.1}% 84
\BOOKMARK [2][-]{subsection.5.1.2}{\376\377\000H\000y\000p\000o\000t\000h\000e\000s\000i\000s\000:\000\040\000T\000h\000e\000\040\000A\000n\000c\000h\000o\000r\000\040\000P\000o\000i\000n\000t\000\040\000T\000h\000e\000o\000r\000y}{section.5.1}% 85
\BOOKMARK [2][-]{subsection.5.1.3}{\376\377\000E\000x\000p\000e\000r\000i\000m\000e\000n\000t\000:\000\040\000T\000e\000s\000t\000i\000n\000g\000\040\000t\000h\000e\000\040\000T\000o\000o\000l\000s}{section.5.1}% 86
\BOOKMARK [2][-]{subsection.5.1.4}{\376\377\000O\000p\000t\000i\000m\000i\000z\000a\000t\000i\000o\000n\000:\000\040\000T\000h\000e\000\040\000S\000t\000u\000d\000i\000o\000\040\000D\000o\000o\000r\000\040\000S\000o\000l\000u\000t\000i\000o\000n}{section.5.1}% 87
\BOOKMARK [2][-]{subsection.5.1.5}{\376\377\000T\000h\000e\000\040\000C\000o\000m\000p\000l\000e\000t\000e\000\040\000D\000i\000s\000c\000o\000v\000e\000r\000y\000\040\000F\000r\000a\000m\000e\000w\000o\000r\000k}{section.5.1}% 88
\BOOKMARK [1][-]{section.5.2}{\376\377\000F\000r\000o\000m\000\040\000T\000h\000e\000o\000r\000y\000\040\000t\000o\000\040\000P\000r\000a\000c\000t\000i\000c\000e\000:\000\040\000T\000h\000e\000\040\000C\000o\000m\000p\000l\000e\000t\000e\000\040\000W\000o\000r\000k\000f\000l\000o\000w}{chapter.5}% 89
\BOOKMARK [1][-]{section.5.3}{\376\377\000U\000n\000d\000e\000r\000s\000t\000a\000n\000d\000i\000n\000g\000\040\000t\000h\000e\000\040\000T\000i\000m\000e\000\040\000T\000r\000a\000v\000e\000l\000\040\000S\000e\000l\000f\000i\000e\000\040\000W\000o\000r\000k\000f\000l\000o\000w}{chapter.5}% 90
\BOOKMARK [1][-]{section.5.4}{\376\377\000S\000t\000a\000g\000e\000\040\0001\000:\000\040\000C\000r\000e\000a\000t\000i\000n\000g\000\040\000Y\000o\000u\000r\000\040\000S\000c\000e\000n\000e\000\040\000I\000m\000a\000g\000e\000s\000\040\000w\000i\000t\000h\000\040\000N\000a\000n\000o\000B\000a\000n\000a\000n\000a\000\040\000P\000r\000o}{chapter.5}% 91
\BOOKMARK [2][-]{subsection.5.4.1}{\376\377\000T\000h\000e\000\040\000M\000a\000s\000t\000e\000r\000\040\000P\000r\000o\000m\000p\000t\000\040\000F\000o\000r\000m\000u\000l\000a}{section.5.4}% 92
\BOOKMARK [2][-]{subsection.5.4.2}{\376\377\000P\000r\000e\000p\000a\000r\000i\000n\000g\000\040\000Y\000o\000u\000r\000\040\000R\000e\000f\000e\000r\000e\000n\000c\000e\000\040\000I\000m\000a\000g\000e\000s}{section.5.4}% 93
\BOOKMARK [2][-]{subsection.5.4.3}{\376\377\000S\000c\000e\000n\000e\000\040\000S\000e\000l\000e\000c\000t\000i\000o\000n\000\040\000S\000t\000r\000a\000t\000e\000g\000y}{section.5.4}% 94
\BOOKMARK [1][-]{section.5.5}{\376\377\000S\000t\000a\000g\000e\000\040\0002\000:\000\040\000V\000i\000d\000e\000o\000\040\000S\000y\000n\000t\000h\000e\000s\000i\000s\000\040\000w\000i\000t\000h\000\040\000G\000o\000o\000g\000l\000e\000\040\000F\000l\000o\000w}{chapter.5}% 95
\BOOKMARK [2][-]{subsection.5.5.1}{\376\377\000A\000c\000c\000e\000s\000s\000i\000n\000g\000\040\000G\000o\000o\000g\000l\000e\000\040\000F\000l\000o\000w}{section.5.5}% 96
\BOOKMARK [2][-]{subsection.5.5.2}{\376\377\000U\000p\000l\000o\000a\000d\000\040\000a\000n\000d\000\040\000C\000o\000n\000f\000i\000g\000u\000r\000a\000t\000i\000o\000n}{section.5.5}% 97
\BOOKMARK [2][-]{subsection.5.5.3}{\376\377\000T\000h\000e\000\040\000T\000r\000a\000n\000s\000i\000t\000i\000o\000n\000\040\000P\000r\000o\000m\000p\000t}{section.5.5}% 98
\BOOKMARK [1][-]{section.5.6}{\376\377\000A\000d\000v\000a\000n\000c\000e\000d\000\040\000T\000e\000c\000h\000n\000i\000q\000u\000e\000s\000:\000\040\000M\000u\000l\000t\000i\000-\000S\000c\000e\000n\000e\000\040\000J\000o\000u\000r\000n\000e\000y\000s}{chapter.5}% 99
\BOOKMARK [2][-]{subsection.5.6.1}{\376\377\000P\000l\000a\000n\000n\000i\000n\000g\000\040\000Y\000o\000u\000r\000\040\000J\000o\000u\000r\000n\000e\000y}{section.5.6}% 100
\BOOKMARK [2][-]{subsection.5.6.2}{\376\377\000G\000e\000n\000e\000r\000a\000t\000i\000n\000g\000\040\000I\000n\000t\000e\000r\000m\000e\000d\000i\000a\000t\000e\000\040\000F\000r\000a\000m\000e\000s}{section.5.6}% 101
\BOOKMARK [1][-]{section.5.7}{\376\377\000A\000d\000v\000a\000n\000c\000e\000d\000\040\000T\000e\000c\000h\000n\000i\000q\000u\000e\000:\000\040\000T\000h\000e\000\040\000B\000e\000h\000i\000n\000d\000-\000t\000h\000e\000-\000S\000c\000e\000n\000e\000s\000\040\000P\000h\000o\000t\000o}{chapter.5}% 102
\BOOKMARK [2][-]{subsection.5.7.1}{\376\377\000T\000h\000e\000\040\000K\000e\000y\000\040\000I\000n\000s\000i\000g\000h\000t\000:\000\040\000M\000i\000x\000i\000n\000g\000\040\000T\000w\000o\000\040\000R\000e\000a\000l\000i\000t\000i\000e\000s}{section.5.7}% 103
\BOOKMARK [2][-]{subsection.5.7.2}{\376\377\000T\000h\000e\000\040\000B\000e\000h\000i\000n\000d\000-\000t\000h\000e\000-\000S\000c\000e\000n\000e\000s\000\040\000P\000r\000o\000m\000p\000t\000\040\000A\000r\000c\000h\000i\000t\000e\000c\000t\000u\000r\000e}{section.5.7}% 104
\BOOKMARK [2][-]{subsection.5.7.3}{\376\377\000C\000a\000s\000e\000\040\000S\000t\000u\000d\000y\000\040\0001\000:\000\040\000M\000e\000e\000t\000i\000n\000g\000\040\000t\000h\000e\000\040\000J\000o\000k\000e\000r}{section.5.7}% 105
\BOOKMARK [2][-]{subsection.5.7.4}{\376\377\000C\000a\000s\000e\000\040\000S\000t\000u\000d\000y\000\040\0002\000:\000\040\000O\000n\000\040\000S\000e\000t\000\040\000w\000i\000t\000h\000\040\000L\000\351\000o\000n}{section.5.7}% 106
\BOOKMARK [2][-]{subsection.5.7.5}{\376\377\000W\000h\000y\000\040\000T\000h\000i\000s\000\040\000L\000e\000v\000e\000l\000\040\000o\000f\000\040\000D\000e\000t\000a\000i\000l\000\040\000M\000a\000t\000t\000e\000r\000s}{section.5.7}% 107
\BOOKMARK [2][-]{subsection.5.7.6}{\376\377\000B\000u\000i\000l\000d\000i\000n\000g\000\040\000Y\000o\000u\000r\000\040\000O\000w\000n\000\040\000B\000e\000h\000i\000n\000d\000-\000t\000h\000e\000-\000S\000c\000e\000n\000e\000s\000\040\000P\000r\000o\000m\000p\000t\000s}{section.5.7}% 108
\BOOKMARK [1][-]{section.5.8}{\376\377\000C\000r\000e\000a\000t\000i\000v\000e\000\040\000A\000p\000p\000l\000i\000c\000a\000t\000i\000o\000n\000s}{chapter.5}% 109
\BOOKMARK [2][-]{subsection.5.8.1}{\376\377\000P\000e\000r\000s\000o\000n\000a\000l\000\040\000S\000t\000o\000r\000y\000t\000e\000l\000l\000i\000n\000g}{section.5.8}% 110
\BOOKMARK [2][-]{subsection.5.8.2}{\376\377\000E\000d\000u\000c\000a\000t\000i\000o\000n\000a\000l\000\040\000C\000o\000n\000t\000e\000n\000t}{section.5.8}% 111
\BOOKMARK [2][-]{subsection.5.8.3}{\376\377\000S\000o\000c\000i\000a\000l\000\040\000M\000e\000d\000i\000a\000\040\000C\000o\000n\000t\000e\000n\000t}{section.5.8}% 112
\BOOKMARK [1][-]{section.5.9}{\376\377\000T\000e\000c\000h\000n\000i\000c\000a\000l\000\040\000T\000i\000p\000s\000\040\000a\000n\000d\000\040\000T\000r\000o\000u\000b\000l\000e\000s\000h\000o\000o\000t\000i\000n\000g}{chapter.5}% 113
\BOOKMARK [2][-]{subsection.5.9.1}{\376\377\000C\000o\000m\000m\000o\000n\000\040\000I\000s\000s\000u\000e\000s\000\040\000a\000n\000d\000\040\000S\000o\000l\000u\000t\000i\000o\000n\000s}{section.5.9}% 114
\BOOKMARK [2][-]{subsection.5.9.2}{\376\377\000O\000p\000t\000i\000m\000i\000z\000a\000t\000i\000o\000n\000\040\000W\000o\000r\000k\000f\000l\000o\000w}{section.5.9}% 115
\BOOKMARK [1][-]{section.5.10}{\376\377\000E\000t\000h\000i\000c\000a\000l\000\040\000C\000o\000n\000s\000i\000d\000e\000r\000a\000t\000i\000o\000n\000s}{chapter.5}% 116
\BOOKMARK [1][-]{section.5.11}{\376\377\000S\000u\000m\000m\000a\000r\000y\000:\000\040\000Y\000o\000u\000r\000\040\000P\000a\000s\000s\000p\000o\000r\000t\000\040\000t\000o\000\040\000C\000i\000n\000e\000m\000a\000\040\000H\000i\000s\000t\000o\000r\000y}{chapter.5}% 117
\BOOKMARK [0][-]{chapter.6}{\376\377\000M\000i\000c\000r\000o\000-\000N\000a\000r\000r\000a\000t\000i\000v\000e\000\040\000S\000t\000o\000r\000y\000t\000e\000l\000l\000i\000n\000g\000:\000\040\000D\000e\000s\000i\000g\000n\000i\000n\000g\000\040\000S\000h\000o\000r\000t\000\040\000S\000c\000e\000n\000e\000s}{}% 118
\BOOKMARK [1][-]{section.6.1}{\376\377\000T\000h\000e\000\040\000P\000s\000y\000c\000h\000o\000l\000o\000g\000i\000c\000a\000l\000\040\000F\000o\000u\000n\000d\000a\000t\000i\000o\000n\000\040\000o\000f\000\040\000M\000i\000c\000r\000o\000-\000N\000a\000r\000r\000a\000t\000i\000v\000e}{chapter.6}% 119
\BOOKMARK [1][-]{section.6.2}{\376\377\000T\000h\000e\000\040\000T\000h\000r\000e\000e\000-\000B\000e\000a\000t\000\040\000S\000t\000r\000u\000c\000t\000u\000r\000e\000\040\000E\000x\000t\000e\000n\000d\000e\000d\000:\000\040\000T\000h\000e\000\040\000B\000r\000e\000a\000t\000h\000i\000n\000g\000\040\000S\000y\000s\000t\000e\000m}{chapter.6}% 120
\BOOKMARK [1][-]{section.6.3}{\376\377\000T\000h\000e\000\040\000P\000h\000i\000l\000o\000s\000o\000p\000h\000y\000\040\000o\000f\000\040\000V\000i\000s\000u\000a\000l\000\040\000C\000o\000m\000p\000r\000e\000s\000s\000i\000o\000n\000:\000\040\000V\000i\000s\000u\000a\000l\000\040\000E\000c\000o\000n\000o\000m\000y\000\040\000a\000n\000d\000\040\000H\000i\000g\000h\000-\000I\000m\000p\000a\000c\000t\000\040\000I\000m\000a\000g\000e\000r\000y}{chapter.6}% 121
\BOOKMARK [2][-]{subsection.6.3.1}{\376\377\000I\000m\000b\000u\000i\000n\000g\000\040\000O\000b\000j\000e\000c\000t\000s\000\040\000w\000i\000t\000h\000\040\000E\000m\000o\000t\000i\000o\000n}{section.6.3}% 122
\BOOKMARK [2][-]{subsection.6.3.2}{\376\377\000M\000e\000t\000a\000p\000h\000o\000r\000i\000c\000a\000l\000\040\000L\000o\000g\000i\000c\000\040\000i\000n\000\040\000C\000o\000m\000p\000o\000s\000i\000t\000i\000o\000n}{section.6.3}% 123
\BOOKMARK [2][-]{subsection.6.3.3}{\376\377\000E\000m\000o\000t\000i\000o\000n\000a\000l\000\040\000C\000o\000n\000t\000r\000o\000l\000\040\000T\000h\000r\000o\000u\000g\000h\000\040\000L\000i\000g\000h\000t\000\040\000a\000n\000d\000\040\000C\000o\000l\000o\000r}{section.6.3}% 124
\BOOKMARK [2][-]{subsection.6.3.4}{\376\377\000R\000e\000u\000s\000e\000\040\000o\000f\000\040\000V\000i\000s\000u\000a\000l\000\040\000S\000y\000m\000b\000o\000l\000s}{section.6.3}% 125
\BOOKMARK [1][-]{section.6.4}{\376\377\000S\000c\000u\000l\000p\000t\000i\000n\000g\000\040\000T\000i\000m\000e\000:\000\040\000R\000h\000y\000t\000h\000m\000,\000\040\000P\000a\000u\000s\000e\000,\000\040\000a\000n\000d\000\040\000B\000e\000a\000t}{chapter.6}% 126
\BOOKMARK [1][-]{section.6.5}{\376\377\000T\000h\000e\000\040\000A\000r\000t\000\040\000o\000f\000\040\000I\000n\000v\000i\000s\000i\000b\000l\000e\000\040\000T\000r\000a\000n\000s\000i\000t\000i\000o\000n\000s}{chapter.6}% 127
\BOOKMARK [1][-]{section.6.6}{\376\377\000T\000h\000e\000\040\000A\000r\000t\000\040\000o\000f\000\040\000C\000o\000n\000t\000r\000o\000l\000l\000i\000n\000g\000\040\000T\000e\000n\000s\000i\000o\000n\000\040\000a\000n\000d\000\040\000R\000e\000l\000e\000a\000s\000e}{chapter.6}% 128
\BOOKMARK [1][-]{section.6.7}{\376\377\000V\000i\000s\000u\000a\000l\000\040\000S\000y\000m\000b\000o\000l\000i\000s\000m\000:\000\040\000C\000r\000e\000a\000t\000i\000n\000g\000\040\000E\000m\000o\000t\000i\000o\000n\000a\000l\000\040\000I\000m\000p\000a\000c\000t\000\040\000T\000h\000r\000o\000u\000g\000h\000\040\000I\000m\000a\000g\000e\000r\000y}{chapter.6}% 129
\BOOKMARK [1][-]{section.6.8}{\376\377\000C\000r\000e\000a\000t\000i\000v\000e\000\040\000E\000x\000e\000r\000c\000i\000s\000e\000:\000\040\000C\000o\000m\000p\000l\000e\000t\000e\000\040\000N\000a\000r\000r\000a\000t\000i\000v\000e\000\040\000i\000n\000\040\0008\000\040\000S\000e\000c\000o\000n\000d\000s}{chapter.6}% 130
\BOOKMARK [1][-]{section.6.9}{\376\377\000P\000r\000o\000f\000e\000s\000s\000i\000o\000n\000a\000l\000\040\000A\000p\000p\000l\000i\000c\000a\000t\000i\000o\000n\000s\000:\000\040\000M\000i\000c\000r\000o\000-\000N\000a\000r\000r\000a\000t\000i\000v\000e\000\040\000L\000a\000n\000g\000u\000a\000g\000e\000\040\000i\000n\000\040\000A\000d\000s\000,\000\040\000B\000r\000a\000n\000d\000s\000,\000\040\000a\000n\000d\000\040\000M\000V\000s}{chapter.6}% 131
\BOOKMARK [1][-]{section.6.10}{\376\377\000C\000o\000n\000c\000l\000u\000s\000i\000o\000n\000:\000\040\000M\000a\000s\000t\000e\000r\000i\000n\000g\000\040\000T\000e\000m\000p\000o\000r\000a\000l\000\040\000N\000a\000r\000r\000a\000t\000i\000v\000e\000\040\000T\000e\000c\000h\000n\000i\000q\000u\000e\000s}{chapter.6}% 132
\BOOKMARK [0][-]{chapter.7}{\376\377\000T\000e\000c\000h\000n\000i\000c\000a\000l\000\040\000F\000r\000a\000m\000e\000w\000o\000r\000k\000\040\000o\000f\000\040\000M\000u\000l\000t\000i\000-\000S\000h\000o\000t\000\040\000S\000t\000o\000r\000y\000b\000o\000a\000r\000d\000i\000n\000g}{}% 133
\BOOKMARK [1][-]{section.7.1}{\376\377\000F\000r\000o\000m\000\040\000S\000h\000o\000t\000\040\000T\000h\000i\000n\000k\000i\000n\000g\000\040\000t\000o\000\040\000S\000e\000q\000u\000e\000n\000c\000e\000\040\000T\000h\000i\000n\000k\000i\000n\000g\000:\000\040\000T\000h\000e\000\040\000A\000I\000\040\000D\000i\000r\000e\000c\000t\000o\000r\000'\000s\000\040\000F\000i\000r\000s\000t\000\040\000S\000t\000e\000p}{chapter.7}% 134
\BOOKMARK [1][-]{section.7.2}{\376\377\000E\000m\000o\000t\000i\000o\000n\000a\000l\000\040\000A\000r\000c\000\040\000C\000o\000n\000s\000t\000r\000u\000c\000t\000i\000o\000n\000:\000\040\000S\000y\000s\000t\000e\000m\000a\000t\000i\000c\000\040\000A\000u\000d\000i\000e\000n\000c\000e\000\040\000E\000n\000g\000a\000g\000e\000m\000e\000n\000t}{chapter.7}% 135
\BOOKMARK [1][-]{section.7.3}{\376\377\000V\000i\000s\000u\000a\000l\000\040\000C\000o\000n\000t\000i\000n\000u\000i\000t\000y\000:\000\040\000M\000a\000k\000i\000n\000g\000\040\000A\000I\000'\000s\000\040\000W\000o\000r\000l\000d\000\040\000`\000`\000C\000o\000h\000e\000r\000e\000n\000t\000\040\000a\000n\000d\000\040\000B\000e\000l\000i\000e\000v\000a\000b\000l\000e\000'\000'}{chapter.7}% 136
\BOOKMARK [2][-]{subsection.7.3.1}{\376\377\000C\000h\000a\000r\000a\000c\000t\000e\000r\000\040\000C\000o\000n\000s\000i\000s\000t\000e\000n\000c\000y}{section.7.3}% 137
\BOOKMARK [2][-]{subsection.7.3.2}{\376\377\000S\000c\000e\000n\000e\000\040\000C\000o\000n\000s\000i\000s\000t\000e\000n\000c\000y}{section.7.3}% 138
\BOOKMARK [2][-]{subsection.7.3.3}{\376\377\000L\000i\000g\000h\000t\000i\000n\000g\000\040\000C\000o\000n\000s\000i\000s\000t\000e\000n\000c\000y}{section.7.3}% 139
\BOOKMARK [2][-]{subsection.7.3.4}{\376\377\000C\000o\000l\000o\000r\000\040\000a\000n\000d\000\040\000A\000t\000m\000o\000s\000p\000h\000e\000r\000e}{section.7.3}% 140
\BOOKMARK [2][-]{subsection.7.3.5}{\376\377\000C\000a\000m\000e\000r\000a\000\040\000A\000n\000g\000l\000e\000\040\000a\000n\000d\000\040\000F\000o\000c\000a\000l\000\040\000L\000e\000n\000g\000t\000h}{section.7.3}% 141
\BOOKMARK [1][-]{section.7.4}{\376\377\000T\000r\000a\000n\000s\000i\000t\000i\000o\000n\000\040\000T\000e\000c\000h\000n\000i\000q\000u\000e\000s\000:\000\040\000C\000r\000e\000a\000t\000i\000n\000g\000\040\000S\000m\000o\000o\000t\000h\000\040\000S\000h\000o\000t\000\040\000S\000e\000q\000u\000e\000n\000c\000e\000s}{chapter.7}% 142
\BOOKMARK [2][-]{subsection.7.4.1}{\376\377\000V\000i\000s\000u\000a\000l\000\040\000M\000a\000t\000c\000h\000i\000n\000g\000\040\000\050\000M\000a\000t\000c\000h\000\040\000C\000u\000t\000\051}{section.7.4}% 143
\BOOKMARK [2][-]{subsection.7.4.2}{\376\377\000M\000o\000t\000i\000o\000n\000\040\000T\000r\000a\000n\000s\000i\000t\000i\000o\000n}{section.7.4}% 144
\BOOKMARK [2][-]{subsection.7.4.3}{\376\377\000C\000o\000l\000o\000r\000\040\000B\000r\000i\000d\000g\000e}{section.7.4}% 145
\BOOKMARK [2][-]{subsection.7.4.4}{\376\377\000E\000m\000o\000t\000i\000o\000n\000a\000l\000\040\000B\000r\000i\000d\000g\000e}{section.7.4}% 146
\BOOKMARK [1][-]{section.7.5}{\376\377\000R\000h\000y\000t\000h\000m\000:\000\040\000C\000o\000n\000t\000r\000o\000l\000l\000i\000n\000g\000\040\000A\000u\000d\000i\000e\000n\000c\000e\000\040\000B\000r\000e\000a\000t\000h\000i\000n\000g\000\040\000a\000n\000d\000\040\000H\000e\000a\000r\000t\000b\000e\000a\000t}{chapter.7}% 147
\BOOKMARK [1][-]{section.7.6}{\376\377\000I\000t\000e\000r\000a\000t\000i\000v\000e\000\040\000C\000r\000e\000a\000t\000i\000o\000n\000\040\000M\000e\000t\000h\000o\000d\000:\000\040\000P\000o\000l\000i\000s\000h\000i\000n\000g\000\040\000R\000e\000p\000e\000a\000t\000e\000d\000l\000y\000\040\000L\000i\000k\000e\000\040\000a\000\040\000D\000i\000r\000e\000c\000t\000o\000r}{chapter.7}% 148
\BOOKMARK [1][-]{section.7.7}{\376\377\000S\000t\000o\000r\000y\000b\000o\000a\000r\000d\000\040\000T\000e\000m\000p\000l\000a\000t\000e\000s\000:\000\040\000C\000u\000s\000t\000o\000m\000i\000z\000i\000n\000g\000\040\000S\000t\000r\000u\000c\000t\000u\000r\000e\000s\000\040\000f\000o\000r\000\040\000D\000i\000f\000f\000e\000r\000e\000n\000t\000\040\000T\000y\000p\000e\000s}{chapter.7}% 149
\BOOKMARK [2][-]{subsection.7.7.1}{\376\377\000T\000h\000r\000e\000e\000-\000A\000c\000t\000\040\000N\000i\000n\000e\000-\000S\000h\000o\000t\000\040\000S\000t\000r\000u\000c\000t\000u\000r\000e}{section.7.7}% 150
\BOOKMARK [2][-]{subsection.7.7.2}{\376\377\000F\000i\000v\000e\000-\000S\000h\000o\000t\000\040\000E\000m\000o\000t\000i\000o\000n\000a\000l\000\040\000J\000o\000u\000r\000n\000e\000y}{section.7.7}% 151
\BOOKMARK [2][-]{subsection.7.7.3}{\376\377\000E\000i\000g\000h\000t\000-\000S\000h\000o\000t\000\040\000P\000r\000o\000d\000u\000c\000t\000\040\000A\000d\000\040\000S\000t\000r\000u\000c\000t\000u\000r\000e}{section.7.7}% 152
\BOOKMARK [1][-]{section.7.8}{\376\377\000A\000d\000v\000a\000n\000c\000e\000d\000\040\000T\000e\000c\000h\000n\000i\000q\000u\000e\000s\000:\000\040\000T\000e\000m\000p\000o\000r\000a\000l\000\040\000a\000n\000d\000\040\000S\000p\000a\000t\000i\000a\000l\000\040\000C\000o\000n\000t\000r\000o\000l\000\040\000i\000n\000\040\000A\000I\000\040\000N\000a\000r\000r\000a\000t\000i\000v\000e}{chapter.7}% 153
\BOOKMARK [1][-]{section.7.9}{\376\377\000C\000o\000m\000m\000o\000n\000\040\000I\000s\000s\000u\000e\000s\000\040\000a\000n\000d\000\040\000C\000o\000r\000r\000e\000c\000t\000i\000o\000n\000\040\000S\000t\000r\000a\000t\000e\000g\000i\000e\000s}{chapter.7}% 154
\BOOKMARK [1][-]{section.7.10}{\376\377\000T\000e\000s\000t\000i\000n\000g\000\040\000a\000n\000d\000\040\000F\000e\000e\000d\000b\000a\000c\000k\000:\000\040\000B\000r\000e\000a\000t\000h\000i\000n\000g\000\040\000L\000i\000f\000e\000\040\000i\000n\000t\000o\000\040\000Y\000o\000u\000r\000\040\000W\000o\000r\000k}{chapter.7}% 155
\BOOKMARK [1][-]{section.7.11}{\376\377\000F\000r\000o\000m\000\040\000S\000e\000q\000u\000e\000n\000c\000e\000\040\000t\000o\000\040\000S\000h\000o\000r\000t\000\040\000F\000i\000l\000m\000:\000\040\000M\000a\000s\000t\000e\000r\000i\000n\000g\000\040\000`\000`\000T\000h\000e\000\040\000A\000r\000t\000\040\000o\000f\000\040\000C\000o\000m\000b\000i\000n\000a\000t\000i\000o\000n\000'\000'}{chapter.7}% 156
\BOOKMARK [0][-]{chapter.8}{\376\377\000A\000p\000p\000l\000i\000e\000d\000\040\000C\000a\000s\000e\000\040\000S\000t\000u\000d\000y\000:\000\040\000C\000o\000m\000m\000e\000r\000c\000i\000a\000l\000\040\000S\000t\000o\000r\000y\000b\000o\000a\000r\000d\000\040\000A\000n\000a\000l\000y\000s\000i\000s}{}% 157
\BOOKMARK [1][-]{section.8.1}{\376\377\000F\000r\000o\000m\000\040\000S\000h\000o\000t\000\040\000t\000o\000\040\000S\000e\000q\000u\000e\000n\000c\000e\000:\000\040\000T\000h\000e\000\040\000L\000o\000g\000i\000c\000\040\000o\000f\000\040\000A\000I\000\040\000D\000i\000r\000e\000c\000t\000o\000r\000s}{chapter.8}% 158
\BOOKMARK [1][-]{section.8.2}{\376\377\000C\000o\000m\000m\000e\000r\000c\000i\000a\000l\000\040\000S\000t\000o\000r\000y\000b\000o\000a\000r\000d\000\040\000C\000a\000s\000e\000\040\000S\000t\000u\000d\000y\000:\000\040\000L\000o\000g\000i\000t\000e\000c\000h\000\040\000G\0005\0000\0002\000\040\000X\000\040\000P\000L\000U\000S}{chapter.8}% 159
\BOOKMARK [2][-]{subsection.8.2.1}{\376\377\000O\000v\000e\000r\000a\000l\000l\000\040\000S\000t\000y\000l\000e\000\040\000D\000i\000r\000e\000c\000t\000i\000v\000e}{section.8.2}% 160
\BOOKMARK [1][-]{section.8.3}{\376\377\000W\000h\000y\000\040\000W\000r\000i\000t\000e\000\040\000a\000\040\000`\000`\000S\000c\000e\000n\000e\000\040\000T\000i\000m\000e\000l\000i\000n\000e\000'\000'}{chapter.8}% 161
\BOOKMARK [1][-]{section.8.4}{\376\377\000T\000h\000e\000\040\000I\000n\000t\000e\000r\000a\000c\000t\000i\000v\000e\000\040\000M\000e\000c\000h\000a\000n\000i\000s\000m\000\040\000o\000f\000\040\000S\000h\000o\000t\000s\000\040\000a\000n\000d\000\040\000L\000a\000n\000g\000u\000a\000g\000e}{chapter.8}% 162
\BOOKMARK [2][-]{subsection.8.4.1}{\376\377\0000\040\023\0001\000.\0005\000\040\000s\000e\000c\000:\000\040\000T\000h\000e\000\040\000C\000l\000o\000s\000e\000-\000u\000p\000\040\000L\000a\000u\000n\000c\000h}{section.8.4}% 163
\BOOKMARK [2][-]{subsection.8.4.2}{\376\377\0001\000.\0005\040\023\0004\000.\0005\000\040\000s\000e\000c\000:\000\040\000H\000i\000g\000h\000-\000S\000p\000e\000e\000d\000\040\000C\000o\000n\000t\000r\000o\000l}{section.8.4}% 164
\BOOKMARK [2][-]{subsection.8.4.3}{\376\377\0004\000.\0005\040\023\0006\000.\0000\000\040\000s\000e\000c\000:\000\040\000T\000h\000e\000\040\000D\000e\000t\000a\000i\000l\000\040\000P\000o\000w\000e\000r}{section.8.4}% 165
\BOOKMARK [2][-]{subsection.8.4.4}{\376\377\0006\000.\0000\040\023\0008\000.\0000\000\040\000s\000e\000c\000:\000\040\000F\000i\000n\000a\000l\000\040\000S\000t\000a\000t\000e\000m\000e\000n\000t}{section.8.4}% 166
\BOOKMARK [1][-]{section.8.5}{\376\377\000T\000h\000e\000\040\000C\000o\000l\000l\000a\000b\000o\000r\000a\000t\000i\000v\000e\000\040\000P\000r\000i\000n\000c\000i\000p\000l\000e\000\040\000o\000f\000\040\000S\000o\000u\000n\000d\000\040\000a\000n\000d\000\040\000I\000m\000a\000g\000e}{chapter.8}% 167
\BOOKMARK [1][-]{section.8.6}{\376\377\000T\000h\000e\000\040\000G\000o\000l\000d\000e\000n\000\040\000T\000e\000m\000p\000o\000r\000a\000l\000\040\000S\000t\000r\000u\000c\000t\000u\000r\000e\000\040\000o\000f\000\040\0008\000\040\000S\000e\000c\000o\000n\000d\000s}{chapter.8}% 168
\BOOKMARK [1][-]{section.8.7}{\376\377\000R\000e\000p\000l\000i\000c\000a\000b\000l\000e\000\040\000T\000e\000m\000p\000l\000a\000t\000e\000:\000\040\000T\000h\000e\000\040\000P\000o\000w\000e\000r\000\040\000o\000f\000\040\000S\000t\000r\000u\000c\000t\000u\000r\000e}{chapter.8}% 169
\BOOKMARK [1][-]{section.8.8}{\376\377\000A\000I\000\040\000i\000s\000\040\000a\000\040\000C\000i\000n\000e\000m\000a\000t\000o\000g\000r\000a\000p\000h\000e\000r\000,\000\040\000N\000o\000t\000\040\000a\000\040\000M\000a\000g\000i\000c\000i\000a\000n}{chapter.8}% 170
\BOOKMARK [0][-]{chapter.9}{\376\377\000R\000e\000f\000i\000n\000e\000m\000e\000n\000t\000\040\000a\000n\000d\000\040\000P\000o\000l\000i\000s\000h\000:\000\040\000T\000h\000r\000o\000u\000g\000h\000\040\000I\000t\000e\000r\000a\000t\000i\000v\000e\000\040\000G\000u\000i\000d\000a\000n\000c\000e}{}% 171
\BOOKMARK [1][-]{section.9.1}{\376\377\000T\000h\000e\000\040\000D\000i\000r\000e\000c\000t\000o\000r\000i\000a\000l\000\040\000P\000h\000i\000l\000o\000s\000o\000p\000h\000y\000\040\000o\000f\000\040\000I\000t\000e\000r\000a\000t\000i\000o\000n\000:\000\040\000F\000r\000o\000m\000\040\000M\000o\000d\000i\000f\000i\000e\000r\000\040\000t\000o\000\040\000C\000o\000-\000C\000r\000e\000a\000t\000o\000r}{chapter.9}% 172
\BOOKMARK [1][-]{section.9.2}{\376\377\000S\000y\000s\000t\000e\000m\000a\000t\000i\000c\000\040\000D\000i\000a\000g\000n\000o\000s\000i\000s\000:\000\040\000V\000i\000s\000u\000a\000l\000\040\000A\000n\000a\000l\000y\000s\000i\000s\000\040\000F\000r\000a\000m\000e\000w\000o\000r\000k}{chapter.9}% 173
\BOOKMARK [2][-]{subsection.9.2.1}{\376\377\000E\000m\000o\000t\000i\000o\000n\000a\000l\000\040\000D\000i\000a\000g\000n\000o\000s\000i\000s}{section.9.2}% 174
\BOOKMARK [2][-]{subsection.9.2.2}{\376\377\000V\000i\000s\000u\000a\000l\000\040\000D\000i\000a\000g\000n\000o\000s\000i\000s}{section.9.2}% 175
\BOOKMARK [2][-]{subsection.9.2.3}{\376\377\000N\000a\000r\000r\000a\000t\000i\000v\000e\000\040\000D\000i\000a\000g\000n\000o\000s\000i\000s}{section.9.2}% 176
\BOOKMARK [1][-]{section.9.3}{\376\377\000S\000u\000r\000g\000i\000c\000a\000l\000\040\000R\000e\000v\000i\000s\000i\000o\000n\000:\000\040\000T\000h\000e\000\040\000A\000r\000t\000\040\000o\000f\000\040\000S\000c\000a\000l\000p\000e\000l\000\040\000C\000u\000t\000t\000i\000n\000g}{chapter.9}% 177
\BOOKMARK [2][-]{subsection.9.3.1}{\376\377\000C\000a\000s\000e\000\040\0001\000:\000\040\000T\000o\000n\000a\000l\000\040\000L\000a\000y\000e\000r\000i\000n\000g\000\040\000R\000e\000v\000i\000s\000i\000o\000n}{section.9.3}% 178
\BOOKMARK [2][-]{subsection.9.3.2}{\376\377\000C\000a\000s\000e\000\040\0002\000:\000\040\000L\000i\000g\000h\000t\000i\000n\000g\000\040\000A\000d\000j\000u\000s\000t\000m\000e\000n\000t\000\040\000R\000e\000v\000i\000s\000i\000o\000n}{section.9.3}% 179
\BOOKMARK [2][-]{subsection.9.3.3}{\376\377\000C\000a\000s\000e\000\040\0003\000:\000\040\000C\000h\000a\000r\000a\000c\000t\000e\000r\000\040\000P\000s\000y\000c\000h\000o\000l\000o\000g\000y\000\040\000R\000e\000v\000i\000s\000i\000o\000n}{section.9.3}% 180
\BOOKMARK [1][-]{section.9.4}{\376\377\000E\000m\000o\000t\000i\000o\000n\000a\000l\000\040\000C\000a\000l\000i\000b\000r\000a\000t\000i\000o\000n\000:\000\040\000D\000i\000r\000e\000c\000t\000i\000n\000g\000\040\000A\000I\000\040\000C\000h\000a\000r\000a\000c\000t\000e\000r\000\040\000P\000e\000r\000f\000o\000r\000m\000a\000n\000c\000e}{chapter.9}% 181
\BOOKMARK [2][-]{subsection.9.4.1}{\376\377\000E\000m\000o\000t\000i\000o\000n\000a\000l\000\040\000L\000a\000y\000e\000r\000i\000n\000g}{section.9.4}% 182
\BOOKMARK [2][-]{subsection.9.4.2}{\376\377\000A\000c\000t\000i\000o\000n\000\040\000R\000e\000p\000l\000a\000c\000i\000n\000g\000\040\000E\000m\000o\000t\000i\000o\000n}{section.9.4}% 183
\BOOKMARK [2][-]{subsection.9.4.3}{\376\377\000E\000n\000v\000i\000r\000o\000n\000m\000e\000n\000t\000\040\000R\000e\000f\000l\000e\000c\000t\000i\000n\000g\000\040\000E\000m\000o\000t\000i\000o\000n}{section.9.4}% 184
\BOOKMARK [1][-]{section.9.5}{\376\377\000P\000r\000o\000m\000p\000t\000\040\000I\000t\000e\000r\000a\000t\000i\000o\000n\000\040\000E\000x\000a\000m\000p\000l\000e\000s\000:\000\040\000B\000e\000f\000o\000r\000e\000/\000A\000f\000t\000e\000r\000/\000R\000e\000s\000u\000l\000t\000\040\000A\000n\000a\000l\000y\000s\000i\000s}{chapter.9}% 185
\BOOKMARK [1][-]{section.9.6}{\376\377\000V\000i\000s\000u\000a\000l\000\040\000P\000o\000l\000i\000s\000h\000i\000n\000g\000:\000\040\000M\000a\000k\000i\000n\000g\000\040\000F\000r\000a\000m\000e\000s\000\040\000S\000p\000e\000a\000k}{chapter.9}% 186
\BOOKMARK [2][-]{subsection.9.6.1}{\376\377\000C\000o\000m\000p\000o\000s\000i\000t\000i\000o\000n}{section.9.6}% 187
\BOOKMARK [2][-]{subsection.9.6.2}{\376\377\000L\000i\000g\000h\000t\000i\000n\000g}{section.9.6}% 188
\BOOKMARK [2][-]{subsection.9.6.3}{\376\377\000C\000o\000l\000o\000r}{section.9.6}% 189
\BOOKMARK [1][-]{section.9.7}{\376\377\000R\000h\000y\000t\000h\000m\000\040\000a\000n\000d\000\040\000T\000i\000m\000i\000n\000g\000:\000\040\000F\000r\000a\000m\000e\000s\000\040\000A\000l\000s\000o\000\040\000B\000r\000e\000a\000t\000h\000e}{chapter.9}% 190
\BOOKMARK [1][-]{section.9.8}{\376\377\000P\000e\000r\000f\000o\000r\000m\000a\000n\000c\000e\000\040\000D\000i\000r\000e\000c\000t\000i\000o\000n\000:\000\040\000A\000d\000v\000a\000n\000c\000e\000d\000\040\000C\000h\000a\000r\000a\000c\000t\000e\000r\000\040\000A\000n\000i\000m\000a\000t\000i\000o\000n\000\040\000T\000e\000c\000h\000n\000i\000q\000u\000e\000s}{chapter.9}% 191
\BOOKMARK [2][-]{subsection.9.8.1}{\376\377\000I\000n\000t\000e\000r\000a\000c\000t\000i\000v\000e\000\040\000L\000e\000v\000e\000l}{section.9.8}% 192
\BOOKMARK [1][-]{section.9.9}{\376\377\000T\000e\000c\000h\000n\000i\000c\000a\000l\000\040\000F\000i\000x\000e\000s\000:\000\040\000T\000h\000e\000\040\000D\000i\000r\000e\000c\000t\000o\000r\000'\000s\000\040\000E\000m\000e\000r\000g\000e\000n\000c\000y\000\040\000K\000i\000t}{chapter.9}% 193
\BOOKMARK [1][-]{section.9.10}{\376\377\000S\000y\000s\000t\000e\000m\000a\000t\000i\000c\000\040\000I\000t\000e\000r\000a\000t\000i\000o\000n\000\040\000W\000o\000r\000k\000f\000l\000o\000w\000:\000\040\000F\000i\000v\000e\000-\000S\000t\000a\000g\000e\000\040\000M\000e\000t\000h\000o\000d}{chapter.9}% 194
\BOOKMARK [1][-]{section.9.11}{\376\377\000I\000t\000e\000r\000a\000t\000i\000o\000n\000\040\000C\000o\000m\000p\000l\000e\000t\000i\000o\000n\000\040\000C\000r\000i\000t\000e\000r\000i\000a\000:\000\040\000Q\000u\000a\000l\000i\000t\000y\000\040\000A\000s\000s\000e\000s\000s\000m\000e\000n\000t\000\040\000F\000r\000a\000m\000e\000w\000o\000r\000k}{chapter.9}% 195
\BOOKMARK [1][-]{section.9.12}{\376\377\000C\000o\000l\000l\000a\000b\000o\000r\000a\000t\000i\000o\000n\000\040\000a\000n\000d\000\040\000F\000e\000e\000d\000b\000a\000c\000k\000:\000\040\000I\000n\000v\000i\000t\000i\000n\000g\000\040\000H\000u\000m\000a\000n\000s\000\040\000i\000n\000t\000o\000\040\000t\000h\000e\000\040\000A\000I\000\040\000D\000i\000r\000e\000c\000t\000o\000r\000i\000a\000l\000\040\000R\000o\000o\000m}{chapter.9}% 196
\BOOKMARK [1][-]{section.9.13}{\376\377\000F\000r\000o\000m\000\040\000S\000h\000o\000t\000\040\000t\000o\000\040\000E\000n\000t\000i\000r\000e\000\040\000F\000i\000l\000m\000:\000\040\000T\000h\000e\000\040\000D\000i\000r\000e\000c\000t\000o\000r\000'\000s\000\040\000H\000o\000l\000i\000s\000t\000i\000c\000\040\000T\000h\000i\000n\000k\000i\000n\000g}{chapter.9}% 197
\BOOKMARK [1][-]{section.9.14}{\376\377\000T\000h\000e\000\040\000P\000h\000i\000l\000o\000s\000o\000p\000h\000y\000\040\000o\000f\000\040\000`\000`\000G\000o\000o\000d\000\040\000E\000n\000o\000u\000g\000h\000'\000'\000:\000\040\000C\000o\000m\000p\000l\000e\000t\000i\000o\000n\000\040\000i\000s\000\040\000F\000r\000e\000e\000d\000o\000m}{chapter.9}% 198
\BOOKMARK [1][-]{section.9.15}{\376\377\000R\000h\000y\000t\000h\000m\000i\000c\000\040\000C\000o\000n\000t\000r\000o\000l\000:\000\040\000A\000p\000p\000l\000y\000i\000n\000g\000\040\000M\000u\000s\000i\000c\000a\000l\000\040\000P\000r\000i\000n\000c\000i\000p\000l\000e\000s\000\040\000t\000o\000\040\000V\000i\000s\000u\000a\000l\000\040\000E\000d\000i\000t\000i\000n\000g}{chapter.9}% 199
\BOOKMARK [0][-]{chapter.10}{\376\377\000P\000u\000b\000l\000i\000s\000h\000i\000n\000g\000,\000\040\000E\000t\000h\000i\000c\000s\000,\000\040\000a\000n\000d\000\040\000t\000h\000e\000\040\000F\000u\000t\000u\000r\000e\000\040\000o\000f\000\040\000A\000I\000\040\000F\000i\000l\000m\000m\000a\000k\000i\000n\000g}{}% 200
\BOOKMARK [1][-]{section.10.1}{\376\377\000E\000x\000p\000o\000r\000t\000\040\000a\000n\000d\000\040\000T\000e\000c\000h\000n\000i\000c\000a\000l\000\040\000P\000r\000e\000p\000a\000r\000a\000t\000i\000o\000n\000:\000\040\000T\000h\000e\000\040\000L\000a\000s\000t\000\040\000M\000i\000l\000e\000\040\000o\000f\000\040\000D\000e\000l\000i\000v\000e\000r\000y}{chapter.10}% 201
\BOOKMARK [2][-]{subsection.10.1.1}{\376\377\000F\000o\000r\000m\000a\000t\000\040\000a\000n\000d\000\040\000I\000m\000a\000g\000e\000\040\000Q\000u\000a\000l\000i\000t\000y}{section.10.1}% 202
\BOOKMARK [2][-]{subsection.10.1.2}{\376\377\000A\000u\000d\000i\000o\000\040\000a\000n\000d\000\040\000C\000o\000l\000o\000r\000\040\000C\000o\000r\000r\000e\000c\000t\000i\000o\000n}{section.10.1}% 203
\BOOKMARK [2][-]{subsection.10.1.3}{\376\377\000M\000e\000t\000a\000d\000a\000t\000a\000\040\000a\000n\000d\000\040\000D\000i\000g\000i\000t\000a\000l\000\040\000F\000i\000n\000g\000e\000r\000p\000r\000i\000n\000t\000i\000n\000g}{section.10.1}% 204
\BOOKMARK [1][-]{section.10.2}{\376\377\000P\000l\000a\000t\000f\000o\000r\000m\000\040\000S\000t\000r\000a\000t\000e\000g\000y\000:\000\040\000A\000r\000t\000i\000s\000t\000i\000c\000\040\000N\000a\000v\000i\000g\000a\000t\000i\000o\000n\000\040\000i\000n\000\040\000t\000h\000e\000\040\000A\000l\000g\000o\000r\000i\000t\000h\000m\000i\000c\000\040\000W\000o\000r\000l\000d}{chapter.10}% 205
\BOOKMARK [2][-]{subsection.10.2.1}{\376\377\000T\000i\000k\000T\000o\000k\000/\000D\000o\000u\000y\000i\000n}{section.10.2}% 206
\BOOKMARK [2][-]{subsection.10.2.2}{\376\377\000Y\000o\000u\000T\000u\000b\000e\000\040\000S\000h\000o\000r\000t\000s\000\040\000a\000n\000d\000\040\000I\000n\000s\000t\000a\000g\000r\000a\000m\000\040\000R\000e\000e\000l\000s}{section.10.2}% 207
\BOOKMARK [2][-]{subsection.10.2.3}{\376\377\000V\000i\000m\000e\000o\000\040\000a\000n\000d\000\040\000L\000i\000n\000k\000e\000d\000I\000n}{section.10.2}% 208
\BOOKMARK [2][-]{subsection.10.2.4}{\376\377\000C\000h\000i\000n\000e\000s\000e\000\040\000E\000c\000o\000s\000y\000s\000t\000e\000m\000\040\000\050\000B\000i\000l\000i\000b\000i\000l\000i\000,\000\040\000X\000i\000a\000o\000h\000o\000n\000g\000s\000h\000u\000,\000\040\000W\000e\000i\000b\000o\000\051}{section.10.2}% 209
\BOOKMARK [2][-]{subsection.10.2.5}{\376\377\000C\000r\000o\000s\000s\000-\000P\000l\000a\000t\000f\000o\000r\000m\000\040\000S\000t\000r\000a\000t\000e\000g\000y\000\040\000R\000e\000c\000o\000m\000m\000e\000n\000d\000a\000t\000i\000o\000n\000s}{section.10.2}% 210
\BOOKMARK [1][-]{section.10.3}{\376\377\000A\000t\000t\000r\000i\000b\000u\000t\000i\000o\000n\000\040\000a\000n\000d\000\040\000T\000r\000a\000n\000s\000p\000a\000r\000e\000n\000c\000y\000:\000\040\000A\000r\000t\000i\000s\000t\000i\000c\000\040\000I\000n\000t\000e\000g\000r\000i\000t\000y\000\040\000i\000n\000\040\000t\000h\000e\000\040\000A\000I\000\040\000E\000r\000a}{chapter.10}% 211
\BOOKMARK [2][-]{subsection.10.3.1}{\376\377\000S\000t\000a\000n\000d\000a\000r\000d\000i\000z\000e\000d\000\040\000D\000i\000s\000c\000l\000o\000s\000u\000r\000e\000\040\000P\000r\000a\000c\000t\000i\000c\000e\000s}{section.10.3}% 212
\BOOKMARK [2][-]{subsection.10.3.2}{\376\377\000L\000e\000g\000a\000l\000\040\000U\000s\000e\000\040\000o\000f\000\040\000O\000t\000h\000e\000r\000s\000'\000\040\000M\000a\000t\000e\000r\000i\000a\000l\000s}{section.10.3}% 213
\BOOKMARK [2][-]{subsection.10.3.3}{\376\377\000C\000r\000e\000a\000t\000i\000o\000n\000\040\000L\000o\000g\000\040\000S\000y\000s\000t\000e\000m}{section.10.3}% 214
\BOOKMARK [1][-]{section.10.4}{\376\377\000A\000I\000\040\000V\000i\000d\000e\000o\000\040\000G\000e\000n\000e\000r\000a\000t\000i\000o\000n\000\040\000S\000y\000s\000t\000e\000m\000s\000\040\000C\000o\000m\000p\000a\000r\000i\000s\000o\000n}{chapter.10}% 215
\BOOKMARK [1][-]{section.10.5}{\376\377\000A\000I\000\040\000E\000t\000h\000i\000c\000s\000:\000\040\000B\000a\000l\000a\000n\000c\000i\000n\000g\000\040\000`\000`\000I\000n\000n\000o\000v\000a\000t\000i\000o\000n\000'\000'\000\040\000a\000n\000d\000\040\000`\000`\000R\000e\000s\000p\000o\000n\000s\000i\000b\000i\000l\000i\000t\000y\000'\000'}{chapter.10}% 216
\BOOKMARK [2][-]{subsection.10.5.1}{\376\377\000B\000i\000a\000s\000\040\000R\000e\000c\000o\000g\000n\000i\000t\000i\000o\000n}{section.10.5}% 217
\BOOKMARK [2][-]{subsection.10.5.2}{\376\377\000C\000o\000n\000t\000e\000n\000t\000\040\000A\000u\000t\000h\000e\000n\000t\000i\000c\000i\000t\000y}{section.10.5}% 218
\BOOKMARK [2][-]{subsection.10.5.3}{\376\377\000E\000t\000h\000i\000c\000a\000l\000\040\000R\000e\000v\000i\000e\000w\000\040\000M\000e\000c\000h\000a\000n\000i\000s\000m\000s}{section.10.5}% 219
\BOOKMARK [2][-]{subsection.10.5.4}{\376\377\000P\000s\000y\000c\000h\000o\000l\000o\000g\000i\000c\000a\000l\000\040\000I\000m\000p\000a\000c\000t\000\040\000a\000n\000d\000\040\000S\000o\000c\000i\000a\000l\000\040\000R\000e\000s\000p\000o\000n\000s\000i\000b\000i\000l\000i\000t\000y}{section.10.5}% 220
\BOOKMARK [1][-]{section.10.6}{\376\377\000B\000u\000i\000l\000d\000i\000n\000g\000\040\000A\000u\000d\000i\000e\000n\000c\000e\000\040\000a\000n\000d\000\040\000C\000o\000m\000m\000u\000n\000i\000t\000y\000\040\000I\000n\000f\000l\000u\000e\000n\000c\000e}{chapter.10}% 221
\BOOKMARK [2][-]{subsection.10.6.1}{\376\377\000B\000r\000a\000n\000d\000\040\000C\000o\000n\000s\000t\000r\000u\000c\000t\000i\000o\000n}{section.10.6}% 222
\BOOKMARK [2][-]{subsection.10.6.2}{\376\377\000C\000o\000m\000m\000u\000n\000i\000t\000y\000\040\000I\000n\000t\000e\000r\000a\000c\000t\000i\000o\000n}{section.10.6}% 223
\BOOKMARK [2][-]{subsection.10.6.3}{\376\377\000F\000e\000e\000d\000b\000a\000c\000k\000\040\000M\000e\000c\000h\000a\000n\000i\000s\000m\000s}{section.10.6}% 224
\BOOKMARK [1][-]{section.10.7}{\376\377\000C\000o\000m\000m\000e\000r\000c\000i\000a\000l\000i\000z\000a\000t\000i\000o\000n\000\040\000a\000n\000d\000\040\000P\000r\000o\000f\000e\000s\000s\000i\000o\000n\000a\000l\000\040\000T\000r\000a\000n\000s\000i\000t\000i\000o\000n\000:\000\040\000M\000a\000k\000i\000n\000g\000\040\000A\000I\000\040\000A\000r\000t\000\040\000S\000u\000s\000t\000a\000i\000n\000a\000b\000l\000e}{chapter.10}% 225
\BOOKMARK [2][-]{subsection.10.7.1}{\376\377\000R\000e\000v\000e\000n\000u\000e\000\040\000M\000o\000d\000e\000l\000s}{section.10.7}% 226
\BOOKMARK [2][-]{subsection.10.7.2}{\376\377\000P\000r\000i\000c\000i\000n\000g\000\040\000S\000t\000r\000a\000t\000e\000g\000y}{section.10.7}% 227
\BOOKMARK [2][-]{subsection.10.7.3}{\376\377\000C\000o\000p\000y\000r\000i\000g\000h\000t\000\040\000a\000n\000d\000\040\000C\000o\000n\000t\000r\000a\000c\000t\000\040\000A\000w\000a\000r\000e\000n\000e\000s\000s}{section.10.7}% 228
\BOOKMARK [1][-]{section.10.8}{\376\377\000A\000I\000\040\000P\000r\000o\000m\000p\000t\000\040\000D\000i\000r\000e\000c\000t\000o\000r\000:\000\040\000C\000o\000r\000e\000\040\000P\000r\000o\000f\000e\000s\000s\000i\000o\000n\000\040\000o\000f\000\040\000H\000u\000m\000a\000n\000-\000M\000a\000c\000h\000i\000n\000e\000\040\000I\000n\000t\000e\000r\000a\000c\000t\000i\000o\000n}{chapter.10}% 229
\BOOKMARK [2][-]{subsection.10.8.1}{\376\377\000P\000r\000o\000f\000e\000s\000s\000i\000o\000n\000a\000l\000\040\000S\000k\000i\000l\000l\000s}{section.10.8}% 230
\BOOKMARK [2][-]{subsection.10.8.2}{\376\377\000P\000r\000o\000f\000e\000s\000s\000i\000o\000n\000a\000l\000\040\000E\000c\000o\000s\000y\000s\000t\000e\000m}{section.10.8}% 231
\BOOKMARK [1][-]{section.10.9}{\376\377\000A\000I\000\040\000a\000n\000d\000\040\000T\000r\000a\000d\000i\000t\000i\000o\000n\000a\000l\000\040\000C\000i\000n\000e\000m\000a\000'\000s\000\040\000I\000n\000t\000e\000g\000r\000a\000t\000e\000d\000\040\000P\000r\000o\000g\000r\000e\000s\000s}{chapter.10}% 232
\BOOKMARK [2][-]{subsection.10.9.1}{\376\377\000H\000y\000b\000r\000i\000d\000\040\000P\000r\000o\000d\000u\000c\000t\000i\000o\000n\000\040\000W\000o\000r\000k\000f\000l\000o\000w\000\040\000E\000x\000a\000m\000p\000l\000e}{section.10.9}% 233
\BOOKMARK [1][-]{section.10.10}{\376\377\000S\000c\000r\000e\000e\000n\000i\000n\000g\000\040\000a\000n\000d\000\040\000A\000w\000a\000r\000d\000s\000:\000\040\000T\000h\000e\000\040\000G\000l\000o\000b\000a\000l\000\040\000S\000t\000a\000g\000e\000\040\000o\000f\000\040\000A\000I\000\040\000I\000m\000a\000g\000e\000r\000y}{chapter.10}% 234
\BOOKMARK [1][-]{section.10.11}{\376\377\000C\000u\000l\000t\000u\000r\000e\000\040\000a\000n\000d\000\040\000S\000o\000c\000i\000a\000l\000\040\000R\000e\000s\000p\000o\000n\000s\000i\000b\000i\000l\000i\000t\000y\000:\000\040\000M\000a\000k\000i\000n\000g\000\040\000T\000e\000c\000h\000n\000o\000l\000o\000g\000y\000\040\000S\000e\000r\000v\000e\000\040\000t\000h\000e\000\040\000H\000u\000m\000a\000n\000i\000t\000i\000e\000s}{chapter.10}% 235
\BOOKMARK [2][-]{subsection.10.11.1}{\376\377\000C\000u\000l\000t\000u\000r\000a\000l\000\040\000P\000r\000e\000s\000e\000r\000v\000a\000t\000i\000o\000n}{section.10.11}% 236
\BOOKMARK [2][-]{subsection.10.11.2}{\376\377\000S\000o\000c\000i\000a\000l\000\040\000I\000n\000s\000p\000i\000r\000a\000t\000i\000o\000n}{section.10.11}% 237
\BOOKMARK [2][-]{subsection.10.11.3}{\376\377\000P\000u\000b\000l\000i\000c\000\040\000E\000d\000u\000c\000a\000t\000i\000o\000n}{section.10.11}% 238
\BOOKMARK [1][-]{section.10.12}{\376\377\000T\000e\000c\000h\000n\000o\000l\000o\000g\000y\000\040\000T\000r\000e\000n\000d\000s\000\040\000a\000n\000d\000\040\000F\000u\000t\000u\000r\000e\000\040\000V\000i\000s\000i\000o\000n}{chapter.10}% 239
\BOOKMARK [2][-]{subsection.10.12.1}{\376\377\000T\000h\000e\000\040\000M\000a\000t\000h\000e\000m\000a\000t\000i\000c\000a\000l\000\040\000F\000o\000u\000n\000d\000a\000t\000i\000o\000n\000\040\000o\000f\000\040\000A\000I\000\040\000A\000g\000e\000n\000t\000s\000:\000\040\000F\000r\000o\000m\000\040\000A\000l\000c\000h\000e\000m\000y\000\040\000t\000o\000\040\000E\000n\000g\000i\000n\000e\000e\000r\000i\000n\000g}{section.10.12}% 240
\BOOKMARK [1][-]{section.10.13}{\376\377\000C\000o\000n\000c\000l\000u\000s\000i\000o\000n\000:\000\040\000F\000r\000o\000m\000\040\000L\000a\000n\000g\000u\000a\000g\000e\000\040\000t\000o\000\040\000L\000e\000g\000a\000c\000y}{chapter.10}% 241
\BOOKMARK [0][-]{chapter.11}{\376\377\000B\000u\000i\000l\000d\000i\000n\000g\000\040\000Y\000o\000u\000r\000\040\000A\000I\000\040\000V\000i\000d\000e\000o\000\040\000E\000v\000a\000l\000u\000a\000t\000i\000o\000n\000\040\000F\000r\000a\000m\000e\000w\000o\000r\000k\000:\000\040\000A\000\040\000S\000o\000r\000a\000\040\0002\000\040\000v\000s\000.\000\040\000V\000e\000o\000\040\0003\000.\0001\000\040\000C\000a\000s\000e\000\040\000S\000t\000u\000d\000y}{}% 242
\BOOKMARK [1][-]{section.11.1}{\376\377\000I\000n\000t\000r\000o\000d\000u\000c\000t\000i\000o\000n\000:\000\040\000W\000h\000y\000\040\000E\000v\000a\000l\000u\000a\000t\000i\000o\000n\000\040\000M\000e\000t\000h\000o\000d\000o\000l\000o\000g\000y\000\040\000M\000a\000t\000t\000e\000r\000s\000\040\000M\000o\000r\000e\000\040\000T\000h\000a\000n\000\040\000R\000a\000n\000k\000i\000n\000g\000s}{chapter.11}% 243
\BOOKMARK [2][-]{subsection.11.1.1}{\376\377\000T\000e\000s\000t\000i\000n\000g\000\040\000M\000e\000t\000h\000o\000d\000o\000l\000o\000g\000y}{section.11.1}% 244
\BOOKMARK [1][-]{section.11.2}{\376\377\000T\000e\000s\000t\000\040\000C\000a\000s\000e\000\040\0001\000:\000\040\000T\000e\000m\000p\000o\000r\000a\000l\000\040\000E\000v\000o\000l\000u\000t\000i\000o\000n\000\040\000a\000n\000d\000\040\000O\000b\000j\000e\000c\000t\000\040\000C\000o\000n\000t\000r\000o\000l}{chapter.11}% 245
\BOOKMARK [2][-]{subsection.11.2.1}{\376\377\000S\000c\000e\000n\000a\000r\000i\000o\000:\000\040\000H\000o\000m\000e\000\040\000F\000u\000r\000n\000i\000s\000h\000i\000n\000g\000\040\000T\000r\000a\000n\000s\000f\000o\000r\000m\000a\000t\000i\000o\000n}{section.11.2}% 246
\BOOKMARK [2][-]{subsection.11.2.2}{\376\377\000E\000v\000a\000l\000u\000a\000t\000i\000o\000n\000\040\000R\000e\000s\000u\000l\000t\000s}{section.11.2}% 247
\BOOKMARK [1][-]{section.11.3}{\376\377\000T\000e\000s\000t\000\040\000C\000a\000s\000e\000\040\0002\000:\000\040\000C\000o\000m\000p\000l\000e\000x\000\040\000P\000h\000y\000s\000i\000c\000s\000\040\000a\000n\000d\000\040\000H\000u\000m\000a\000n\000\040\000D\000y\000n\000a\000m\000i\000c\000s}{chapter.11}% 248
\BOOKMARK [2][-]{subsection.11.3.1}{\376\377\000S\000c\000e\000n\000a\000r\000i\000o\000:\000\040\000S\000k\000a\000t\000e\000b\000o\000a\000r\000d\000\040\000T\000r\000i\000c\000k\000\040\000P\000e\000r\000f\000o\000r\000m\000a\000n\000c\000e}{section.11.3}% 249
\BOOKMARK [2][-]{subsection.11.3.2}{\376\377\000E\000v\000a\000l\000u\000a\000t\000i\000o\000n\000\040\000R\000e\000s\000u\000l\000t\000s}{section.11.3}% 250
\BOOKMARK [1][-]{section.11.4}{\376\377\000T\000e\000s\000t\000\040\000C\000a\000s\000e\000\040\0003\000:\000\040\000D\000e\000t\000a\000i\000l\000\040\000T\000e\000x\000t\000u\000r\000e\000\040\000a\000n\000d\000\040\000E\000m\000o\000t\000i\000o\000n\000a\000l\000\040\000E\000x\000p\000r\000e\000s\000s\000i\000o\000n}{chapter.11}% 251
\BOOKMARK [2][-]{subsection.11.4.1}{\376\377\000S\000c\000e\000n\000a\000r\000i\000o\000:\000\040\000H\000u\000m\000o\000r\000o\000u\000s\000\040\000L\000i\000v\000i\000n\000g\000\040\000R\000o\000o\000m\000\040\000S\000c\000e\000n\000e}{section.11.4}% 252
\BOOKMARK [2][-]{subsection.11.4.2}{\376\377\000E\000v\000a\000l\000u\000a\000t\000i\000o\000n\000\040\000R\000e\000s\000u\000l\000t\000s}{section.11.4}% 253
\BOOKMARK [1][-]{section.11.5}{\376\377\000T\000e\000s\000t\000\040\000C\000a\000s\000e\000\040\0004\000:\000\040\000H\000a\000n\000d\000\040\000D\000e\000t\000a\000i\000l\000s\000\040\000a\000n\000d\000\040\000O\000b\000j\000e\000c\000t\000\040\000I\000n\000t\000e\000r\000a\000c\000t\000i\000o\000n}{chapter.11}% 254
\BOOKMARK [2][-]{subsection.11.5.1}{\376\377\000S\000c\000e\000n\000a\000r\000i\000o\000:\000\040\000P\000r\000e\000c\000i\000s\000i\000o\000n\000\040\000M\000e\000a\000t\000\040\000S\000l\000i\000c\000i\000n\000g}{section.11.5}% 255
\BOOKMARK [2][-]{subsection.11.5.2}{\376\377\000E\000v\000a\000l\000u\000a\000t\000i\000o\000n\000\040\000R\000e\000s\000u\000l\000t\000s}{section.11.5}% 256
\BOOKMARK [1][-]{section.11.6}{\376\377\000T\000e\000s\000t\000\040\000C\000a\000s\000e\000\040\0005\000:\000\040\000C\000o\000m\000m\000e\000r\000c\000i\000a\000l\000\040\000Q\000u\000a\000l\000i\000t\000y\000\040\000a\000n\000d\000\040\000A\000u\000d\000i\000o\000-\000V\000i\000s\000u\000a\000l\000\040\000S\000y\000n\000c\000h\000r\000o\000n\000i\000z\000a\000t\000i\000o\000n}{chapter.11}% 257
\BOOKMARK [2][-]{subsection.11.6.1}{\376\377\000S\000c\000e\000n\000a\000r\000i\000o\000:\000\040\000L\000u\000x\000u\000r\000y\000\040\000S\000p\000o\000r\000t\000s\000\040\000C\000a\000r\000\040\000A\000d\000v\000e\000r\000t\000i\000s\000e\000m\000e\000n\000t}{section.11.6}% 258
\BOOKMARK [2][-]{subsection.11.6.2}{\376\377\000E\000v\000a\000l\000u\000a\000t\000i\000o\000n\000\040\000R\000e\000s\000u\000l\000t\000s}{section.11.6}% 259
\BOOKMARK [1][-]{section.11.7}{\376\377\000C\000o\000m\000p\000r\000e\000h\000e\000n\000s\000i\000v\000e\000\040\000S\000c\000o\000r\000i\000n\000g\000\040\000a\000n\000d\000\040\000S\000e\000l\000e\000c\000t\000i\000o\000n\000\040\000G\000u\000i\000d\000e}{chapter.11}% 260
\BOOKMARK [2][-]{subsection.11.7.1}{\376\377\000F\000i\000n\000a\000l\000\040\000S\000c\000o\000r\000e\000c\000a\000r\000d}{section.11.7}% 261
\BOOKMARK [2][-]{subsection.11.7.2}{\376\377\000A\000n\000a\000l\000y\000s\000i\000s\000:\000\040\000B\000e\000y\000o\000n\000d\000\040\000W\000i\000n\000\040\000C\000o\000u\000n\000t\000s}{section.11.7}% 262
\BOOKMARK [2][-]{subsection.11.7.3}{\376\377\000D\000e\000c\000i\000s\000i\000o\000n\000\040\000F\000r\000a\000m\000e\000w\000o\000r\000k\000:\000\040\000C\000h\000o\000o\000s\000i\000n\000g\000\040\000Y\000o\000u\000r\000\040\000P\000l\000a\000t\000f\000o\000r\000m}{section.11.7}% 263
\BOOKMARK [2][-]{subsection.11.7.4}{\376\377\000V\000i\000s\000u\000a\000l\000\040\000D\000e\000c\000i\000s\000i\000o\000n\000\040\000Q\000u\000a\000d\000r\000a\000n\000t}{section.11.7}% 264
\BOOKMARK [1][-]{section.11.8}{\376\377\000C\000o\000r\000e\000\040\000M\000e\000t\000h\000o\000d\000o\000l\000o\000g\000y\000:\000\040\000T\000h\000e\000\040\000F\000i\000v\000e\000-\000D\000i\000m\000e\000n\000s\000i\000o\000n\000\040\000P\000r\000o\000m\000p\000t\000\040\000F\000o\000r\000m\000u\000l\000a}{chapter.11}% 265
\BOOKMARK [2][-]{subsection.11.8.1}{\376\377\000W\000h\000y\000\040\000S\000t\000r\000u\000c\000t\000u\000r\000e\000\040\000M\000a\000t\000t\000e\000r\000s}{section.11.8}% 266
\BOOKMARK [2][-]{subsection.11.8.2}{\376\377\000D\000i\000m\000e\000n\000s\000i\000o\000n\000\040\0001\000:\000\040\000C\000a\000m\000e\000r\000a\000\040\040\024\000\040\000D\000e\000f\000i\000n\000i\000n\000g\000\040\000t\000h\000e\000\040\000V\000i\000e\000w\000e\000r\000'\000s\000\040\000P\000e\000r\000s\000p\000e\000c\000t\000i\000v\000e}{section.11.8}% 267
\BOOKMARK [2][-]{subsection.11.8.3}{\376\377\000D\000i\000m\000e\000n\000s\000i\000o\000n\000\040\0002\000:\000\040\000S\000u\000b\000j\000e\000c\000t\000\040\040\024\000\040\000E\000s\000t\000a\000b\000l\000i\000s\000h\000i\000n\000g\000\040\000t\000h\000e\000\040\000V\000i\000s\000u\000a\000l\000\040\000C\000e\000n\000t\000e\000r}{section.11.8}% 268
\BOOKMARK [2][-]{subsection.11.8.4}{\376\377\000D\000i\000m\000e\000n\000s\000i\000o\000n\000\040\0003\000:\000\040\000A\000c\000t\000i\000o\000n\000\040\040\024\000\040\000B\000r\000i\000n\000g\000i\000n\000g\000\040\000t\000h\000e\000\040\000S\000c\000e\000n\000e\000\040\000t\000o\000\040\000L\000i\000f\000e}{section.11.8}% 269
\BOOKMARK [2][-]{subsection.11.8.5}{\376\377\000D\000i\000m\000e\000n\000s\000i\000o\000n\000\040\0004\000:\000\040\000B\000a\000c\000k\000g\000r\000o\000u\000n\000d\000\040\040\024\000\040\000E\000n\000v\000i\000r\000o\000n\000m\000e\000n\000t\000\040\000a\000n\000d\000\040\000A\000t\000m\000o\000s\000p\000h\000e\000r\000e}{section.11.8}% 270
\BOOKMARK [2][-]{subsection.11.8.6}{\376\377\000D\000i\000m\000e\000n\000s\000i\000o\000n\000\040\0005\000:\000\040\000S\000t\000y\000l\000e\000\040\040\024\000\040\000T\000h\000e\000\040\000A\000r\000t\000\040\000D\000i\000r\000e\000c\000t\000o\000r\000'\000s\000\040\000V\000i\000s\000i\000o\000n}{section.11.8}% 271
\BOOKMARK [1][-]{section.11.9}{\376\377\000P\000r\000a\000c\000t\000i\000c\000a\000l\000\040\000A\000p\000p\000l\000i\000c\000a\000t\000i\000o\000n\000:\000\040\000B\000e\000f\000o\000r\000e\000\040\000a\000n\000d\000\040\000A\000f\000t\000e\000r}{chapter.11}% 272
\BOOKMARK [2][-]{subsection.11.9.1}{\376\377\000U\000n\000s\000t\000r\000u\000c\000t\000u\000r\000e\000d\000\040\000P\000r\000o\000m\000p\000t\000\040\000\050\000I\000n\000e\000f\000f\000e\000c\000t\000i\000v\000e\000\051}{section.11.9}% 273
\BOOKMARK [2][-]{subsection.11.9.2}{\376\377\000S\000t\000r\000u\000c\000t\000u\000r\000e\000d\000\040\000P\000r\000o\000m\000p\000t\000\040\000\050\000E\000f\000f\000e\000c\000t\000i\000v\000e\000\051}{section.11.9}% 274
\BOOKMARK [1][-]{section.11.10}{\376\377\000P\000r\000o\000f\000e\000s\000s\000i\000o\000n\000a\000l\000\040\000T\000i\000p\000s\000\040\000f\000o\000r\000\040\000O\000p\000t\000i\000m\000a\000l\000\040\000R\000e\000s\000u\000l\000t\000s}{chapter.11}% 275
\BOOKMARK [1][-]{section.11.11}{\376\377\000C\000h\000a\000p\000t\000e\000r\000\040\000S\000u\000m\000m\000a\000r\000y\000:\000\040\000T\000h\000e\000\040\000E\000n\000d\000u\000r\000i\000n\000g\000\040\000F\000r\000a\000m\000e\000w\000o\000r\000k}{chapter.11}% 276
\BOOKMARK [0][-]{appendix.A}{\376\377\000P\000r\000o\000m\000p\000t\000\040\000S\000y\000n\000t\000a\000x\000\040\000R\000e\000f\000e\000r\000e\000n\000c\000e}{}% 277
\BOOKMARK [1][-]{section.A.1}{\376\377\000B\000a\000s\000i\000c\000\040\000S\000t\000r\000u\000c\000t\000u\000r\000e}{appendix.A}% 278
\BOOKMARK [2][-]{subsection.A.1.1}{\376\377\000E\000s\000s\000e\000n\000t\000i\000a\000l\000\040\000C\000o\000m\000p\000o\000n\000e\000n\000t\000s}{section.A.1}% 279
\BOOKMARK [1][-]{section.A.2}{\376\377\000S\000u\000b\000j\000e\000c\000t\000\040\000D\000e\000s\000c\000r\000i\000p\000t\000o\000r\000s}{appendix.A}% 280
\BOOKMARK [2][-]{subsection.A.2.1}{\376\377\000C\000h\000a\000r\000a\000c\000t\000e\000r\000\040\000T\000y\000p\000e\000s}{section.A.2}% 281
\BOOKMARK [2][-]{subsection.A.2.2}{\376\377\000O\000b\000j\000e\000c\000t\000s\000\040\000a\000n\000d\000\040\000E\000l\000e\000m\000e\000n\000t\000s}{section.A.2}% 282
\BOOKMARK [1][-]{section.A.3}{\376\377\000A\000c\000t\000i\000o\000n\000\040\000V\000e\000r\000b\000s}{appendix.A}% 283
\BOOKMARK [2][-]{subsection.A.3.1}{\376\377\000M\000o\000v\000e\000m\000e\000n\000t\000\040\000T\000y\000p\000e\000s}{section.A.3}% 284
\BOOKMARK [2][-]{subsection.A.3.2}{\376\377\000T\000e\000m\000p\000o\000r\000a\000l\000\040\000M\000o\000d\000i\000f\000i\000e\000r\000s}{section.A.3}% 285
\BOOKMARK [1][-]{section.A.4}{\376\377\000S\000e\000t\000t\000i\000n\000g\000\040\000a\000n\000d\000\040\000E\000n\000v\000i\000r\000o\000n\000m\000e\000n\000t}{appendix.A}% 286
\BOOKMARK [2][-]{subsection.A.4.1}{\376\377\000L\000o\000c\000a\000t\000i\000o\000n\000s}{section.A.4}% 287
\BOOKMARK [2][-]{subsection.A.4.2}{\376\377\000A\000t\000m\000o\000s\000p\000h\000e\000r\000i\000c\000\040\000C\000o\000n\000d\000i\000t\000i\000o\000n\000s}{section.A.4}% 288
\BOOKMARK [1][-]{section.A.5}{\376\377\000V\000i\000s\000u\000a\000l\000\040\000S\000t\000y\000l\000e\000\040\000K\000e\000y\000w\000o\000r\000d\000s}{appendix.A}% 289
\BOOKMARK [2][-]{subsection.A.5.1}{\376\377\000C\000i\000n\000e\000m\000a\000t\000i\000c\000\040\000S\000t\000y\000l\000e\000s}{section.A.5}% 290
\BOOKMARK [2][-]{subsection.A.5.2}{\376\377\000C\000o\000l\000o\000r\000\040\000P\000a\000l\000e\000t\000t\000e\000s}{section.A.5}% 291
\BOOKMARK [1][-]{section.A.6}{\376\377\000C\000a\000m\000e\000r\000a\000\040\000M\000o\000v\000e\000m\000e\000n\000t\000s}{appendix.A}% 292
\BOOKMARK [2][-]{subsection.A.6.1}{\376\377\000B\000a\000s\000i\000c\000\040\000M\000o\000v\000e\000m\000e\000n\000t\000s}{section.A.6}% 293
\BOOKMARK [2][-]{subsection.A.6.2}{\376\377\000A\000d\000v\000a\000n\000c\000e\000d\000\040\000M\000o\000v\000e\000m\000e\000n\000t\000s}{section.A.6}% 294
\BOOKMARK [1][-]{section.A.7}{\376\377\000L\000i\000g\000h\000t\000i\000n\000g\000\040\000C\000o\000n\000d\000i\000t\000i\000o\000n\000s}{appendix.A}% 295
\BOOKMARK [2][-]{subsection.A.7.1}{\376\377\000N\000a\000t\000u\000r\000a\000l\000\040\000L\000i\000g\000h\000t\000i\000n\000g}{section.A.7}% 296
\BOOKMARK [2][-]{subsection.A.7.2}{\376\377\000A\000r\000t\000i\000f\000i\000c\000i\000a\000l\000\040\000L\000i\000g\000h\000t\000i\000n\000g}{section.A.7}% 297
\BOOKMARK [1][-]{section.A.8}{\376\377\000T\000e\000c\000h\000n\000i\000c\000a\000l\000\040\000P\000a\000r\000a\000m\000e\000t\000e\000r\000s}{appendix.A}% 298
\BOOKMARK [2][-]{subsection.A.8.1}{\376\377\000D\000u\000r\000a\000t\000i\000o\000n\000\040\000C\000o\000n\000t\000r\000o\000l}{section.A.8}% 299
\BOOKMARK [2][-]{subsection.A.8.2}{\376\377\000Q\000u\000a\000l\000i\000t\000y\000\040\000S\000e\000t\000t\000i\000n\000g\000s}{section.A.8}% 300
\BOOKMARK [0][-]{appendix.B}{\376\377\000C\000a\000s\000e\000\040\000S\000t\000u\000d\000y\000\040\000L\000i\000b\000r\000a\000r\000y}{}% 301
\BOOKMARK [1][-]{section.B.1}{\376\377\000C\000o\000m\000m\000e\000r\000c\000i\000a\000l\000\040\000A\000p\000p\000l\000i\000c\000a\000t\000i\000o\000n\000s}{appendix.B}% 302
\BOOKMARK [2][-]{subsection.B.1.1}{\376\377\000B\000r\000a\000n\000d\000\040\000S\000t\000o\000r\000y\000t\000e\000l\000l\000i\000n\000g}{section.B.1}% 303
\BOOKMARK [2][-]{subsection.B.1.2}{\376\377\000P\000r\000o\000d\000u\000c\000t\000\040\000D\000e\000m\000o\000n\000s\000t\000r\000a\000t\000i\000o\000n\000s}{section.B.1}% 304
\BOOKMARK [1][-]{section.B.2}{\376\377\000E\000d\000u\000c\000a\000t\000i\000o\000n\000a\000l\000\040\000C\000o\000n\000t\000e\000n\000t}{appendix.B}% 305
\BOOKMARK [2][-]{subsection.B.2.1}{\376\377\000S\000c\000i\000e\000n\000t\000i\000f\000i\000c\000\040\000V\000i\000s\000u\000a\000l\000i\000z\000a\000t\000i\000o\000n}{section.B.2}% 306
\BOOKMARK [2][-]{subsection.B.2.2}{\376\377\000H\000i\000s\000t\000o\000r\000i\000c\000a\000l\000\040\000R\000e\000c\000r\000e\000a\000t\000i\000o\000n}{section.B.2}% 307
\BOOKMARK [1][-]{section.B.3}{\376\377\000A\000r\000t\000i\000s\000t\000i\000c\000\040\000E\000x\000p\000r\000e\000s\000s\000i\000o\000n}{appendix.B}% 308
\BOOKMARK [2][-]{subsection.B.3.1}{\376\377\000M\000u\000s\000i\000c\000\040\000V\000i\000d\000e\000o\000\040\000C\000r\000e\000a\000t\000i\000o\000n}{section.B.3}% 309
\BOOKMARK [2][-]{subsection.B.3.2}{\376\377\000A\000b\000s\000t\000r\000a\000c\000t\000\040\000S\000t\000o\000r\000y\000t\000e\000l\000l\000i\000n\000g}{section.B.3}% 310
\BOOKMARK [1][-]{section.B.4}{\376\377\000S\000o\000c\000i\000a\000l\000\040\000M\000e\000d\000i\000a\000\040\000C\000o\000n\000t\000e\000n\000t}{appendix.B}% 311
\BOOKMARK [2][-]{subsection.B.4.1}{\376\377\000V\000i\000r\000a\000l\000\040\000S\000t\000o\000r\000y\000t\000e\000l\000l\000i\000n\000g}{section.B.4}% 312
\BOOKMARK [2][-]{subsection.B.4.2}{\376\377\000P\000l\000a\000t\000f\000o\000r\000m\000-\000S\000p\000e\000c\000i\000f\000i\000c\000\040\000O\000p\000t\000i\000m\000i\000z\000a\000t\000i\000o\000n}{section.B.4}% 313
\BOOKMARK [1][-]{section.B.5}{\376\377\000T\000e\000c\000h\000n\000i\000c\000a\000l\000\040\000I\000n\000n\000o\000v\000a\000t\000i\000o\000n}{appendix.B}% 314
\BOOKMARK [2][-]{subsection.B.5.1}{\376\377\000C\000o\000m\000p\000l\000e\000x\000\040\000S\000c\000e\000n\000e\000\040\000C\000o\000o\000r\000d\000i\000n\000a\000t\000i\000o\000n}{section.B.5}% 315
\BOOKMARK [2][-]{subsection.B.5.2}{\376\377\000E\000n\000v\000i\000r\000o\000n\000m\000e\000n\000t\000a\000l\000\040\000S\000t\000o\000r\000y\000t\000e\000l\000l\000i\000n\000g}{section.B.5}% 316
\BOOKMARK [1][-]{section.B.6}{\376\377\000A\000n\000a\000l\000y\000s\000i\000s\000\040\000F\000r\000a\000m\000e\000w\000o\000r\000k}{appendix.B}% 317
\BOOKMARK [2][-]{subsection.B.6.1}{\376\377\000S\000u\000c\000c\000e\000s\000s\000\040\000M\000e\000t\000r\000i\000c\000s}{section.B.6}% 318
\BOOKMARK [2][-]{subsection.B.6.2}{\376\377\000C\000o\000m\000m\000o\000n\000\040\000P\000a\000t\000t\000e\000r\000n\000s}{section.B.6}% 319
\BOOKMARK [1][-]{section.B.7}{\376\377\000F\000u\000t\000u\000r\000e\000\040\000A\000p\000p\000l\000i\000c\000a\000t\000i\000o\000n\000s}{appendix.B}% 320
\BOOKMARK [2][-]{subsection.B.7.1}{\376\377\000E\000m\000e\000r\000g\000i\000n\000g\000\040\000U\000s\000e\000\040\000C\000a\000s\000e\000s}{section.B.7}% 321
\BOOKMARK [2][-]{subsection.B.7.2}{\376\377\000I\000n\000d\000u\000s\000t\000r\000y\000\040\000T\000r\000a\000n\000s\000f\000o\000r\000m\000a\000t\000i\000o\000n}{section.B.7}% 322
\BOOKMARK [0][-]{appendix.C}{\376\377\000E\000t\000h\000i\000c\000a\000l\000\040\000G\000u\000i\000d\000e\000l\000i\000n\000e\000s\000\040\000f\000o\000r\000\040\000A\000I\000\040\000F\000i\000l\000m\000m\000a\000k\000e\000r\000s}{}% 323
\BOOKMARK [1][-]{section.C.1}{\376\377\000F\000u\000n\000d\000a\000m\000e\000n\000t\000a\000l\000\040\000P\000r\000i\000n\000c\000i\000p\000l\000e\000s}{appendix.C}% 324
\BOOKMARK [2][-]{subsection.C.1.1}{\376\377\000T\000r\000a\000n\000s\000p\000a\000r\000e\000n\000c\000y\000\040\000a\000n\000d\000\040\000D\000i\000s\000c\000l\000o\000s\000u\000r\000e}{section.C.1}% 325
\BOOKMARK [2][-]{subsection.C.1.2}{\376\377\000C\000o\000n\000s\000e\000n\000t\000\040\000a\000n\000d\000\040\000R\000i\000g\000h\000t\000s}{section.C.1}% 326
\BOOKMARK [2][-]{subsection.C.1.3}{\376\377\000A\000u\000t\000h\000e\000n\000t\000i\000c\000i\000t\000y\000\040\000a\000n\000d\000\040\000M\000i\000s\000i\000n\000f\000o\000r\000m\000a\000t\000i\000o\000n}{section.C.1}% 327
\BOOKMARK [1][-]{section.C.2}{\376\377\000C\000o\000n\000t\000e\000n\000t\000\040\000G\000u\000i\000d\000e\000l\000i\000n\000e\000s}{appendix.C}% 328
\BOOKMARK [2][-]{subsection.C.2.1}{\376\377\000H\000a\000r\000m\000f\000u\000l\000\040\000C\000o\000n\000t\000e\000n\000t\000\040\000P\000r\000e\000v\000e\000n\000t\000i\000o\000n}{section.C.2}% 329
\BOOKMARK [2][-]{subsection.C.2.2}{\376\377\000C\000u\000l\000t\000u\000r\000a\000l\000\040\000S\000e\000n\000s\000i\000t\000i\000v\000i\000t\000y}{section.C.2}% 330
\BOOKMARK [1][-]{section.C.3}{\376\377\000P\000r\000o\000f\000e\000s\000s\000i\000o\000n\000a\000l\000\040\000S\000t\000a\000n\000d\000a\000r\000d\000s}{appendix.C}% 331
\BOOKMARK [2][-]{subsection.C.3.1}{\376\377\000C\000o\000m\000m\000e\000r\000c\000i\000a\000l\000\040\000U\000s\000e\000\040\000E\000t\000h\000i\000c\000s}{section.C.3}% 332
\BOOKMARK [2][-]{subsection.C.3.2}{\376\377\000J\000o\000u\000r\000n\000a\000l\000i\000s\000t\000i\000c\000\040\000A\000p\000p\000l\000i\000c\000a\000t\000i\000o\000n\000s}{section.C.3}% 333
\BOOKMARK [2][-]{subsection.C.3.3}{\376\377\000E\000d\000u\000c\000a\000t\000i\000o\000n\000a\000l\000\040\000C\000o\000n\000t\000e\000n\000t}{section.C.3}% 334
\BOOKMARK [1][-]{section.C.4}{\376\377\000T\000e\000c\000h\000n\000i\000c\000a\000l\000\040\000R\000e\000s\000p\000o\000n\000s\000i\000b\000i\000l\000i\000t\000y}{appendix.C}% 335
\BOOKMARK [2][-]{subsection.C.4.1}{\376\377\000D\000a\000t\000a\000\040\000P\000r\000i\000v\000a\000c\000y\000\040\000a\000n\000d\000\040\000S\000e\000c\000u\000r\000i\000t\000y}{section.C.4}% 336
\BOOKMARK [2][-]{subsection.C.4.2}{\376\377\000B\000i\000a\000s\000\040\000a\000n\000d\000\040\000F\000a\000i\000r\000n\000e\000s\000s}{section.C.4}% 337
\BOOKMARK [1][-]{section.C.5}{\376\377\000L\000e\000g\000a\000l\000\040\000C\000o\000n\000s\000i\000d\000e\000r\000a\000t\000i\000o\000n\000s}{appendix.C}% 338
\BOOKMARK [2][-]{subsection.C.5.1}{\376\377\000I\000n\000t\000e\000l\000l\000e\000c\000t\000u\000a\000l\000\040\000P\000r\000o\000p\000e\000r\000t\000y}{section.C.5}% 339
\BOOKMARK [2][-]{subsection.C.5.2}{\376\377\000L\000i\000a\000b\000i\000l\000i\000t\000y\000\040\000a\000n\000d\000\040\000R\000e\000s\000p\000o\000n\000s\000i\000b\000i\000l\000i\000t\000y}{section.C.5}% 340
\BOOKMARK [1][-]{section.C.6}{\376\377\000C\000o\000m\000m\000u\000n\000i\000t\000y\000\040\000G\000u\000i\000d\000e\000l\000i\000n\000e\000s}{appendix.C}% 341
\BOOKMARK [2][-]{subsection.C.6.1}{\376\377\000C\000o\000l\000l\000a\000b\000o\000r\000a\000t\000i\000v\000e\000\040\000E\000t\000h\000i\000c\000s}{section.C.6}% 342
\BOOKMARK [2][-]{subsection.C.6.2}{\376\377\000I\000n\000d\000u\000s\000t\000r\000y\000\040\000D\000e\000v\000e\000l\000o\000p\000m\000e\000n\000t}{section.C.6}% 343
\BOOKMARK [1][-]{section.C.7}{\376\377\000I\000m\000p\000l\000e\000m\000e\000n\000t\000a\000t\000i\000o\000n\000\040\000F\000r\000a\000m\000e\000w\000o\000r\000k}{appendix.C}% 344
\BOOKMARK [2][-]{subsection.C.7.1}{\376\377\000P\000e\000r\000s\000o\000n\000a\000l\000\040\000E\000t\000h\000i\000c\000s\000\040\000A\000s\000s\000e\000s\000s\000m\000e\000n\000t}{section.C.7}% 345
\BOOKMARK [2][-]{subsection.C.7.2}{\376\377\000O\000r\000g\000a\000n\000i\000z\000a\000t\000i\000o\000n\000a\000l\000\040\000P\000o\000l\000i\000c\000i\000e\000s}{section.C.7}% 346
\BOOKMARK [2][-]{subsection.C.7.3}{\376\377\000C\000o\000n\000t\000i\000n\000u\000o\000u\000s\000\040\000L\000e\000a\000r\000n\000i\000n\000g}{section.C.7}% 347
\BOOKMARK [0][-]{appendix.D}{\376\377\000G\000l\000o\000s\000s\000a\000r\000y\000\040\000o\000f\000\040\000K\000e\000y\000\040\000T\000e\000r\000m\000s}{}% 348
\BOOKMARK [1][-]{section.D.1}{\376\377\000T\000e\000c\000h\000n\000i\000c\000a\000l\000\040\000T\000e\000r\000m\000s}{appendix.D}% 349
\BOOKMARK [1][-]{section.D.2}{\376\377\000C\000r\000e\000a\000t\000i\000v\000e\000\040\000a\000n\000d\000\040\000F\000i\000l\000m\000m\000a\000k\000i\000n\000g\000\040\000T\000e\000r\000m\000s}{appendix.D}% 350
\BOOKMARK [1][-]{section.D.3}{\376\377\000S\000o\000r\000a\000\040\0002\000-\000S\000p\000e\000c\000i\000f\000i\000c\000\040\000T\000e\000r\000m\000i\000n\000o\000l\000o\000g\000y}{appendix.D}% 351
\BOOKMARK [1][-]{section.D.4}{\376\377\000P\000r\000o\000d\000u\000c\000t\000i\000o\000n\000\040\000a\000n\000d\000\040\000W\000o\000r\000k\000f\000l\000o\000w\000\040\000T\000e\000r\000m\000s}{appendix.D}% 352
\BOOKMARK [1][-]{section.D.5}{\376\377\000E\000t\000h\000i\000c\000a\000l\000\040\000a\000n\000d\000\040\000L\000e\000g\000a\000l\000\040\000T\000e\000r\000m\000s}{appendix.D}% 353
\BOOKMARK [1][-]{section.D.6}{\376\377\000T\000e\000c\000h\000n\000i\000c\000a\000l\000\040\000S\000p\000e\000c\000i\000f\000i\000c\000a\000t\000i\000o\000n\000s}{appendix.D}% 354
\BOOKMARK [1][-]{section.D.7}{\376\377\000E\000m\000e\000r\000g\000i\000n\000g\000\040\000C\000o\000n\000c\000e\000p\000t\000s}{appendix.D}% 355
\BOOKMARK [1][-]{section.D.8}{\376\377\000I\000n\000d\000u\000s\000t\000r\000y\000\040\000a\000n\000d\000\040\000B\000u\000s\000i\000n\000e\000s\000s\000\040\000T\000e\000r\000m\000s}{appendix.D}% 356
\BOOKMARK [1][-]{section.D.9}{\376\377\000R\000e\000s\000e\000a\000r\000c\000h\000\040\000a\000n\000d\000\040\000D\000e\000v\000e\000l\000o\000p\000m\000e\000n\000t\000\040\000T\000e\000r\000m\000s}{appendix.D}% 357
\BOOKMARK [0][-]{appendix.E}{\376\377\000L\000e\000g\000a\000l\000,\000\040\000E\000t\000h\000i\000c\000a\000l\000,\000\040\000a\000n\000d\000\040\000C\000o\000m\000p\000l\000i\000a\000n\000c\000e\000\040\000G\000u\000i\000d\000e\000l\000i\000n\000e\000s}{}% 358
\BOOKMARK [1][-]{section.E.1}{\376\377\000L\000e\000g\000a\000l\000\040\000D\000i\000s\000c\000l\000a\000i\000m\000e\000r\000s\000\040\000a\000n\000d\000\040\000L\000i\000a\000b\000i\000l\000i\000t\000y}{appendix.E}% 359
\BOOKMARK [2][-]{subsection.E.1.1}{\376\377\000G\000e\000n\000e\000r\000a\000l\000\040\000D\000i\000s\000c\000l\000a\000i\000m\000e\000r}{section.E.1}% 360
\BOOKMARK [2][-]{subsection.E.1.2}{\376\377\000L\000i\000m\000i\000t\000a\000t\000i\000o\000n\000\040\000o\000f\000\040\000L\000i\000a\000b\000i\000l\000i\000t\000y}{section.E.1}% 361
\BOOKMARK [2][-]{subsection.E.1.3}{\376\377\000T\000e\000c\000h\000n\000o\000l\000o\000g\000y\000\040\000E\000v\000o\000l\000u\000t\000i\000o\000n\000\040\000D\000i\000s\000c\000l\000a\000i\000m\000e\000r}{section.E.1}% 362
\BOOKMARK [1][-]{section.E.2}{\376\377\000C\000o\000p\000y\000r\000i\000g\000h\000t\000\040\000a\000n\000d\000\040\000I\000n\000t\000e\000l\000l\000e\000c\000t\000u\000a\000l\000\040\000P\000r\000o\000p\000e\000r\000t\000y}{appendix.E}% 363
\BOOKMARK [2][-]{subsection.E.2.1}{\376\377\000A\000I\000-\000G\000e\000n\000e\000r\000a\000t\000e\000d\000\040\000C\000o\000n\000t\000e\000n\000t\000\040\000C\000o\000p\000y\000r\000i\000g\000h\000t}{section.E.2}% 364
\BOOKMARK [2][-]{subsection.E.2.2}{\376\377\000T\000h\000i\000r\000d\000-\000P\000a\000r\000t\000y\000\040\000C\000o\000n\000t\000e\000n\000t\000\040\000a\000n\000d\000\040\000F\000a\000i\000r\000\040\000U\000s\000e}{section.E.2}% 365
\BOOKMARK [2][-]{subsection.E.2.3}{\376\377\000A\000t\000t\000r\000i\000b\000u\000t\000i\000o\000n\000\040\000a\000n\000d\000\040\000C\000i\000t\000a\000t\000i\000o\000n}{section.E.2}% 366
\BOOKMARK [1][-]{section.E.3}{\376\377\000P\000r\000i\000v\000a\000c\000y\000\040\000a\000n\000d\000\040\000P\000o\000r\000t\000r\000a\000i\000t\000\040\000R\000i\000g\000h\000t\000s}{appendix.E}% 367
\BOOKMARK [2][-]{subsection.E.3.1}{\376\377\000L\000i\000k\000e\000n\000e\000s\000s\000\040\000a\000n\000d\000\040\000I\000d\000e\000n\000t\000i\000t\000y}{section.E.3}% 368
\BOOKMARK [2][-]{subsection.E.3.2}{\376\377\000D\000a\000t\000a\000\040\000P\000r\000o\000t\000e\000c\000t\000i\000o\000n}{section.E.3}% 369
\BOOKMARK [1][-]{section.E.4}{\376\377\000P\000l\000a\000t\000f\000o\000r\000m\000-\000S\000p\000e\000c\000i\000f\000i\000c\000\040\000C\000o\000m\000p\000l\000i\000a\000n\000c\000e}{appendix.E}% 370
\BOOKMARK [2][-]{subsection.E.4.1}{\376\377\000O\000p\000e\000n\000A\000I\000\040\000T\000e\000r\000m\000s\000\040\000o\000f\000\040\000S\000e\000r\000v\000i\000c\000e}{section.E.4}% 371
\BOOKMARK [2][-]{subsection.E.4.2}{\376\377\000D\000i\000s\000t\000r\000i\000b\000u\000t\000i\000o\000n\000\040\000P\000l\000a\000t\000f\000o\000r\000m\000\040\000C\000o\000m\000p\000l\000i\000a\000n\000c\000e}{section.E.4}% 372
\BOOKMARK [1][-]{section.E.5}{\376\377\000E\000t\000h\000i\000c\000a\000l\000\040\000G\000u\000i\000d\000e\000l\000i\000n\000e\000s}{appendix.E}% 373
\BOOKMARK [2][-]{subsection.E.5.1}{\376\377\000R\000e\000s\000p\000o\000n\000s\000i\000b\000l\000e\000\040\000A\000I\000\040\000U\000s\000e}{section.E.5}% 374
\BOOKMARK [2][-]{subsection.E.5.2}{\376\377\000T\000r\000a\000n\000s\000p\000a\000r\000e\000n\000c\000y\000\040\000a\000n\000d\000\040\000D\000i\000s\000c\000l\000o\000s\000u\000r\000e}{section.E.5}% 375
\BOOKMARK [2][-]{subsection.E.5.3}{\376\377\000E\000n\000v\000i\000r\000o\000n\000m\000e\000n\000t\000a\000l\000\040\000C\000o\000n\000s\000i\000d\000e\000r\000a\000t\000i\000o\000n\000s}{section.E.5}% 376
\BOOKMARK [1][-]{section.E.6}{\376\377\000B\000e\000s\000t\000\040\000P\000r\000a\000c\000t\000i\000c\000e\000s\000\040\000f\000o\000r\000\040\000C\000o\000m\000p\000l\000i\000a\000n\000c\000e}{appendix.E}% 377
\BOOKMARK [2][-]{subsection.E.6.1}{\376\377\000D\000o\000c\000u\000m\000e\000n\000t\000a\000t\000i\000o\000n\000\040\000a\000n\000d\000\040\000R\000e\000c\000o\000r\000d\000-\000K\000e\000e\000p\000i\000n\000g}{section.E.6}% 378
\BOOKMARK [2][-]{subsection.E.6.2}{\376\377\000L\000e\000g\000a\000l\000\040\000R\000e\000v\000i\000e\000w\000\040\000P\000r\000o\000c\000e\000s\000s}{section.E.6}% 379
\BOOKMARK [2][-]{subsection.E.6.3}{\376\377\000R\000i\000s\000k\000\040\000M\000i\000t\000i\000g\000a\000t\000i\000o\000n}{section.E.6}% 380
\BOOKMARK [1][-]{section.E.7}{\376\377\000I\000n\000t\000e\000r\000n\000a\000t\000i\000o\000n\000a\000l\000\040\000C\000o\000n\000s\000i\000d\000e\000r\000a\000t\000i\000o\000n\000s}{appendix.E}% 381
\BOOKMARK [2][-]{subsection.E.7.1}{\376\377\000J\000u\000r\000i\000s\000d\000i\000c\000t\000i\000o\000n\000a\000l\000\040\000V\000a\000r\000i\000a\000t\000i\000o\000n\000s}{section.E.7}% 382
\BOOKMARK [2][-]{subsection.E.7.2}{\376\377\000E\000m\000e\000r\000g\000i\000n\000g\000\040\000R\000e\000g\000u\000l\000a\000t\000i\000o\000n\000s}{section.E.7}% 383
\BOOKMARK [1][-]{section.E.8}{\376\377\000R\000e\000s\000o\000u\000r\000c\000e\000s\000\040\000a\000n\000d\000\040\000F\000u\000r\000t\000h\000e\000r\000\040\000R\000e\000a\000d\000i\000n\000g}{appendix.E}% 384
\BOOKMARK [2][-]{subsection.E.8.1}{\376\377\000L\000e\000g\000a\000l\000\040\000R\000e\000s\000o\000u\000r\000c\000e\000s}{section.E.8}% 385
\BOOKMARK [2][-]{subsection.E.8.2}{\376\377\000E\000t\000h\000i\000c\000a\000l\000\040\000G\000u\000i\000d\000e\000l\000i\000n\000e\000s}{section.E.8}% 386
