\BOOKMARK [0][-]{appendix.A}{\376\377\000P\000r\000o\000m\000p\000t\000\040\000S\000y\000n\000t\000a\000x\000\040\000R\000e\000f\000e\000r\000e\000n\000c\000e}{}% 1
\BOOKMARK [1][-]{section.A.1}{\376\377\000B\000a\000s\000i\000c\000\040\000S\000t\000r\000u\000c\000t\000u\000r\000e}{appendix.A}% 2
\BOOKMARK [2][-]{subsection.A.1.1}{\376\377\000E\000s\000s\000e\000n\000t\000i\000a\000l\000\040\000C\000o\000m\000p\000o\000n\000e\000n\000t\000s}{section.A.1}% 3
\BOOKMARK [1][-]{section.A.2}{\376\377\000S\000u\000b\000j\000e\000c\000t\000\040\000D\000e\000s\000c\000r\000i\000p\000t\000o\000r\000s}{appendix.A}% 4
\BOOKMARK [2][-]{subsection.A.2.1}{\376\377\000C\000h\000a\000r\000a\000c\000t\000e\000r\000\040\000T\000y\000p\000e\000s}{section.A.2}% 5
\BOOKMARK [2][-]{subsection.A.2.2}{\376\377\000O\000b\000j\000e\000c\000t\000s\000\040\000a\000n\000d\000\040\000E\000l\000e\000m\000e\000n\000t\000s}{section.A.2}% 6
\BOOKMARK [1][-]{section.A.3}{\376\377\000A\000c\000t\000i\000o\000n\000\040\000V\000e\000r\000b\000s}{appendix.A}% 7
\BOOKMARK [2][-]{subsection.A.3.1}{\376\377\000M\000o\000v\000e\000m\000e\000n\000t\000\040\000T\000y\000p\000e\000s}{section.A.3}% 8
\BOOKMARK [2][-]{subsection.A.3.2}{\376\377\000T\000e\000m\000p\000o\000r\000a\000l\000\040\000M\000o\000d\000i\000f\000i\000e\000r\000s}{section.A.3}% 9
\BOOKMARK [1][-]{section.A.4}{\376\377\000S\000e\000t\000t\000i\000n\000g\000\040\000a\000n\000d\000\040\000E\000n\000v\000i\000r\000o\000n\000m\000e\000n\000t}{appendix.A}% 10
\BOOKMARK [2][-]{subsection.A.4.1}{\376\377\000L\000o\000c\000a\000t\000i\000o\000n\000s}{section.A.4}% 11
\BOOKMARK [2][-]{subsection.A.4.2}{\376\377\000A\000t\000m\000o\000s\000p\000h\000e\000r\000i\000c\000\040\000C\000o\000n\000d\000i\000t\000i\000o\000n\000s}{section.A.4}% 12
\BOOKMARK [1][-]{section.A.5}{\376\377\000V\000i\000s\000u\000a\000l\000\040\000S\000t\000y\000l\000e\000\040\000K\000e\000y\000w\000o\000r\000d\000s}{appendix.A}% 13
\BOOKMARK [2][-]{subsection.A.5.1}{\376\377\000C\000i\000n\000e\000m\000a\000t\000i\000c\000\040\000S\000t\000y\000l\000e\000s}{section.A.5}% 14
\BOOKMARK [2][-]{subsection.A.5.2}{\376\377\000C\000o\000l\000o\000r\000\040\000P\000a\000l\000e\000t\000t\000e\000s}{section.A.5}% 15
\BOOKMARK [1][-]{section.A.6}{\376\377\000C\000a\000m\000e\000r\000a\000\040\000M\000o\000v\000e\000m\000e\000n\000t\000s}{appendix.A}% 16
\BOOKMARK [2][-]{subsection.A.6.1}{\376\377\000B\000a\000s\000i\000c\000\040\000M\000o\000v\000e\000m\000e\000n\000t\000s}{section.A.6}% 17
\BOOKMARK [2][-]{subsection.A.6.2}{\376\377\000A\000d\000v\000a\000n\000c\000e\000d\000\040\000M\000o\000v\000e\000m\000e\000n\000t\000s}{section.A.6}% 18
\BOOKMARK [1][-]{section.A.7}{\376\377\000L\000i\000g\000h\000t\000i\000n\000g\000\040\000C\000o\000n\000d\000i\000t\000i\000o\000n\000s}{appendix.A}% 19
\BOOKMARK [2][-]{subsection.A.7.1}{\376\377\000N\000a\000t\000u\000r\000a\000l\000\040\000L\000i\000g\000h\000t\000i\000n\000g}{section.A.7}% 20
\BOOKMARK [2][-]{subsection.A.7.2}{\376\377\000A\000r\000t\000i\000f\000i\000c\000i\000a\000l\000\040\000L\000i\000g\000h\000t\000i\000n\000g}{section.A.7}% 21
\BOOKMARK [1][-]{section.A.8}{\376\377\000T\000e\000c\000h\000n\000i\000c\000a\000l\000\040\000P\000a\000r\000a\000m\000e\000t\000e\000r\000s}{appendix.A}% 22
\BOOKMARK [2][-]{subsection.A.8.1}{\376\377\000D\000u\000r\000a\000t\000i\000o\000n\000\040\000C\000o\000n\000t\000r\000o\000l}{section.A.8}% 23
\BOOKMARK [2][-]{subsection.A.8.2}{\376\377\000Q\000u\000a\000l\000i\000t\000y\000\040\000S\000e\000t\000t\000i\000n\000g\000s}{section.A.8}% 24
\BOOKMARK [0][-]{appendix.B}{\376\377\000C\000a\000s\000e\000\040\000S\000t\000u\000d\000y\000\040\000L\000i\000b\000r\000a\000r\000y}{}% 25
\BOOKMARK [1][-]{section.B.1}{\376\377\000C\000o\000m\000m\000e\000r\000c\000i\000a\000l\000\040\000A\000p\000p\000l\000i\000c\000a\000t\000i\000o\000n\000s}{appendix.B}% 26
\BOOKMARK [2][-]{subsection.B.1.1}{\376\377\000B\000r\000a\000n\000d\000\040\000S\000t\000o\000r\000y\000t\000e\000l\000l\000i\000n\000g}{section.B.1}% 27
\BOOKMARK [2][-]{subsection.B.1.2}{\376\377\000P\000r\000o\000d\000u\000c\000t\000\040\000D\000e\000m\000o\000n\000s\000t\000r\000a\000t\000i\000o\000n\000s}{section.B.1}% 28
\BOOKMARK [1][-]{section.B.2}{\376\377\000E\000d\000u\000c\000a\000t\000i\000o\000n\000a\000l\000\040\000C\000o\000n\000t\000e\000n\000t}{appendix.B}% 29
\BOOKMARK [2][-]{subsection.B.2.1}{\376\377\000S\000c\000i\000e\000n\000t\000i\000f\000i\000c\000\040\000V\000i\000s\000u\000a\000l\000i\000z\000a\000t\000i\000o\000n}{section.B.2}% 30
\BOOKMARK [2][-]{subsection.B.2.2}{\376\377\000H\000i\000s\000t\000o\000r\000i\000c\000a\000l\000\040\000R\000e\000c\000r\000e\000a\000t\000i\000o\000n}{section.B.2}% 31
\BOOKMARK [1][-]{section.B.3}{\376\377\000A\000r\000t\000i\000s\000t\000i\000c\000\040\000E\000x\000p\000r\000e\000s\000s\000i\000o\000n}{appendix.B}% 32
\BOOKMARK [2][-]{subsection.B.3.1}{\376\377\000M\000u\000s\000i\000c\000\040\000V\000i\000d\000e\000o\000\040\000C\000r\000e\000a\000t\000i\000o\000n}{section.B.3}% 33
\BOOKMARK [2][-]{subsection.B.3.2}{\376\377\000A\000b\000s\000t\000r\000a\000c\000t\000\040\000S\000t\000o\000r\000y\000t\000e\000l\000l\000i\000n\000g}{section.B.3}% 34
\BOOKMARK [1][-]{section.B.4}{\376\377\000S\000o\000c\000i\000a\000l\000\040\000M\000e\000d\000i\000a\000\040\000C\000o\000n\000t\000e\000n\000t}{appendix.B}% 35
\BOOKMARK [2][-]{subsection.B.4.1}{\376\377\000V\000i\000r\000a\000l\000\040\000S\000t\000o\000r\000y\000t\000e\000l\000l\000i\000n\000g}{section.B.4}% 36
\BOOKMARK [2][-]{subsection.B.4.2}{\376\377\000P\000l\000a\000t\000f\000o\000r\000m\000-\000S\000p\000e\000c\000i\000f\000i\000c\000\040\000O\000p\000t\000i\000m\000i\000z\000a\000t\000i\000o\000n}{section.B.4}% 37
\BOOKMARK [1][-]{section.B.5}{\376\377\000T\000e\000c\000h\000n\000i\000c\000a\000l\000\040\000I\000n\000n\000o\000v\000a\000t\000i\000o\000n}{appendix.B}% 38
\BOOKMARK [2][-]{subsection.B.5.1}{\376\377\000C\000o\000m\000p\000l\000e\000x\000\040\000S\000c\000e\000n\000e\000\040\000C\000o\000o\000r\000d\000i\000n\000a\000t\000i\000o\000n}{section.B.5}% 39
\BOOKMARK [2][-]{subsection.B.5.2}{\376\377\000E\000n\000v\000i\000r\000o\000n\000m\000e\000n\000t\000a\000l\000\040\000S\000t\000o\000r\000y\000t\000e\000l\000l\000i\000n\000g}{section.B.5}% 40
\BOOKMARK [1][-]{section.B.6}{\376\377\000A\000n\000a\000l\000y\000s\000i\000s\000\040\000F\000r\000a\000m\000e\000w\000o\000r\000k}{appendix.B}% 41
\BOOKMARK [2][-]{subsection.B.6.1}{\376\377\000S\000u\000c\000c\000e\000s\000s\000\040\000M\000e\000t\000r\000i\000c\000s}{section.B.6}% 42
\BOOKMARK [2][-]{subsection.B.6.2}{\376\377\000C\000o\000m\000m\000o\000n\000\040\000P\000a\000t\000t\000e\000r\000n\000s}{section.B.6}% 43
\BOOKMARK [1][-]{section.B.7}{\376\377\000F\000u\000t\000u\000r\000e\000\040\000A\000p\000p\000l\000i\000c\000a\000t\000i\000o\000n\000s}{appendix.B}% 44
\BOOKMARK [2][-]{subsection.B.7.1}{\376\377\000E\000m\000e\000r\000g\000i\000n\000g\000\040\000U\000s\000e\000\040\000C\000a\000s\000e\000s}{section.B.7}% 45
\BOOKMARK [2][-]{subsection.B.7.2}{\376\377\000I\000n\000d\000u\000s\000t\000r\000y\000\040\000T\000r\000a\000n\000s\000f\000o\000r\000m\000a\000t\000i\000o\000n}{section.B.7}% 46
\BOOKMARK [0][-]{appendix.C}{\376\377\000E\000t\000h\000i\000c\000a\000l\000\040\000G\000u\000i\000d\000e\000l\000i\000n\000e\000s\000\040\000f\000o\000r\000\040\000A\000I\000\040\000F\000i\000l\000m\000m\000a\000k\000e\000r\000s}{}% 47
\BOOKMARK [1][-]{section.C.1}{\376\377\000F\000u\000n\000d\000a\000m\000e\000n\000t\000a\000l\000\040\000P\000r\000i\000n\000c\000i\000p\000l\000e\000s}{appendix.C}% 48
\BOOKMARK [2][-]{subsection.C.1.1}{\376\377\000T\000r\000a\000n\000s\000p\000a\000r\000e\000n\000c\000y\000\040\000a\000n\000d\000\040\000D\000i\000s\000c\000l\000o\000s\000u\000r\000e}{section.C.1}% 49
\BOOKMARK [2][-]{subsection.C.1.2}{\376\377\000C\000o\000n\000s\000e\000n\000t\000\040\000a\000n\000d\000\040\000R\000i\000g\000h\000t\000s}{section.C.1}% 50
\BOOKMARK [2][-]{subsection.C.1.3}{\376\377\000A\000u\000t\000h\000e\000n\000t\000i\000c\000i\000t\000y\000\040\000a\000n\000d\000\040\000M\000i\000s\000i\000n\000f\000o\000r\000m\000a\000t\000i\000o\000n}{section.C.1}% 51
\BOOKMARK [1][-]{section.C.2}{\376\377\000C\000o\000n\000t\000e\000n\000t\000\040\000G\000u\000i\000d\000e\000l\000i\000n\000e\000s}{appendix.C}% 52
\BOOKMARK [2][-]{subsection.C.2.1}{\376\377\000H\000a\000r\000m\000f\000u\000l\000\040\000C\000o\000n\000t\000e\000n\000t\000\040\000P\000r\000e\000v\000e\000n\000t\000i\000o\000n}{section.C.2}% 53
\BOOKMARK [2][-]{subsection.C.2.2}{\376\377\000C\000u\000l\000t\000u\000r\000a\000l\000\040\000S\000e\000n\000s\000i\000t\000i\000v\000i\000t\000y}{section.C.2}% 54
\BOOKMARK [1][-]{section.C.3}{\376\377\000P\000r\000o\000f\000e\000s\000s\000i\000o\000n\000a\000l\000\040\000S\000t\000a\000n\000d\000a\000r\000d\000s}{appendix.C}% 55
\BOOKMARK [2][-]{subsection.C.3.1}{\376\377\000C\000o\000m\000m\000e\000r\000c\000i\000a\000l\000\040\000U\000s\000e\000\040\000E\000t\000h\000i\000c\000s}{section.C.3}% 56
\BOOKMARK [2][-]{subsection.C.3.2}{\376\377\000J\000o\000u\000r\000n\000a\000l\000i\000s\000t\000i\000c\000\040\000A\000p\000p\000l\000i\000c\000a\000t\000i\000o\000n\000s}{section.C.3}% 57
\BOOKMARK [2][-]{subsection.C.3.3}{\376\377\000E\000d\000u\000c\000a\000t\000i\000o\000n\000a\000l\000\040\000C\000o\000n\000t\000e\000n\000t}{section.C.3}% 58
\BOOKMARK [1][-]{section.C.4}{\376\377\000T\000e\000c\000h\000n\000i\000c\000a\000l\000\040\000R\000e\000s\000p\000o\000n\000s\000i\000b\000i\000l\000i\000t\000y}{appendix.C}% 59
\BOOKMARK [2][-]{subsection.C.4.1}{\376\377\000D\000a\000t\000a\000\040\000P\000r\000i\000v\000a\000c\000y\000\040\000a\000n\000d\000\040\000S\000e\000c\000u\000r\000i\000t\000y}{section.C.4}% 60
\BOOKMARK [2][-]{subsection.C.4.2}{\376\377\000B\000i\000a\000s\000\040\000a\000n\000d\000\040\000F\000a\000i\000r\000n\000e\000s\000s}{section.C.4}% 61
\BOOKMARK [1][-]{section.C.5}{\376\377\000L\000e\000g\000a\000l\000\040\000C\000o\000n\000s\000i\000d\000e\000r\000a\000t\000i\000o\000n\000s}{appendix.C}% 62
\BOOKMARK [2][-]{subsection.C.5.1}{\376\377\000I\000n\000t\000e\000l\000l\000e\000c\000t\000u\000a\000l\000\040\000P\000r\000o\000p\000e\000r\000t\000y}{section.C.5}% 63
\BOOKMARK [2][-]{subsection.C.5.2}{\376\377\000L\000i\000a\000b\000i\000l\000i\000t\000y\000\040\000a\000n\000d\000\040\000R\000e\000s\000p\000o\000n\000s\000i\000b\000i\000l\000i\000t\000y}{section.C.5}% 64
\BOOKMARK [1][-]{section.C.6}{\376\377\000C\000o\000m\000m\000u\000n\000i\000t\000y\000\040\000G\000u\000i\000d\000e\000l\000i\000n\000e\000s}{appendix.C}% 65
\BOOKMARK [2][-]{subsection.C.6.1}{\376\377\000C\000o\000l\000l\000a\000b\000o\000r\000a\000t\000i\000v\000e\000\040\000E\000t\000h\000i\000c\000s}{section.C.6}% 66
\BOOKMARK [2][-]{subsection.C.6.2}{\376\377\000I\000n\000d\000u\000s\000t\000r\000y\000\040\000D\000e\000v\000e\000l\000o\000p\000m\000e\000n\000t}{section.C.6}% 67
\BOOKMARK [1][-]{section.C.7}{\376\377\000I\000m\000p\000l\000e\000m\000e\000n\000t\000a\000t\000i\000o\000n\000\040\000F\000r\000a\000m\000e\000w\000o\000r\000k}{appendix.C}% 68
\BOOKMARK [2][-]{subsection.C.7.1}{\376\377\000P\000e\000r\000s\000o\000n\000a\000l\000\040\000E\000t\000h\000i\000c\000s\000\040\000A\000s\000s\000e\000s\000s\000m\000e\000n\000t}{section.C.7}% 69
\BOOKMARK [2][-]{subsection.C.7.2}{\376\377\000O\000r\000g\000a\000n\000i\000z\000a\000t\000i\000o\000n\000a\000l\000\040\000P\000o\000l\000i\000c\000i\000e\000s}{section.C.7}% 70
\BOOKMARK [2][-]{subsection.C.7.3}{\376\377\000C\000o\000n\000t\000i\000n\000u\000o\000u\000s\000\040\000L\000e\000a\000r\000n\000i\000n\000g}{section.C.7}% 71
\BOOKMARK [0][-]{appendix.D}{\376\377\000G\000l\000o\000s\000s\000a\000r\000y\000\040\000o\000f\000\040\000K\000e\000y\000\040\000T\000e\000r\000m\000s}{}% 72
\BOOKMARK [1][-]{section.D.1}{\376\377\000T\000e\000c\000h\000n\000i\000c\000a\000l\000\040\000T\000e\000r\000m\000s}{appendix.D}% 73
\BOOKMARK [1][-]{section.D.2}{\376\377\000C\000r\000e\000a\000t\000i\000v\000e\000\040\000a\000n\000d\000\040\000F\000i\000l\000m\000m\000a\000k\000i\000n\000g\000\040\000T\000e\000r\000m\000s}{appendix.D}% 74
\BOOKMARK [1][-]{section.D.3}{\376\377\000S\000o\000r\000a\0002\000-\000S\000p\000e\000c\000i\000f\000i\000c\000\040\000T\000e\000r\000m\000i\000n\000o\000l\000o\000g\000y}{appendix.D}% 75
\BOOKMARK [1][-]{section.D.4}{\376\377\000P\000r\000o\000d\000u\000c\000t\000i\000o\000n\000\040\000a\000n\000d\000\040\000W\000o\000r\000k\000f\000l\000o\000w\000\040\000T\000e\000r\000m\000s}{appendix.D}% 76
\BOOKMARK [1][-]{section.D.5}{\376\377\000E\000t\000h\000i\000c\000a\000l\000\040\000a\000n\000d\000\040\000L\000e\000g\000a\000l\000\040\000T\000e\000r\000m\000s}{appendix.D}% 77
\BOOKMARK [1][-]{section.D.6}{\376\377\000T\000e\000c\000h\000n\000i\000c\000a\000l\000\040\000S\000p\000e\000c\000i\000f\000i\000c\000a\000t\000i\000o\000n\000s}{appendix.D}% 78
\BOOKMARK [1][-]{section.D.7}{\376\377\000E\000m\000e\000r\000g\000i\000n\000g\000\040\000C\000o\000n\000c\000e\000p\000t\000s}{appendix.D}% 79
\BOOKMARK [1][-]{section.D.8}{\376\377\000I\000n\000d\000u\000s\000t\000r\000y\000\040\000a\000n\000d\000\040\000B\000u\000s\000i\000n\000e\000s\000s\000\040\000T\000e\000r\000m\000s}{appendix.D}% 80
\BOOKMARK [1][-]{section.D.9}{\376\377\000R\000e\000s\000e\000a\000r\000c\000h\000\040\000a\000n\000d\000\040\000D\000e\000v\000e\000l\000o\000p\000m\000e\000n\000t\000\040\000T\000e\000r\000m\000s}{appendix.D}% 81
\BOOKMARK [0][-]{appendix.E}{\376\377\000L\000e\000g\000a\000l\000,\000\040\000E\000t\000h\000i\000c\000a\000l\000,\000\040\000a\000n\000d\000\040\000C\000o\000m\000p\000l\000i\000a\000n\000c\000e\000\040\000G\000u\000i\000d\000e\000l\000i\000n\000e\000s}{}% 82
\BOOKMARK [1][-]{section.E.1}{\376\377\000L\000e\000g\000a\000l\000\040\000D\000i\000s\000c\000l\000a\000i\000m\000e\000r\000s\000\040\000a\000n\000d\000\040\000L\000i\000a\000b\000i\000l\000i\000t\000y}{appendix.E}% 83
\BOOKMARK [2][-]{subsection.E.1.1}{\376\377\000G\000e\000n\000e\000r\000a\000l\000\040\000D\000i\000s\000c\000l\000a\000i\000m\000e\000r}{section.E.1}% 84
\BOOKMARK [2][-]{subsection.E.1.2}{\376\377\000L\000i\000m\000i\000t\000a\000t\000i\000o\000n\000\040\000o\000f\000\040\000L\000i\000a\000b\000i\000l\000i\000t\000y}{section.E.1}% 85
\BOOKMARK [2][-]{subsection.E.1.3}{\376\377\000T\000e\000c\000h\000n\000o\000l\000o\000g\000y\000\040\000E\000v\000o\000l\000u\000t\000i\000o\000n\000\040\000D\000i\000s\000c\000l\000a\000i\000m\000e\000r}{section.E.1}% 86
\BOOKMARK [1][-]{section.E.2}{\376\377\000C\000o\000p\000y\000r\000i\000g\000h\000t\000\040\000a\000n\000d\000\040\000I\000n\000t\000e\000l\000l\000e\000c\000t\000u\000a\000l\000\040\000P\000r\000o\000p\000e\000r\000t\000y}{appendix.E}% 87
\BOOKMARK [2][-]{subsection.E.2.1}{\376\377\000A\000I\000-\000G\000e\000n\000e\000r\000a\000t\000e\000d\000\040\000C\000o\000n\000t\000e\000n\000t\000\040\000C\000o\000p\000y\000r\000i\000g\000h\000t}{section.E.2}% 88
\BOOKMARK [2][-]{subsection.E.2.2}{\376\377\000T\000h\000i\000r\000d\000-\000P\000a\000r\000t\000y\000\040\000C\000o\000n\000t\000e\000n\000t\000\040\000a\000n\000d\000\040\000F\000a\000i\000r\000\040\000U\000s\000e}{section.E.2}% 89
\BOOKMARK [2][-]{subsection.E.2.3}{\376\377\000A\000t\000t\000r\000i\000b\000u\000t\000i\000o\000n\000\040\000a\000n\000d\000\040\000C\000i\000t\000a\000t\000i\000o\000n}{section.E.2}% 90
\BOOKMARK [1][-]{section.E.3}{\376\377\000P\000r\000i\000v\000a\000c\000y\000\040\000a\000n\000d\000\040\000P\000o\000r\000t\000r\000a\000i\000t\000\040\000R\000i\000g\000h\000t\000s}{appendix.E}% 91
\BOOKMARK [2][-]{subsection.E.3.1}{\376\377\000L\000i\000k\000e\000n\000e\000s\000s\000\040\000a\000n\000d\000\040\000I\000d\000e\000n\000t\000i\000t\000y}{section.E.3}% 92
\BOOKMARK [2][-]{subsection.E.3.2}{\376\377\000D\000a\000t\000a\000\040\000P\000r\000o\000t\000e\000c\000t\000i\000o\000n}{section.E.3}% 93
\BOOKMARK [1][-]{section.E.4}{\376\377\000P\000l\000a\000t\000f\000o\000r\000m\000-\000S\000p\000e\000c\000i\000f\000i\000c\000\040\000C\000o\000m\000p\000l\000i\000a\000n\000c\000e}{appendix.E}% 94
\BOOKMARK [2][-]{subsection.E.4.1}{\376\377\000O\000p\000e\000n\000A\000I\000\040\000T\000e\000r\000m\000s\000\040\000o\000f\000\040\000S\000e\000r\000v\000i\000c\000e}{section.E.4}% 95
\BOOKMARK [2][-]{subsection.E.4.2}{\376\377\000D\000i\000s\000t\000r\000i\000b\000u\000t\000i\000o\000n\000\040\000P\000l\000a\000t\000f\000o\000r\000m\000\040\000C\000o\000m\000p\000l\000i\000a\000n\000c\000e}{section.E.4}% 96
\BOOKMARK [1][-]{section.E.5}{\376\377\000E\000t\000h\000i\000c\000a\000l\000\040\000G\000u\000i\000d\000e\000l\000i\000n\000e\000s}{appendix.E}% 97
\BOOKMARK [2][-]{subsection.E.5.1}{\376\377\000R\000e\000s\000p\000o\000n\000s\000i\000b\000l\000e\000\040\000A\000I\000\040\000U\000s\000e}{section.E.5}% 98
\BOOKMARK [2][-]{subsection.E.5.2}{\376\377\000T\000r\000a\000n\000s\000p\000a\000r\000e\000n\000c\000y\000\040\000a\000n\000d\000\040\000D\000i\000s\000c\000l\000o\000s\000u\000r\000e}{section.E.5}% 99
\BOOKMARK [2][-]{subsection.E.5.3}{\376\377\000E\000n\000v\000i\000r\000o\000n\000m\000e\000n\000t\000a\000l\000\040\000C\000o\000n\000s\000i\000d\000e\000r\000a\000t\000i\000o\000n\000s}{section.E.5}% 100
\BOOKMARK [1][-]{section.E.6}{\376\377\000B\000e\000s\000t\000\040\000P\000r\000a\000c\000t\000i\000c\000e\000s\000\040\000f\000o\000r\000\040\000C\000o\000m\000p\000l\000i\000a\000n\000c\000e}{appendix.E}% 101
\BOOKMARK [2][-]{subsection.E.6.1}{\376\377\000D\000o\000c\000u\000m\000e\000n\000t\000a\000t\000i\000o\000n\000\040\000a\000n\000d\000\040\000R\000e\000c\000o\000r\000d\000-\000K\000e\000e\000p\000i\000n\000g}{section.E.6}% 102
\BOOKMARK [2][-]{subsection.E.6.2}{\376\377\000L\000e\000g\000a\000l\000\040\000R\000e\000v\000i\000e\000w\000\040\000P\000r\000o\000c\000e\000s\000s}{section.E.6}% 103
\BOOKMARK [2][-]{subsection.E.6.3}{\376\377\000R\000i\000s\000k\000\040\000M\000i\000t\000i\000g\000a\000t\000i\000o\000n}{section.E.6}% 104
\BOOKMARK [1][-]{section.E.7}{\376\377\000I\000n\000t\000e\000r\000n\000a\000t\000i\000o\000n\000a\000l\000\040\000C\000o\000n\000s\000i\000d\000e\000r\000a\000t\000i\000o\000n\000s}{appendix.E}% 105
\BOOKMARK [2][-]{subsection.E.7.1}{\376\377\000J\000u\000r\000i\000s\000d\000i\000c\000t\000i\000o\000n\000a\000l\000\040\000V\000a\000r\000i\000a\000t\000i\000o\000n\000s}{section.E.7}% 106
\BOOKMARK [2][-]{subsection.E.7.2}{\376\377\000E\000m\000e\000r\000g\000i\000n\000g\000\040\000R\000e\000g\000u\000l\000a\000t\000i\000o\000n\000s}{section.E.7}% 107
\BOOKMARK [1][-]{section.E.8}{\376\377\000R\000e\000s\000o\000u\000r\000c\000e\000s\000\040\000a\000n\000d\000\040\000F\000u\000r\000t\000h\000e\000r\000\040\000R\000e\000a\000d\000i\000n\000g}{appendix.E}% 108
\BOOKMARK [2][-]{subsection.E.8.1}{\376\377\000L\000e\000g\000a\000l\000\040\000R\000e\000s\000o\000u\000r\000c\000e\000s}{section.E.8}% 109
\BOOKMARK [2][-]{subsection.E.8.2}{\376\377\000E\000t\000h\000i\000c\000a\000l\000\040\000G\000u\000i\000d\000e\000l\000i\000n\000e\000s}{section.E.8}% 110
