\BOOKMARK [0][-]{chapter.8}{\376\377\000R\000e\000f\000i\000n\000e\000m\000e\000n\000t\000\040\000a\000n\000d\000\040\000P\000o\000l\000i\000s\000h\000:\000\040\000T\000h\000r\000o\000u\000g\000h\000\040\000I\000t\000e\000r\000a\000t\000i\000v\000e\000\040\000G\000u\000i\000d\000a\000n\000c\000e}{}% 1
\BOOKMARK [1][-]{section.8.1}{\376\377\000T\000h\000e\000\040\000D\000i\000r\000e\000c\000t\000o\000r\000i\000a\000l\000\040\000P\000h\000i\000l\000o\000s\000o\000p\000h\000y\000\040\000o\000f\000\040\000I\000t\000e\000r\000a\000t\000i\000o\000n\000:\000\040\000F\000r\000o\000m\000\040\000M\000o\000d\000i\000f\000i\000e\000r\000\040\000t\000o\000\040\000C\000o\000-\000C\000r\000e\000a\000t\000o\000r}{chapter.8}% 2
\BOOKMARK [1][-]{section.8.2}{\376\377\000S\000y\000s\000t\000e\000m\000a\000t\000i\000c\000\040\000D\000i\000a\000g\000n\000o\000s\000i\000s\000:\000\040\000V\000i\000s\000u\000a\000l\000\040\000A\000n\000a\000l\000y\000s\000i\000s\000\040\000F\000r\000a\000m\000e\000w\000o\000r\000k}{chapter.8}% 3
\BOOKMARK [2][-]{subsection.8.2.1}{\376\377\000E\000m\000o\000t\000i\000o\000n\000a\000l\000\040\000D\000i\000a\000g\000n\000o\000s\000i\000s}{section.8.2}% 4
\BOOKMARK [2][-]{subsection.8.2.2}{\376\377\000V\000i\000s\000u\000a\000l\000\040\000D\000i\000a\000g\000n\000o\000s\000i\000s}{section.8.2}% 5
\BOOKMARK [2][-]{subsection.8.2.3}{\376\377\000N\000a\000r\000r\000a\000t\000i\000v\000e\000\040\000D\000i\000a\000g\000n\000o\000s\000i\000s}{section.8.2}% 6
\BOOKMARK [1][-]{section.8.3}{\376\377\000S\000u\000r\000g\000i\000c\000a\000l\000\040\000R\000e\000v\000i\000s\000i\000o\000n\000:\000\040\000T\000h\000e\000\040\000A\000r\000t\000\040\000o\000f\000\040\000S\000c\000a\000l\000p\000e\000l\000\040\000C\000u\000t\000t\000i\000n\000g}{chapter.8}% 7
\BOOKMARK [2][-]{subsection.8.3.1}{\376\377\000C\000a\000s\000e\000\040\0001\000:\000\040\000T\000o\000n\000a\000l\000\040\000L\000a\000y\000e\000r\000i\000n\000g\000\040\000R\000e\000v\000i\000s\000i\000o\000n}{section.8.3}% 8
\BOOKMARK [2][-]{subsection.8.3.2}{\376\377\000C\000a\000s\000e\000\040\0002\000:\000\040\000L\000i\000g\000h\000t\000i\000n\000g\000\040\000A\000d\000j\000u\000s\000t\000m\000e\000n\000t\000\040\000R\000e\000v\000i\000s\000i\000o\000n}{section.8.3}% 9
\BOOKMARK [2][-]{subsection.8.3.3}{\376\377\000C\000a\000s\000e\000\040\0003\000:\000\040\000C\000h\000a\000r\000a\000c\000t\000e\000r\000\040\000P\000s\000y\000c\000h\000o\000l\000o\000g\000y\000\040\000R\000e\000v\000i\000s\000i\000o\000n}{section.8.3}% 10
\BOOKMARK [1][-]{section.8.4}{\376\377\000E\000m\000o\000t\000i\000o\000n\000a\000l\000\040\000C\000a\000l\000i\000b\000r\000a\000t\000i\000o\000n\000:\000\040\000D\000i\000r\000e\000c\000t\000i\000n\000g\000\040\000A\000I\000\040\000C\000h\000a\000r\000a\000c\000t\000e\000r\000\040\000P\000e\000r\000f\000o\000r\000m\000a\000n\000c\000e}{chapter.8}% 11
\BOOKMARK [2][-]{subsection.8.4.1}{\376\377\000E\000m\000o\000t\000i\000o\000n\000a\000l\000\040\000L\000a\000y\000e\000r\000i\000n\000g}{section.8.4}% 12
\BOOKMARK [2][-]{subsection.8.4.2}{\376\377\000A\000c\000t\000i\000o\000n\000\040\000R\000e\000p\000l\000a\000c\000i\000n\000g\000\040\000E\000m\000o\000t\000i\000o\000n}{section.8.4}% 13
\BOOKMARK [2][-]{subsection.8.4.3}{\376\377\000E\000n\000v\000i\000r\000o\000n\000m\000e\000n\000t\000\040\000R\000e\000f\000l\000e\000c\000t\000i\000n\000g\000\040\000E\000m\000o\000t\000i\000o\000n}{section.8.4}% 14
\BOOKMARK [1][-]{section.8.5}{\376\377\000P\000r\000o\000m\000p\000t\000\040\000I\000t\000e\000r\000a\000t\000i\000o\000n\000\040\000E\000x\000a\000m\000p\000l\000e\000s\000:\000\040\000B\000e\000f\000o\000r\000e\000/\000A\000f\000t\000e\000r\000/\000R\000e\000s\000u\000l\000t\000\040\000A\000n\000a\000l\000y\000s\000i\000s}{chapter.8}% 15
\BOOKMARK [1][-]{section.8.6}{\376\377\000V\000i\000s\000u\000a\000l\000\040\000P\000o\000l\000i\000s\000h\000i\000n\000g\000:\000\040\000M\000a\000k\000i\000n\000g\000\040\000F\000r\000a\000m\000e\000s\000\040\000S\000p\000e\000a\000k}{chapter.8}% 16
\BOOKMARK [2][-]{subsection.8.6.1}{\376\377\000C\000o\000m\000p\000o\000s\000i\000t\000i\000o\000n}{section.8.6}% 17
\BOOKMARK [2][-]{subsection.8.6.2}{\376\377\000L\000i\000g\000h\000t\000i\000n\000g}{section.8.6}% 18
\BOOKMARK [2][-]{subsection.8.6.3}{\376\377\000C\000o\000l\000o\000r}{section.8.6}% 19
\BOOKMARK [1][-]{section.8.7}{\376\377\000R\000h\000y\000t\000h\000m\000\040\000a\000n\000d\000\040\000T\000i\000m\000i\000n\000g\000:\000\040\000F\000r\000a\000m\000e\000s\000\040\000A\000l\000s\000o\000\040\000B\000r\000e\000a\000t\000h\000e}{chapter.8}% 20
\BOOKMARK [1][-]{section.8.8}{\376\377\000P\000e\000r\000f\000o\000r\000m\000a\000n\000c\000e\000\040\000D\000i\000r\000e\000c\000t\000i\000o\000n\000:\000\040\000A\000d\000v\000a\000n\000c\000e\000d\000\040\000C\000h\000a\000r\000a\000c\000t\000e\000r\000\040\000A\000n\000i\000m\000a\000t\000i\000o\000n\000\040\000T\000e\000c\000h\000n\000i\000q\000u\000e\000s}{chapter.8}% 21
\BOOKMARK [2][-]{subsection.8.8.1}{\376\377\000I\000n\000t\000e\000r\000a\000c\000t\000i\000v\000e\000\040\000L\000e\000v\000e\000l}{section.8.8}% 22
\BOOKMARK [1][-]{section.8.9}{\376\377\000T\000e\000c\000h\000n\000i\000c\000a\000l\000\040\000F\000i\000x\000e\000s\000:\000\040\000T\000h\000e\000\040\000D\000i\000r\000e\000c\000t\000o\000r\000'\000s\000\040\000E\000m\000e\000r\000g\000e\000n\000c\000y\000\040\000K\000i\000t}{chapter.8}% 23
\BOOKMARK [1][-]{section.8.10}{\376\377\000S\000y\000s\000t\000e\000m\000a\000t\000i\000c\000\040\000I\000t\000e\000r\000a\000t\000i\000o\000n\000\040\000W\000o\000r\000k\000f\000l\000o\000w\000:\000\040\000F\000i\000v\000e\000-\000S\000t\000a\000g\000e\000\040\000M\000e\000t\000h\000o\000d}{chapter.8}% 24
\BOOKMARK [1][-]{section.8.11}{\376\377\000I\000t\000e\000r\000a\000t\000i\000o\000n\000\040\000C\000o\000m\000p\000l\000e\000t\000i\000o\000n\000\040\000C\000r\000i\000t\000e\000r\000i\000a\000:\000\040\000Q\000u\000a\000l\000i\000t\000y\000\040\000A\000s\000s\000e\000s\000s\000m\000e\000n\000t\000\040\000F\000r\000a\000m\000e\000w\000o\000r\000k}{chapter.8}% 25
\BOOKMARK [1][-]{section.8.12}{\376\377\000C\000o\000l\000l\000a\000b\000o\000r\000a\000t\000i\000o\000n\000\040\000a\000n\000d\000\040\000F\000e\000e\000d\000b\000a\000c\000k\000:\000\040\000I\000n\000v\000i\000t\000i\000n\000g\000\040\000H\000u\000m\000a\000n\000s\000\040\000i\000n\000t\000o\000\040\000t\000h\000e\000\040\000A\000I\000\040\000D\000i\000r\000e\000c\000t\000o\000r\000i\000a\000l\000\040\000R\000o\000o\000m}{chapter.8}% 26
\BOOKMARK [1][-]{section.8.13}{\376\377\000F\000r\000o\000m\000\040\000S\000h\000o\000t\000\040\000t\000o\000\040\000E\000n\000t\000i\000r\000e\000\040\000F\000i\000l\000m\000:\000\040\000T\000h\000e\000\040\000D\000i\000r\000e\000c\000t\000o\000r\000'\000s\000\040\000H\000o\000l\000i\000s\000t\000i\000c\000\040\000T\000h\000i\000n\000k\000i\000n\000g}{chapter.8}% 27
\BOOKMARK [1][-]{section.8.14}{\376\377\000T\000h\000e\000\040\000P\000h\000i\000l\000o\000s\000o\000p\000h\000y\000\040\000o\000f\000\040\000`\000`\000G\000o\000o\000d\000\040\000E\000n\000o\000u\000g\000h\000'\000'\000:\000\040\000C\000o\000m\000p\000l\000e\000t\000i\000o\000n\000\040\000i\000s\000\040\000F\000r\000e\000e\000d\000o\000m}{chapter.8}% 28
\BOOKMARK [1][-]{section.8.15}{\376\377\000R\000h\000y\000t\000h\000m\000i\000c\000\040\000C\000o\000n\000t\000r\000o\000l\000:\000\040\000A\000p\000p\000l\000y\000i\000n\000g\000\040\000M\000u\000s\000i\000c\000a\000l\000\040\000P\000r\000i\000n\000c\000i\000p\000l\000e\000s\000\040\000t\000o\000\040\000V\000i\000s\000u\000a\000l\000\040\000E\000d\000i\000t\000i\000n\000g}{chapter.8}% 29
